Log file open, 08/27/17 18:21:51
LogWindows: LoadLibraryWithSearchPaths failed for file aqProf.dll. GetLastError=0
LogWindows: LoadLibraryWithSearchPaths failed for file VtuneApi.dll. GetLastError=0
LogWindows: LoadLibraryWithSearchPaths failed for file VtuneApi32e.dll. GetLastError=0
LogInit: Display: Running engine for game: Running
LogPlatformFile: Not using cached read wrapper
LogInit: Display: RandInit(-161394983) SRandInit(-161394982).
LogTaskGraph: Started task graph with 5 named threads and 14 total threads with 3 sets of task threads.
LogStats: Stats thread started at 4.497106
LogD3D11RHI: Aftermath initialized
LogPluginManager: Mounting plugin Paper2D
LogPluginManager: Mounting plugin LightPropagationVolume
LogPluginManager: Mounting plugin CodeLiteSourceCodeAccess
LogPluginManager: Mounting plugin GitSourceControl
LogPluginManager: Mounting plugin KDevelopSourceCodeAccess
LogPluginManager: Mounting plugin NullSourceCodeAccess
LogPluginManager: Mounting plugin PerforceSourceControl
LogPluginManager: Mounting plugin SubversionSourceControl
LogPluginManager: Mounting plugin UObjectPlugin
LogPluginManager: Mounting plugin VisualStudioSourceCodeAccess
LogPluginManager: Mounting plugin XCodeSourceCodeAccess
LogPluginManager: Mounting plugin AssetManagerEditor
LogPluginManager: Mounting plugin AudioCapture
LogPluginManager: Mounting plugin FacialAnimation
LogPluginManager: Mounting plugin GameplayTagsEditor
LogPluginManager: Mounting plugin MobileLauncherProfileWizard
LogPluginManager: Mounting plugin PluginBrowser
LogPluginManager: Mounting plugin SpeedTreeImporter
LogPluginManager: Mounting plugin AlembicImporter
LogPluginManager: Mounting plugin CharacterAI
LogPluginManager: Mounting plugin HTML5Networking
LogPluginManager: Mounting plugin AndroidMedia
LogPluginManager: Mounting plugin AvfMedia
LogPluginManager: Mounting plugin MediaPlayerEditor
LogPluginManager: Mounting plugin WmfMedia
LogPluginManager: Mounting plugin TcpMessaging
LogPluginManager: Mounting plugin UdpMessaging
LogPluginManager: Mounting plugin LevelSequenceEditor
LogPluginManager: Mounting plugin MatineeToLevelSequence
LogPluginManager: Mounting plugin OnlineSubsystemGooglePlay
LogPluginManager: Mounting plugin OnlineSubsystemIOS
LogPluginManager: Mounting plugin OnlineSubsystem
LogPluginManager: Mounting plugin OnlineSubsystemNull
LogPluginManager: Mounting plugin OnlineSubsystemUtils
LogPluginManager: Mounting plugin AndroidDeviceProfileSelector
LogPluginManager: Mounting plugin AndroidMoviePlayer
LogPluginManager: Mounting plugin AndroidPermission
LogPluginManager: Mounting plugin AppleMoviePlayer
LogPluginManager: Mounting plugin ArchVisCharacter
LogPluginManager: Mounting plugin CableComponent
LogPluginManager: Mounting plugin CustomMeshComponent
LogPluginManager: Mounting plugin ExampleDeviceProfileSelector
LogPluginManager: Mounting plugin GoogleCloudMessaging
LogPluginManager: Mounting plugin ImmediatePhysics
LogPluginManager: Mounting plugin IOSDeviceProfileSelector
LogPluginManager: Mounting plugin LinuxDeviceProfileSelector
LogPluginManager: Mounting plugin LocationServicesBPLibrary
LogPluginManager: Mounting plugin MobilePatchingUtils
LogPluginManager: Mounting plugin OculusVR
LogPluginManager: Mounting plugin PhysXVehicles
LogPluginManager: Mounting plugin ProceduralMeshComponent
LogPluginManager: Mounting plugin RuntimePhysXCooking
LogPluginManager: Mounting plugin SteamVR
LogPluginManager: Mounting plugin WindowsMoviePlayer
LogInit: Using libcurl 7.47.1
LogInit:  - built for x86_64-pc-win32
LogInit:  - supports SSL with OpenSSL/1.0.2g
LogInit:  - supports HTTP deflate (compression) using libz 1.2.8
LogInit:  - other features:
LogInit:      CURL_VERSION_SSL
LogInit:      CURL_VERSION_LIBZ
LogInit:      CURL_VERSION_IPV6
LogInit:      CURL_VERSION_ASYNCHDNS
LogInit:      CURL_VERSION_LARGEFILE
LogInit:      CURL_VERSION_IDN
LogInit:  CurlRequestOptions (configurable via config and command line):
LogInit:  - bVerifyPeer = false  - Libcurl will NOT verify peer certificate
LogInit:  - bUseHttpProxy = false  - Libcurl will NOT use HTTP proxy
LogInit:  - bDontReuseConnections = false  - Libcurl will reuse connections
LogInit:  - CertBundlePath = nullptr  - Libcurl will use whatever was configured at build time.
LogInit: Build: ++UE4+Release-4.17-CL-3586342
LogInit: Engine Version: 4.17.1-3586342+++UE4+Release-4.17
LogInit: Compatible Engine Version: 4.17.0-3573198+++UE4+Release-4.17
LogInit: Net CL: 3573198
LogDevObjectVersion: Number of dev versions registered: 16
LogDevObjectVersion:   Dev-Blueprints (B0D832E4-1F89-4F0D-ACCF-7EB736FD4AA2): 10
LogDevObjectVersion:   Dev-Build (E1C64328-A22C-4D53-A36C-8E866417BD8C): 0
LogDevObjectVersion:   Dev-Core (375EC13C-06E4-48FB-B500-84F0262A717E): 2
LogDevObjectVersion:   Dev-Editor (E4B068ED-F494-42E9-A231-DA0B2E46BB41): 20
LogDevObjectVersion:   Dev-Framework (CFFC743F-43B0-4480-9391-14DF171D2073): 28
LogDevObjectVersion:   Dev-Mobile (B02B49B5-BB20-44E9-A304-32B752E40360): 0
LogDevObjectVersion:   Dev-Networking (A4E4105C-59A1-49B5-A7C5-40C4547EDFEE): 0
LogDevObjectVersion:   Dev-Online (39C831C9-5AE6-47DC-9A44-9C173E1C8E7C): 0
LogDevObjectVersion:   Dev-Physics (78F01B33-EBEA-4F98-B9B4-84EACCB95AA2): 0
LogDevObjectVersion:   Dev-Platform (6631380F-2D4D-43E0-8009-CF276956A95A): 0
LogDevObjectVersion:   Dev-Rendering (12F88B9F-8875-4AFC-A67C-D90C383ABD29): 19
LogDevObjectVersion:   Dev-Sequencer (7B5AE74C-D270-4C10-A958-57980B212A5A): 4
LogDevObjectVersion:   Dev-VR (D7296918-1DD6-4BDD-9DE2-64A83CC13884): 0
LogDevObjectVersion:   Dev-LoadTimes (C2A15278-BFE7-4AFE-6C17-90FF531DF755): 1
LogDevObjectVersion:   Private-Geometry (6EACA3D4-40EC-4CC1-B786-8BED09428FC5): 1
LogDevObjectVersion:   Dev-AnimPhys (29E575DD-E0A3-4627-9D10-D276232CDCEA): 7
LogInit: Compiled (64-bit): Aug 15 2017 02:05:26
LogInit: Compiled with Visual C++: 19.00.24215.01
LogInit: Build Configuration: Development
LogInit: Branch Name: ++UE4+Release-4.17
LogInit: Command line:  
LogInit: Base directory: D:/UnrealEngine/UE_4.17/Engine/Binaries/Win64/
LogInit: Installed Engine Build: 1
LogInit: Presizing for max 8388607 objects, including 0 objects not considered by GC, pre-allocating 0 bytes for permanent pool.
LogInit: Object subsystem initialized
[2017.08.27-09.21.54:151][  0]LogInit: Selected Device Profile: [Windows]
[2017.08.27-09.21.54:151][  0]LogInit: Applying CVar settings loaded from the selected device profile: [Windows]
[2017.08.27-09.21.54:355][  0]LogInit: Computer: DESKTOP-6JOGDQL
[2017.08.27-09.21.54:355][  0]LogInit: User: JWOH
[2017.08.27-09.21.54:355][  0]LogInit: CPU Page size=4096, Cores=4
[2017.08.27-09.21.54:355][  0]LogInit: High frequency timer resolution =2.531248 MHz
[2017.08.27-09.21.54:355][  0]LogMemory: Memory total: Physical=7.9GB (8GB approx)
[2017.08.27-09.21.54:355][  0]LogMemory: Platform Memory Stats for Windows
[2017.08.27-09.21.54:355][  0]LogMemory: Process Physical Memory: 280.55 MB used, 280.55 MB peak
[2017.08.27-09.21.54:355][  0]LogMemory: Process Virtual Memory: 282.36 MB used, 282.36 MB peak
[2017.08.27-09.21.54:355][  0]LogMemory: Physical Memory: 4286.56 MB used,  3769.09 MB free, 8055.66 MB total
[2017.08.27-09.21.54:355][  0]LogMemory: Virtual Memory: 677.23 MB used,  3769.09 MB free, 134217728.00 MB total
[2017.08.27-09.21.55:621][  0]LogInit: Using OS detected language (ko-KR).
[2017.08.27-09.21.55:621][  0]LogInit: Using OS detected locale (ko-KR).
[2017.08.27-09.21.55:921][  0]LogTextLocalizationManager: No specific localization for 'ko-KR' exists, so the 'ko' localization will be used.
[2017.08.27-09.22.01:580][  0]LogD3D11RHI: D3D11 adapters:
[2017.08.27-09.22.01:628][  0]LogD3D11RHI:    0. 'NVIDIA GeForce GTX 960M' (Feature Level 11_0)
[2017.08.27-09.22.01:628][  0]LogD3D11RHI:       2019/0/4027 MB DedicatedVideo/DedicatedSystem/SharedSystem, Outputs:1, VendorId:0x10de
[2017.08.27-09.22.01:642][  0]LogD3D11RHI:    1. 'Intel(R) HD Graphics 530' (Feature Level 11_0)
[2017.08.27-09.22.01:643][  0]LogD3D11RHI:       128/0/4027 MB DedicatedVideo/DedicatedSystem/SharedSystem, Outputs:0, VendorId:0x8086
[2017.08.27-09.22.01:650][  0]LogD3D11RHI:    2. 'Microsoft Basic Render Driver' (Feature Level 11_0)
[2017.08.27-09.22.01:650][  0]LogD3D11RHI:       0/0/4027 MB DedicatedVideo/DedicatedSystem/SharedSystem, Outputs:0, VendorId:0x1414
[2017.08.27-09.22.01:650][  0]LogD3D11RHI: Chosen D3D11 Adapter: 0
[2017.08.27-09.22.01:657][  0]LogD3D11RHI: Creating new Direct3DDevice
[2017.08.27-09.22.01:657][  0]LogD3D11RHI:     GPU DeviceId: 0x139b (for the marketing name, search the web for "GPU Device Id")
[2017.08.27-09.22.01:657][  0]LogWindows: EnumDisplayDevices:
[2017.08.27-09.22.01:657][  0]LogWindows:    0. 'Intel(R) HD Graphics 530' (P:1 D:1)
[2017.08.27-09.22.01:658][  0]LogWindows:    1. 'Intel(R) HD Graphics 530' (P:0 D:0)
[2017.08.27-09.22.01:658][  0]LogWindows:    2. 'Intel(R) HD Graphics 530' (P:0 D:0)
[2017.08.27-09.22.01:659][  0]LogWindows: DebugString: PrimaryIsNotTheChoosenAdapter PrimaryIsNotTheChoosenAdapter PrimaryIsNotTheChoosenAdapter FoundDriverCount:0 
[2017.08.27-09.22.01:659][  0]LogD3D11RHI:     Adapter Name: NVIDIA GeForce GTX 960M
[2017.08.27-09.22.01:659][  0]LogD3D11RHI:   Driver Version: Unknown (internal:Unknown, unified:Unknown)
[2017.08.27-09.22.01:659][  0]LogD3D11RHI:      Driver Date: Unknown
[2017.08.27-09.22.01:659][  0]LogRHI: Texture pool is 1361 MB (70% of 1945 MB)
[2017.08.27-09.22.01:688][  0]LogD3D11RHI: Async texture creation enabled
[2017.08.27-09.22.02:043][  0]LogD3D11RHI: GPU Timing Frequency: 1000.000000 (Debug: 2 1)
[2017.08.27-09.22.02:131][  0]LogShaderCompilers: Guid format shader working directory is -15 characters bigger than the processId version (../../../../../NewGarden/GardenProject/DaeguCasualGame/Running/Intermediate/Shaders/WorkingDirectory/6992/).
[2017.08.27-09.22.02:132][  0]LogShaderCompilers: Cleaned the shader compiler working directory 'C:/Users/J.W OH/AppData/Local/Temp/UnrealShaderWorkingDir/2B52AECD4A1A8086AD2525834A010444/'.
[2017.08.27-09.22.02:143][  0]LogShaderCompilers: Display: Using Local Shader Compiler.
[2017.08.27-09.22.07:802][  0]LogTemp: Display: Loaded TP AllDesktopTargetPlatform
[2017.08.27-09.22.07:906][  0]LogTemp: Display: Loaded TP MacClientTargetPlatform
[2017.08.27-09.22.08:013][  0]LogTemp: Display: Loaded TP MacNoEditorTargetPlatform
[2017.08.27-09.22.08:111][  0]LogTemp: Display: Loaded TP MacServerTargetPlatform
[2017.08.27-09.22.08:250][  0]LogTemp: Display: Loaded TP MacTargetPlatform
[2017.08.27-09.22.08:347][  0]LogTemp: Display: Loaded TP WindowsClientTargetPlatform
[2017.08.27-09.22.08:431][  0]LogTemp: Display: Loaded TP WindowsNoEditorTargetPlatform
[2017.08.27-09.22.08:523][  0]LogTemp: Display: Loaded TP WindowsServerTargetPlatform
[2017.08.27-09.22.08:613][  0]LogTemp: Display: Loaded TP WindowsTargetPlatform
[2017.08.27-09.22.08:759][  0]LogTemp: Display: Loaded TP AndroidTargetPlatform
[2017.08.27-09.22.08:848][  0]LogTemp: Display: Loaded TP Android_ASTCTargetPlatform
[2017.08.27-09.22.08:928][  0]LogTemp: Display: Loaded TP Android_ATCTargetPlatform
[2017.08.27-09.22.09:028][  0]LogTemp: Display: Loaded TP Android_DXTTargetPlatform
[2017.08.27-09.22.09:135][  0]LogTemp: Display: Loaded TP Android_ETC1TargetPlatform
[2017.08.27-09.22.09:234][  0]LogTemp: Display: Loaded TP Android_ETC2TargetPlatform
[2017.08.27-09.22.09:453][  0]LogTemp: Display: Loaded TP Android_MultiTargetPlatform
[2017.08.27-09.22.09:453][  0]LogTemp: Display: Loaded TP Android_PVRTCTargetPlatform
[2017.08.27-09.22.09:547][  0]LogTemp: Display: Loaded TP HTML5TargetPlatform
[2017.08.27-09.22.09:901][  0]LogTemp: Display: Loaded TP IOSTargetPlatform
[2017.08.27-09.22.09:937][  0]LogTemp: Display: Loaded TP TVOSTargetPlatform
[2017.08.27-09.22.10:047][  0]LogTemp: Display: Loaded TP LinuxClientTargetPlatform
[2017.08.27-09.22.10:155][  0]LogTemp: Display: Loaded TP LinuxNoEditorTargetPlatform
[2017.08.27-09.22.10:251][  0]LogTemp: Display: Loaded TP LinuxServerTargetPlatform
[2017.08.27-09.22.10:393][  0]LogTemp: Display: Loaded TP LinuxTargetPlatform
[2017.08.27-09.22.10:394][  0]LogTargetPlatformManager: Display: Building Assets For Windows
[2017.08.27-09.22.12:574][  0]LogDerivedDataCache: Display: Max Cache Size: 512 MB
[2017.08.27-09.22.13:024][  0]LogDerivedDataCache: Loaded boot cache 0.45s 93MB C:/Users/J.W OH/AppData/Local/UnrealEngine/4.17/DerivedDataCache/Boot.ddc.
[2017.08.27-09.22.13:024][  0]LogDerivedDataCache: Display: Loaded Boot cache: C:/Users/J.W OH/AppData/Local/UnrealEngine/4.17/DerivedDataCache/Boot.ddc
[2017.08.27-09.22.13:025][  0]LogDerivedDataCache: FDerivedDataBackendGraph:  Pak pak cache file ../../../../../NewGarden/GardenProject/DaeguCasualGame/Running/DerivedDataCache/DDC.ddp not found, will not use a pak cache.
[2017.08.27-09.22.13:025][  0]LogDerivedDataCache: Unable to find inner node Pak for hierarchical cache Hierarchy.
[2017.08.27-09.22.13:025][  0]LogDerivedDataCache: FDerivedDataBackendGraph:  CompressedPak pak cache file ../../../../../NewGarden/GardenProject/DaeguCasualGame/Running/DerivedDataCache/Compressed.ddp not found, will not use a pak cache.
[2017.08.27-09.22.13:025][  0]LogDerivedDataCache: Unable to find inner node CompressedPak for hierarchical cache Hierarchy.
[2017.08.27-09.22.13:171][  0]LogDerivedDataCache: Display: Pak cache opened for reading ../../../Engine/DerivedDataCache/Compressed.ddp.
[2017.08.27-09.22.13:184][  0]LogDerivedDataCache: Using Local data cache path C:/Users/J.W OH/AppData/Local/UnrealEngine/Common/DerivedDataCache: Writable
[2017.08.27-09.22.13:263][  0]LogMaterial: Verifying Global Shaders for PCD3D_SM5
[2017.08.27-09.22.13:323][  0]LogSlate: Using Freetype 2.6.0
[2017.08.27-09.22.13:432][  0]LogSlate: SlateFontCache - WITH_FREETYPE: 1, WITH_HARFBUZZ: 1
[2017.08.27-09.22.13:445][  0]LogSlate: SlateFontCache - WITH_FREETYPE: 1, WITH_HARFBUZZ: 1
[2017.08.27-09.22.23:149][  0]LogAssetRegistry: FAssetRegistry took 0.0363 seconds to start up
[2017.08.27-09.22.25:797][  0]LogInit: Selected Device Profile: [Windows]
[2017.08.27-09.22.30:560][  0]LogContentStreaming: Texture pool size is 0.00 MB
[2017.08.27-09.22.31:955][  0]LogSimplygon: Simplygon DLL not present - disabling.
[2017.08.27-09.22.32:082][  0]LogMeshReduction: Using SimplygonSwarm for distributed automatic mesh merging
[2017.08.27-09.22.32:091][  0]LogMeshReduction: Using QuadricMeshReduction for automatic static mesh reduction
[2017.08.27-09.22.32:091][  0]LogMeshReduction: No automatic skeletal mesh reduction module available
[2017.08.27-09.22.32:091][  0]LogMeshReduction: No automatic mesh merging module available
[2017.08.27-09.22.32:091][  0]LogMeshMerging: No automatic mesh merging module available
[2017.08.27-09.22.35:521][  0]LogNetVersion: Running , NetCL: 3573198, EngineNetVer: 2, GameNetVer: 0 (Checksum: 2171864424)
[2017.08.27-09.22.37:439][  0]LogPackageLocalizationCache: Processed 5 localized package path(s) for 2 prioritized culture(s) in 0.154840 seconds
[2017.08.27-09.22.37:469][  0]LogUObjectArray: 35825 objects as part of root set at end of initial load.
[2017.08.27-09.22.37:469][  0]LogUObjectAllocator: 7529104 out of 0 bytes used by permanent object pool.
[2017.08.27-09.22.37:469][  0]LogUObjectArray: CloseDisregardForGC: 0/0 objects in disregard for GC pool
[2017.08.27-09.22.37:521][  0]LogInit: WinSock: version 1.1 (2.2), MaxSocks=32767, MaxUdp=65467
[2017.08.27-09.22.54:732][  0]LogTcpMessaging: Initializing TcpMessaging bridge
[2017.08.27-09.22.54:791][  0]LogUdpMessaging: Initializing bridge on interface 0.0.0.0:0 to multicast group 230.0.0.1:6666.
[2017.08.27-09.22.56:822][  0]LogMaterial: Uniform references updated for custom material expression Custom.
[2017.08.27-09.22.57:909][  0]SourceControl: 소스 콘트롤이 꺼졌습니다.
[2017.08.27-09.22.57:909][  0]SourceControl: 소스 콘트롤이 꺼졌습니다.
[2017.08.27-09.22.58:059][  0]SourceControl: 소스 콘트롤이 꺼졌습니다.
[2017.08.27-09.22.58:145][  0]SourceControl: 소스 콘트롤이 꺼졌습니다.
[2017.08.27-09.22.59:486][  0]LogAndroidPermission: UAndroidPermissionCallbackProxy::GetInstance
[2017.08.27-09.22.59:863][  0]LogOcInput: OculusInput pre-init called
[2017.08.27-09.23.00:736][  0]LogEngine: Initializing Engine...
[2017.08.27-09.23.00:779][  0]LogHMD: Failed to initialize OpenVR with code 110
[2017.08.27-09.23.01:641][  0]LogStats: UGameplayTagsManager::ConstructGameplayTagTree: Construct from data asset -  0.000 s
[2017.08.27-09.23.01:642][  0]LogStats: UGameplayTagsManager::ConstructGameplayTagTree: GameplayTagTreeChangedEvent.Broadcast -  0.000 s
[2017.08.27-09.23.02:267][  0]LogAIModule: Creating AISystem for world Untitled
[2017.08.27-09.23.02:405][  0]LogInit: XAudio2 using '스피커(Realtek High Definition Audio(SST))' : 2 channels at 48 kHz using 32 bits per sample (channel mask 0x3)
[2017.08.27-09.23.03:015][  0]LogInit: FAudioDevice initialized.
[2017.08.27-09.23.03:143][  0]LogDerivedDataCache: Saved boot cache 0.13s 93MB C:/Users/J.W OH/AppData/Local/UnrealEngine/4.17/DerivedDataCache/Boot.ddc.
[2017.08.27-09.23.03:163][  0]LogInit: Texture streaming: Enabled
[2017.08.27-09.23.03:375][  0]LogEngineSessionManager: EngineSessionManager initialized
[2017.08.27-09.23.04:171][  0]LogInit: Transaction tracking system initialized
[2017.08.27-09.23.05:028][  0]BlueprintLog: New page: 에디터 로드
[2017.08.27-09.23.07:528][  0]LocalizationService: 현지화 서비스가 비활성화되었습니다.
[2017.08.27-09.23.09:660][  0]LogConsoleResponse: Display: 
[2017.08.27-09.23.13:394][  0]LogFileCache: Scanning file cache for directory 'D:/NewGarden/GardenProject/DaeguCasualGame/Running/Content/' took 0.11s
[2017.08.27-09.23.13:394][  0]LogCook: Display: Max memory allowance for cook 16384mb min free memory 0mb
[2017.08.27-09.23.13:394][  0]LogCook: Display: Mobile HDR setting 1
[2017.08.27-09.23.13:422][  0]LogGameplayTags: Display: UGameplayTagsManager::DoneAddingNativeTags. DelegateIsBound: 0
[2017.08.27-09.23.17:246][  0]SourceControl: 소스 콘트롤이 꺼졌습니다.
[2017.08.27-09.23.17:306][  0]Cmd: MAP LOAD FILE="../../../../../NewGarden/GardenProject/DaeguCasualGame/Running/Content/ThirdPersonBP/Maps/ThirdPersonExampleMap.umap" TEMPLATE=0 SHOWPROGRESS=1 FEATURELEVEL=3
[2017.08.27-09.23.17:334][  0]LightingResults: New page: 라이팅 빌드
[2017.08.27-09.23.17:507][  0]MapCheck: New page: 맵 체크
[2017.08.27-09.23.17:507][  0]LightingResults: New page: 라이팅 빌드
[2017.08.27-09.23.19:648][  0]LogAIModule: Creating AISystem for world ThirdPersonExampleMap
[2017.08.27-09.23.20:265][  0]LogEditorServer: Finished looking for orphan Actors (0.000 secs)
[2017.08.27-09.23.20:391][  0]Cmd: MAP CHECKDEP NOCLEARLOG
[2017.08.27-09.23.20:470][  0]MapCheck: 맵 체크 완료: 오류 0 회, 경고 0 회, 소요 시간 79.234ms.
[2017.08.27-09.23.20:470][  0]LogFileHelpers: Loading map 'ThirdPersonExampleMap' took 3.176
[2017.08.27-09.23.22:116][  0]LogCollectionManager: Loaded 0 collections in 0.032881 seconds
[2017.08.27-09.23.22:343][  0]LogFileCache: Scanning file cache for directory 'D:/NewGarden/GardenProject/DaeguCasualGame/Running/Saved/Collections/' took 0.01s
[2017.08.27-09.23.22:343][  0]LogFileCache: Scanning file cache for directory 'D:/NewGarden/GardenProject/DaeguCasualGame/Running/Content/Developers/JWOH/Collections/' took 0.01s
[2017.08.27-09.23.22:343][  0]LogFileCache: Scanning file cache for directory 'D:/NewGarden/GardenProject/DaeguCasualGame/Running/Content/Collections/' took 0.01s
[2017.08.27-09.23.22:343][  0]LogCollectionManager: Rebuilt the GUID cache for 0 collections in 0.000000 seconds
[2017.08.27-09.23.22:367][  0]LogContentBrowser: Native class hierarchy populated in 0.0127 seconds. Added 2386 classes and 500 folders.
[2017.08.27-09.23.22:522][  0]LogContentBrowser: Native class hierarchy updated for 'WidgetCarousel' in 0.0009 seconds. Added 0 classes and 0 folders.
[2017.08.27-09.23.23:678][  0]LogContentBrowser: Native class hierarchy updated for 'AddContentDialog' in 0.0007 seconds. Added 0 classes and 0 folders.
[2017.08.27-09.23.23:886][  0]LogContentBrowser: Native class hierarchy updated for 'SceneOutliner' in 0.0020 seconds. Added 1 classes and 2 folders.
[2017.08.27-09.23.29:349][  0]LogSlate: Took 0.069565 seconds to synchronously load lazily loaded font '../../../Engine/Content/Slate/Fonts/Roboto-Regular.ttf' (155K)
[2017.08.27-09.23.29:445][  0]LogTemp: Executing iPhonePackager certificates Engine -bundlename com.YourCompany.Running
[2017.08.27-09.23.29:445][  0]LogTemp: CWD: D:\UnrealEngine\UE_4.17\Engine\Binaries\DotNET\IOS
[2017.08.27-09.23.29:445][  0]LogTemp: Initial Dir: D:\UnrealEngine\UE_4.17
[2017.08.27-09.23.29:445][  0]LogTemp: Env CWD: D:\UnrealEngine\UE_4.17\Engine\Binaries\DotNET\IOS
[2017.08.27-09.23.29:445][  0]LogTemp: BranchPath = DESKTOP-6JOGDQL/D/UnrealEngine/UE_4.17/Engine/Binaries --- GameBranchPath = DESKTOP-6JOGDQL/D/UnrealEngine/UE_4.17/Engine/Binaries
[2017.08.27-09.23.29:445][  0]LogTemp: MATCHED-Provision:,File:,Cert:
[2017.08.27-09.23.29:445][  0]LogSlate: Took 0.080213 seconds to synchronously load lazily loaded font '../../../Engine/Content/Slate/Fonts/NanumGothic.ttf' (4243K)
[2017.08.27-09.23.29:465][  0]LogSlate: Took 0.018440 seconds to synchronously load lazily loaded font '../../../Engine/Content/Slate/Fonts/Roboto-Bold.ttf' (160K)
[2017.08.27-09.23.29:530][  0]LogSlate: Took 0.017839 seconds to synchronously load lazily loaded font '../../../Engine/Content/Editor/Slate/Fonts/FontAwesome.ttf' (139K)
[2017.08.27-09.23.30:125][  0]LogRenderer: Reallocating scene render targets to support 1208x576 Format 10 NumSamples 1 (Frame:1).
[2017.08.27-09.23.34:010][  0]LogContentBrowser: Native class hierarchy updated for 'HierarchicalLODOutliner' in 0.0007 seconds. Added 1 classes and 2 folders.
[2017.08.27-09.23.34:010][  0]LogLoad: (Engine Initialization) Total time: 118.98 seconds
[2017.08.27-09.23.34:010][  0]LogLoad: (Engine Initialization) Total Blueprint compile time: 0.00 seconds
[2017.08.27-09.23.34:010][  0]LogExternalProfiler: Found external profiler: VSPerf
[2017.08.27-09.23.34:010][  0]LogExternalProfiler: Using external profiler: VSPerf
[2017.08.27-09.23.34:498][  0]LogContentStreaming: Texture pool size now 1000 MB
[2017.08.27-09.23.34:706][  0]LogSlate: Took 0.025165 seconds to synchronously load lazily loaded font '../../../Engine/Content/Slate/Fonts/Roboto-Light.ttf' (159K)
[2017.08.27-09.23.35:077][  2]LogAssetRegistry: Asset discovery search completed in 71.9497 seconds
[2017.08.27-09.23.35:080][  2]LogCollectionManager: Rebuilt the object cache for 0 collections in 0.000001 seconds (found 0 objects)
[2017.08.27-09.23.35:080][  2]LogCollectionManager: Fixed up redirectors for 0 collections in 0.000094 seconds (updated 0 objects)
[2017.08.27-09.23.35:416][  3]LogSlate: Took 0.000378 seconds to synchronously load lazily loaded font '../../../Engine/Content/Slate/Fonts/Roboto-Light.ttf' (159K)
[2017.08.27-09.23.43:495][255]LogTemp: Repeating last play command: 선택된 뷰포트
[2017.08.27-09.23.43:704][255]LogBlueprintUserMessages: Early PlayInEditor Detection: Level '/Game/ThirdPersonBP/Maps/ThirdPersonExampleMap.ThirdPersonExampleMap:PersistentLevel' has LevelScriptBlueprint '/Game/ThirdPersonBP/Maps/ThirdPersonExampleMap.ThirdPersonExampleMap:PersistentLevel.ThirdPersonExampleMap' with GeneratedClass '/Game/ThirdPersonBP/Maps/ThirdPersonExampleMap.ThirdPersonExampleMap_C' with ClassGeneratedBy '/Game/ThirdPersonBP/Maps/ThirdPersonExampleMap.ThirdPersonExampleMap:PersistentLevel.ThirdPersonExampleMap'
[2017.08.27-09.23.43:704][255]LogPlayLevel: PlayLevel: No blueprints needed recompiling
[2017.08.27-09.23.43:743][255]PIE: New page: PIE 세션: ThirdPersonExampleMap (2017. 8. 28. 오전 3:23:43)
[2017.08.27-09.23.43:743][255]LogPlayLevel: Creating play world package: /Game/ThirdPersonBP/Maps/UEDPIE_0_ThirdPersonExampleMap
[2017.08.27-09.23.43:796][255]LogPlayLevel: PIE: StaticDuplicateObject took: (0.052124s)
[2017.08.27-09.23.43:797][255]LogAIModule: Creating AISystem for world ThirdPersonExampleMap
[2017.08.27-09.23.43:797][255]LogPlayLevel: PIE: World Init took: (0.001274s)
[2017.08.27-09.23.43:797][255]LogPlayLevel: PIE: Created PIE world by copying editor world from /Game/ThirdPersonBP/Maps/ThirdPersonExampleMap.ThirdPersonExampleMap to /Game/ThirdPersonBP/Maps/UEDPIE_0_ThirdPersonExampleMap.ThirdPersonExampleMap (0.053890s)
[2017.08.27-09.23.43:853][255]LogInit: XAudio2 using '스피커(Realtek High Definition Audio(SST))' : 2 channels at 48 kHz using 32 bits per sample (channel mask 0x3)
[2017.08.27-09.23.43:868][255]LogInit: FAudioDevice initialized.
[2017.08.27-09.23.43:975][255]LogLoad: Game class is 'ThirdPersonGameMode_C'
[2017.08.27-09.23.44:022][255]LogWorld: Bringing World /Game/ThirdPersonBP/Maps/UEDPIE_0_ThirdPersonExampleMap.ThirdPersonExampleMap up for play (max tick rate 60) at 2017.08.27-18.23.44
[2017.08.27-09.23.44:049][255]LogWorld: Bringing up level for play took: 0.027709
[2017.08.27-09.23.44:199][255]LogContentBrowser: Native class hierarchy updated for 'MovieSceneCapture' in 0.0008 seconds. Added 11 classes and 0 folders.
[2017.08.27-09.23.44:380][255]PIE: /Game/ThirdPersonBP/Maps/UEDPIE_0_ThirdPersonExampleMap 에 대한 에디터에서 플레이 시작 시간: 0.218
[2017.08.27-09.23.44:380][255]LogBlueprintUserMessages: Late PlayInEditor Detection: Level '/Game/ThirdPersonBP/Maps/ThirdPersonExampleMap.ThirdPersonExampleMap:PersistentLevel' has LevelScriptBlueprint '/Game/ThirdPersonBP/Maps/ThirdPersonExampleMap.ThirdPersonExampleMap:PersistentLevel.ThirdPersonExampleMap' with GeneratedClass '/Game/ThirdPersonBP/Maps/ThirdPersonExampleMap.ThirdPersonExampleMap_C' with ClassGeneratedBy '/Game/ThirdPersonBP/Maps/ThirdPersonExampleMap.ThirdPersonExampleMap:PersistentLevel.ThirdPersonExampleMap'
[2017.08.27-09.26.48:219][735]LogBlueprintUserMessages: Early EndPlayMap Detection: Level '/Game/ThirdPersonBP/Maps/ThirdPersonExampleMap.ThirdPersonExampleMap:PersistentLevel' has LevelScriptBlueprint '/Game/ThirdPersonBP/Maps/ThirdPersonExampleMap.ThirdPersonExampleMap:PersistentLevel.ThirdPersonExampleMap' with GeneratedClass '/Game/ThirdPersonBP/Maps/ThirdPersonExampleMap.ThirdPersonExampleMap_C' with ClassGeneratedBy '/Game/ThirdPersonBP/Maps/ThirdPersonExampleMap.ThirdPersonExampleMap:PersistentLevel.ThirdPersonExampleMap'
[2017.08.27-09.26.48:278][735]LogBlueprintUserMessages: Late EndPlayMap Detection: Level '/Game/ThirdPersonBP/Maps/ThirdPersonExampleMap.ThirdPersonExampleMap:PersistentLevel' has LevelScriptBlueprint '/Game/ThirdPersonBP/Maps/ThirdPersonExampleMap.ThirdPersonExampleMap:PersistentLevel.ThirdPersonExampleMap' with GeneratedClass '/Game/ThirdPersonBP/Maps/ThirdPersonExampleMap.ThirdPersonExampleMap_C' with ClassGeneratedBy '/Game/ThirdPersonBP/Maps/ThirdPersonExampleMap.ThirdPersonExampleMap:PersistentLevel.ThirdPersonExampleMap'
[2017.08.27-09.26.54:720][101]LogSlate: Took 0.019603 seconds to synchronously load lazily loaded font '../../../Engine/Content/Slate/Fonts/Roboto-Light.ttf' (159K)
[2017.08.27-09.26.55:400][101]LogSlate: Took 0.000241 seconds to synchronously load lazily loaded font '../../../Engine/Content/Slate/Fonts/Roboto-Regular.ttf' (155K)
[2017.08.27-09.26.56:195][101]LogContentBrowser: Native class hierarchy updated for 'BlueprintGraph' in 0.0012 seconds. Added 113 classes and 0 folders.
[2017.08.27-09.26.58:113][101]LogSlate: Took 0.020089 seconds to synchronously load lazily loaded font '../../../Engine/Content/Editor/Slate/Fonts/Roboto-BoldCondensed.ttf' (158K)
[2017.08.27-09.26.58:626][102]LogSlate: Took 0.021273 seconds to synchronously load lazily loaded font '../../../Engine/Content/Editor/Slate/Fonts/Roboto-Italic.ttf' (157K)
[2017.08.27-09.27.21:393][352]BlueprintLog: New page: ThirdPersonGameMode 컴파일
[2017.08.27-09.27.24:496][497]LogTemp: Repeating last play command: 선택된 뷰포트
[2017.08.27-09.27.24:525][497]LogBlueprintUserMessages: Early PlayInEditor Detection: Level '/Game/ThirdPersonBP/Maps/ThirdPersonExampleMap.ThirdPersonExampleMap:PersistentLevel' has LevelScriptBlueprint '/Game/ThirdPersonBP/Maps/ThirdPersonExampleMap.ThirdPersonExampleMap:PersistentLevel.ThirdPersonExampleMap' with GeneratedClass '/Game/ThirdPersonBP/Maps/ThirdPersonExampleMap.ThirdPersonExampleMap_C' with ClassGeneratedBy '/Game/ThirdPersonBP/Maps/ThirdPersonExampleMap.ThirdPersonExampleMap:PersistentLevel.ThirdPersonExampleMap'
[2017.08.27-09.27.24:525][497]LogPlayLevel: PlayLevel: No blueprints needed recompiling
[2017.08.27-09.27.24:526][497]PIE: New page: PIE 세션: ThirdPersonExampleMap (2017. 8. 28. 오전 3:27:24)
[2017.08.27-09.27.24:526][497]LogPlayLevel: Creating play world package: /Game/ThirdPersonBP/Maps/UEDPIE_0_ThirdPersonExampleMap
[2017.08.27-09.27.24:553][497]LogPlayLevel: PIE: StaticDuplicateObject took: (0.027383s)
[2017.08.27-09.27.24:555][497]LogAIModule: Creating AISystem for world ThirdPersonExampleMap
[2017.08.27-09.27.24:555][497]LogPlayLevel: PIE: World Init took: (0.001780s)
[2017.08.27-09.27.24:555][497]LogPlayLevel: PIE: Created PIE world by copying editor world from /Game/ThirdPersonBP/Maps/ThirdPersonExampleMap.ThirdPersonExampleMap to /Game/ThirdPersonBP/Maps/UEDPIE_0_ThirdPersonExampleMap.ThirdPersonExampleMap (0.029626s)
[2017.08.27-09.27.24:615][497]LogInit: XAudio2 using '스피커(Realtek High Definition Audio(SST))' : 2 channels at 48 kHz using 32 bits per sample (channel mask 0x3)
[2017.08.27-09.27.24:629][497]LogInit: FAudioDevice initialized.
[2017.08.27-09.27.24:660][497]LogLoad: Game class is 'ThirdPersonGameMode_C'
[2017.08.27-09.27.24:663][497]LogWorld: Bringing World /Game/ThirdPersonBP/Maps/UEDPIE_0_ThirdPersonExampleMap.ThirdPersonExampleMap up for play (max tick rate 60) at 2017.08.27-18.27.24
[2017.08.27-09.27.24:663][497]LogWorld: Bringing up level for play took: 0.001236
[2017.08.27-09.27.24:668][497]PIE: /Game/ThirdPersonBP/Maps/UEDPIE_0_ThirdPersonExampleMap 에 대한 에디터에서 플레이 시작 시간: 0.506
[2017.08.27-09.27.24:668][497]LogBlueprintUserMessages: Late PlayInEditor Detection: Level '/Game/ThirdPersonBP/Maps/ThirdPersonExampleMap.ThirdPersonExampleMap:PersistentLevel' has LevelScriptBlueprint '/Game/ThirdPersonBP/Maps/ThirdPersonExampleMap.ThirdPersonExampleMap:PersistentLevel.ThirdPersonExampleMap' with GeneratedClass '/Game/ThirdPersonBP/Maps/ThirdPersonExampleMap.ThirdPersonExampleMap_C' with ClassGeneratedBy '/Game/ThirdPersonBP/Maps/ThirdPersonExampleMap.ThirdPersonExampleMap:PersistentLevel.ThirdPersonExampleMap'
[2017.08.27-09.27.48:658][644]LogBlueprintUserMessages: Early EndPlayMap Detection: Level '/Game/ThirdPersonBP/Maps/ThirdPersonExampleMap.ThirdPersonExampleMap:PersistentLevel' has LevelScriptBlueprint '/Game/ThirdPersonBP/Maps/ThirdPersonExampleMap.ThirdPersonExampleMap:PersistentLevel.ThirdPersonExampleMap' with GeneratedClass '/Game/ThirdPersonBP/Maps/ThirdPersonExampleMap.ThirdPersonExampleMap_C' with ClassGeneratedBy '/Game/ThirdPersonBP/Maps/ThirdPersonExampleMap.ThirdPersonExampleMap:PersistentLevel.ThirdPersonExampleMap'
[2017.08.27-09.27.48:698][644]LogBlueprintUserMessages: Late EndPlayMap Detection: Level '/Game/ThirdPersonBP/Maps/ThirdPersonExampleMap.ThirdPersonExampleMap:PersistentLevel' has LevelScriptBlueprint '/Game/ThirdPersonBP/Maps/ThirdPersonExampleMap.ThirdPersonExampleMap:PersistentLevel.ThirdPersonExampleMap' with GeneratedClass '/Game/ThirdPersonBP/Maps/ThirdPersonExampleMap.ThirdPersonExampleMap_C' with ClassGeneratedBy '/Game/ThirdPersonBP/Maps/ThirdPersonExampleMap.ThirdPersonExampleMap:PersistentLevel.ThirdPersonExampleMap'
[2017.08.27-09.28.02:326][291]LogRenderer: Reallocating scene render targets to support 1208x696 Format 10 NumSamples 1 (Frame:1).
[2017.08.27-09.28.11:633][714]BlueprintLog: New page: FloorTile 컴파일
[2017.08.27-09.28.13:495][783]LogTemp: Repeating last play command: 선택된 뷰포트
[2017.08.27-09.28.13:539][783]LogBlueprintUserMessages: Early PlayInEditor Detection: Level '/Game/ThirdPersonBP/Maps/ThirdPersonExampleMap.ThirdPersonExampleMap:PersistentLevel' has LevelScriptBlueprint '/Game/ThirdPersonBP/Maps/ThirdPersonExampleMap.ThirdPersonExampleMap:PersistentLevel.ThirdPersonExampleMap' with GeneratedClass '/Game/ThirdPersonBP/Maps/ThirdPersonExampleMap.ThirdPersonExampleMap_C' with ClassGeneratedBy '/Game/ThirdPersonBP/Maps/ThirdPersonExampleMap.ThirdPersonExampleMap:PersistentLevel.ThirdPersonExampleMap'
[2017.08.27-09.28.13:539][783]LogPlayLevel: PlayLevel: No blueprints needed recompiling
[2017.08.27-09.28.13:539][783]PIE: New page: PIE 세션: ThirdPersonExampleMap (2017. 8. 28. 오전 3:28:13)
[2017.08.27-09.28.13:539][783]LogPlayLevel: Creating play world package: /Game/ThirdPersonBP/Maps/UEDPIE_0_ThirdPersonExampleMap
[2017.08.27-09.28.13:564][783]LogPlayLevel: PIE: StaticDuplicateObject took: (0.024597s)
[2017.08.27-09.28.13:565][783]LogAIModule: Creating AISystem for world ThirdPersonExampleMap
[2017.08.27-09.28.13:566][783]LogPlayLevel: PIE: World Init took: (0.001484s)
[2017.08.27-09.28.13:566][783]LogPlayLevel: PIE: Created PIE world by copying editor world from /Game/ThirdPersonBP/Maps/ThirdPersonExampleMap.ThirdPersonExampleMap to /Game/ThirdPersonBP/Maps/UEDPIE_0_ThirdPersonExampleMap.ThirdPersonExampleMap (0.026640s)
[2017.08.27-09.28.13:596][783]LogInit: XAudio2 using '스피커(Realtek High Definition Audio(SST))' : 2 channels at 48 kHz using 32 bits per sample (channel mask 0x3)
[2017.08.27-09.28.13:612][783]LogInit: FAudioDevice initialized.
[2017.08.27-09.28.13:642][783]LogLoad: Game class is 'ThirdPersonGameMode_C'
[2017.08.27-09.28.13:644][783]LogWorld: Bringing World /Game/ThirdPersonBP/Maps/UEDPIE_0_ThirdPersonExampleMap.ThirdPersonExampleMap up for play (max tick rate 60) at 2017.08.27-18.28.13
[2017.08.27-09.28.13:644][783]LogWorld: Bringing up level for play took: 0.001103
[2017.08.27-09.28.13:649][783]PIE: /Game/ThirdPersonBP/Maps/UEDPIE_0_ThirdPersonExampleMap 에 대한 에디터에서 플레이 시작 시간: -0.513
[2017.08.27-09.28.13:649][783]LogBlueprintUserMessages: Late PlayInEditor Detection: Level '/Game/ThirdPersonBP/Maps/ThirdPersonExampleMap.ThirdPersonExampleMap:PersistentLevel' has LevelScriptBlueprint '/Game/ThirdPersonBP/Maps/ThirdPersonExampleMap.ThirdPersonExampleMap:PersistentLevel.ThirdPersonExampleMap' with GeneratedClass '/Game/ThirdPersonBP/Maps/ThirdPersonExampleMap.ThirdPersonExampleMap_C' with ClassGeneratedBy '/Game/ThirdPersonBP/Maps/ThirdPersonExampleMap.ThirdPersonExampleMap:PersistentLevel.ThirdPersonExampleMap'
[2017.08.27-09.28.20:926][120]LogBlueprintUserMessages: Early EndPlayMap Detection: Level '/Game/ThirdPersonBP/Maps/ThirdPersonExampleMap.ThirdPersonExampleMap:PersistentLevel' has LevelScriptBlueprint '/Game/ThirdPersonBP/Maps/ThirdPersonExampleMap.ThirdPersonExampleMap:PersistentLevel.ThirdPersonExampleMap' with GeneratedClass '/Game/ThirdPersonBP/Maps/ThirdPersonExampleMap.ThirdPersonExampleMap_C' with ClassGeneratedBy '/Game/ThirdPersonBP/Maps/ThirdPersonExampleMap.ThirdPersonExampleMap:PersistentLevel.ThirdPersonExampleMap'
[2017.08.27-09.28.20:964][120]LogBlueprintUserMessages: Late EndPlayMap Detection: Level '/Game/ThirdPersonBP/Maps/ThirdPersonExampleMap.ThirdPersonExampleMap:PersistentLevel' has LevelScriptBlueprint '/Game/ThirdPersonBP/Maps/ThirdPersonExampleMap.ThirdPersonExampleMap:PersistentLevel.ThirdPersonExampleMap' with GeneratedClass '/Game/ThirdPersonBP/Maps/ThirdPersonExampleMap.ThirdPersonExampleMap_C' with ClassGeneratedBy '/Game/ThirdPersonBP/Maps/ThirdPersonExampleMap.ThirdPersonExampleMap:PersistentLevel.ThirdPersonExampleMap'
[2017.08.27-09.37.10:951][160]LogFileHelpers: Editor autosave (incl. sublevels) for '/Game/ThirdPersonBP/Maps/ThirdPersonExampleMap' took 0.028
[2017.08.27-09.37.11:563][160]OBJ SavePackage: Generating thumbnails for [0] asset(s) in package [/Game/ThirdPersonBP/Blueprints/ThirdPersonGameMode] ([1] browsable assets)...
[2017.08.27-09.37.11:577][160]OBJ SavePackage: Finished generating thumbnails for package [/Game/ThirdPersonBP/Blueprints/ThirdPersonGameMode]
[2017.08.27-09.37.11:825][160]LogSavePackage: Save=138.53ms
[2017.08.27-09.37.11:825][160]LogSavePackage: Moving '../../../../../NewGarden/GardenProject/DaeguCasualGame/Running/Saved/ThirdPersonGameMode_Auto16961A1B5402FB5043806B7B85029E62C.tmp' to '../../../../../NewGarden/GardenProject/DaeguCasualGame/Running/Saved/Autosaves/Game/ThirdPersonBP/Blueprints/ThirdPersonGameMode_Auto1.uasset'
[2017.08.27-09.37.11:897][160]LogSavePackage: Display: Finished SavePackage ../../../../../NewGarden/GardenProject/DaeguCasualGame/Running/Saved/Autosaves/Game/ThirdPersonBP/Blueprints/ThirdPersonGameMode_Auto1.uasset
[2017.08.27-09.37.11:898][160]OBJ SavePackage: Generating thumbnails for [1] asset(s) in package [/Game/Tile/FloorTile] ([1] browsable assets)...
[2017.08.27-09.37.11:963][160]OBJ SavePackage:     Rendered thumbnail for [Blueprint /Game/Tile/FloorTile.FloorTile]
[2017.08.27-09.37.11:963][160]OBJ SavePackage: Finished generating thumbnails for package [/Game/Tile/FloorTile]
[2017.08.27-09.37.11:964][160]Cmd: OBJ SAVEPACKAGE PACKAGE="/Game/Tile/FloorTile" FILE="../../../../../NewGarden/GardenProject/DaeguCasualGame/Running/Saved/Autosaves/Game/Tile/FloorTile_Auto1.uasset" SILENT=false AUTOSAVING=true
[2017.08.27-09.37.12:101][160]LogSavePackage: Save=121.49ms
[2017.08.27-09.37.12:101][160]LogSavePackage: Moving '../../../../../NewGarden/GardenProject/DaeguCasualGame/Running/Saved/FloorTile_Auto1A4F10BF14D22293F2F1F4EA819C5F51E.tmp' to '../../../../../NewGarden/GardenProject/DaeguCasualGame/Running/Saved/Autosaves/Game/Tile/FloorTile_Auto1.uasset'
[2017.08.27-09.37.12:148][160]LogSavePackage: Display: Finished SavePackage ../../../../../NewGarden/GardenProject/DaeguCasualGame/Running/Saved/Autosaves/Game/Tile/FloorTile_Auto1.uasset
[2017.08.27-09.37.12:148][160]LogFileHelpers: Auto-saving content packages took 0.672
[2017.08.27-09.51.31:452][761]LogActorComponent: UnregisterComponent: (/Engine/Transient.EditorFloorComp) Not registered. Aborting.
[2017.08.27-09.51.34:932][762]Cmd: QUIT_EDITOR
[2017.08.27-09.51.35:926][762]LogWindowsTextInputMethodSystem: Display: IME system now activated using TSF (Microsoft 입력기).
[2017.08.27-09.51.36:042][762]LogExit: Preparing to exit.
[2017.08.27-09.51.37:131][762]LogDirectoryWatcher: A directory notification for 'D:/NewGarden/GardenProject/DaeguCasualGame/Running/Content/' was aborted.
[2017.08.27-09.51.37:479][762]LogExit: Editor shut down
[2017.08.27-09.51.37:521][762]LogExit: Transaction tracking system shut down
[2017.08.27-09.51.37:886][762]LogDirectoryWatcher: A directory notification for '../../../Engine/Content/' was aborted.
[2017.08.27-09.51.37:886][762]LogDirectoryWatcher: A directory notification for '../../../../../NewGarden/GardenProject/DaeguCasualGame/Running/Content/' was aborted.
[2017.08.27-09.51.37:886][762]LogDirectoryWatcher: A directory notification for '../../../Engine/Plugins/2D/Paper2D/Content/' was aborted.
[2017.08.27-09.51.37:886][762]LogDirectoryWatcher: A directory notification for '../../../Engine/Plugins/Runtime/Oculus/OculusVR/Content/' was aborted.
[2017.08.27-09.51.37:887][762]LogDirectoryWatcher: A directory notification for '../../../Engine/Plugins/Runtime/Steam/SteamVR/Content/' was aborted.
