Log file open, 09/02/17 22:25:00
LogWindows: LoadLibraryWithSearchPaths failed for file aqProf.dll. GetLastError=0
LogWindows: LoadLibraryWithSearchPaths failed for file VtuneApi.dll. GetLastError=0
LogWindows: LoadLibraryWithSearchPaths failed for file VtuneApi32e.dll. GetLastError=0
LogInit: Display: Running engine for game: Running
LogPlatformFile: Not using cached read wrapper
LogInit: Display: RandInit(-1918900294) SRandInit(-1918900294).
LogTaskGraph: Started task graph with 5 named threads and 14 total threads with 3 sets of task threads.
LogStats: Stats thread started at 0.198758
LogD3D11RHI: Aftermath initialized
LogPluginManager: Mounting plugin Paper2D
LogPluginManager: Mounting plugin LightPropagationVolume
LogPluginManager: Mounting plugin CodeLiteSourceCodeAccess
LogPluginManager: Mounting plugin GitSourceControl
LogPluginManager: Mounting plugin KDevelopSourceCodeAccess
LogPluginManager: Mounting plugin NullSourceCodeAccess
LogPluginManager: Mounting plugin PerforceSourceControl
LogPluginManager: Mounting plugin SubversionSourceControl
LogPluginManager: Mounting plugin UObjectPlugin
LogPluginManager: Mounting plugin VisualStudioSourceCodeAccess
LogPluginManager: Mounting plugin XCodeSourceCodeAccess
LogPluginManager: Mounting plugin AssetManagerEditor
LogPluginManager: Mounting plugin AudioCapture
LogPluginManager: Mounting plugin FacialAnimation
LogPluginManager: Mounting plugin GameplayTagsEditor
LogPluginManager: Mounting plugin MobileLauncherProfileWizard
LogPluginManager: Mounting plugin PluginBrowser
LogPluginManager: Mounting plugin SpeedTreeImporter
LogPluginManager: Mounting plugin AlembicImporter
LogPluginManager: Mounting plugin CharacterAI
LogPluginManager: Mounting plugin HTML5Networking
LogPluginManager: Mounting plugin AndroidMedia
LogPluginManager: Mounting plugin AvfMedia
LogPluginManager: Mounting plugin MediaPlayerEditor
LogPluginManager: Mounting plugin WmfMedia
LogPluginManager: Mounting plugin TcpMessaging
LogPluginManager: Mounting plugin UdpMessaging
LogPluginManager: Mounting plugin LevelSequenceEditor
LogPluginManager: Mounting plugin MatineeToLevelSequence
LogPluginManager: Mounting plugin OnlineSubsystemGooglePlay
LogPluginManager: Mounting plugin OnlineSubsystemIOS
LogPluginManager: Mounting plugin OnlineSubsystem
LogPluginManager: Mounting plugin OnlineSubsystemNull
LogPluginManager: Mounting plugin OnlineSubsystemUtils
LogPluginManager: Mounting plugin AndroidDeviceProfileSelector
LogPluginManager: Mounting plugin AndroidMoviePlayer
LogPluginManager: Mounting plugin AndroidPermission
LogPluginManager: Mounting plugin AppleMoviePlayer
LogPluginManager: Mounting plugin ArchVisCharacter
LogPluginManager: Mounting plugin CableComponent
LogPluginManager: Mounting plugin CustomMeshComponent
LogPluginManager: Mounting plugin ExampleDeviceProfileSelector
LogPluginManager: Mounting plugin GoogleCloudMessaging
LogPluginManager: Mounting plugin ImmediatePhysics
LogPluginManager: Mounting plugin IOSDeviceProfileSelector
LogPluginManager: Mounting plugin LinuxDeviceProfileSelector
LogPluginManager: Mounting plugin LocationServicesBPLibrary
LogPluginManager: Mounting plugin MobilePatchingUtils
LogPluginManager: Mounting plugin OculusVR
LogPluginManager: Mounting plugin PhysXVehicles
LogPluginManager: Mounting plugin ProceduralMeshComponent
LogPluginManager: Mounting plugin RuntimePhysXCooking
LogPluginManager: Mounting plugin SteamVR
LogPluginManager: Mounting plugin WindowsMoviePlayer
LogInit: Using libcurl 7.47.1
LogInit:  - built for x86_64-pc-win32
LogInit:  - supports SSL with OpenSSL/1.0.2g
LogInit:  - supports HTTP deflate (compression) using libz 1.2.8
LogInit:  - other features:
LogInit:      CURL_VERSION_SSL
LogInit:      CURL_VERSION_LIBZ
LogInit:      CURL_VERSION_IPV6
LogInit:      CURL_VERSION_ASYNCHDNS
LogInit:      CURL_VERSION_LARGEFILE
LogInit:      CURL_VERSION_IDN
LogInit:  CurlRequestOptions (configurable via config and command line):
LogInit:  - bVerifyPeer = false  - Libcurl will NOT verify peer certificate
LogInit:  - bUseHttpProxy = false  - Libcurl will NOT use HTTP proxy
LogInit:  - bDontReuseConnections = false  - Libcurl will reuse connections
LogInit:  - CertBundlePath = nullptr  - Libcurl will use whatever was configured at build time.
LogInit: Build: ++UE4+Release-4.17-CL-3586342
LogInit: Engine Version: 4.17.1-3586342+++UE4+Release-4.17
LogInit: Compatible Engine Version: 4.17.0-3573198+++UE4+Release-4.17
LogInit: Net CL: 3573198
LogDevObjectVersion: Number of dev versions registered: 16
LogDevObjectVersion:   Dev-Blueprints (B0D832E4-1F89-4F0D-ACCF-7EB736FD4AA2): 10
LogDevObjectVersion:   Dev-Build (E1C64328-A22C-4D53-A36C-8E866417BD8C): 0
LogDevObjectVersion:   Dev-Core (375EC13C-06E4-48FB-B500-84F0262A717E): 2
LogDevObjectVersion:   Dev-Editor (E4B068ED-F494-42E9-A231-DA0B2E46BB41): 20
LogDevObjectVersion:   Dev-Framework (CFFC743F-43B0-4480-9391-14DF171D2073): 28
LogDevObjectVersion:   Dev-Mobile (B02B49B5-BB20-44E9-A304-32B752E40360): 0
LogDevObjectVersion:   Dev-Networking (A4E4105C-59A1-49B5-A7C5-40C4547EDFEE): 0
LogDevObjectVersion:   Dev-Online (39C831C9-5AE6-47DC-9A44-9C173E1C8E7C): 0
LogDevObjectVersion:   Dev-Physics (78F01B33-EBEA-4F98-B9B4-84EACCB95AA2): 0
LogDevObjectVersion:   Dev-Platform (6631380F-2D4D-43E0-8009-CF276956A95A): 0
LogDevObjectVersion:   Dev-Rendering (12F88B9F-8875-4AFC-A67C-D90C383ABD29): 19
LogDevObjectVersion:   Dev-Sequencer (7B5AE74C-D270-4C10-A958-57980B212A5A): 4
LogDevObjectVersion:   Dev-VR (D7296918-1DD6-4BDD-9DE2-64A83CC13884): 0
LogDevObjectVersion:   Dev-LoadTimes (C2A15278-BFE7-4AFE-6C17-90FF531DF755): 1
LogDevObjectVersion:   Private-Geometry (6EACA3D4-40EC-4CC1-B786-8BED09428FC5): 1
LogDevObjectVersion:   Dev-AnimPhys (29E575DD-E0A3-4627-9D10-D276232CDCEA): 7
LogInit: Compiled (64-bit): Aug 15 2017 02:05:26
LogInit: Compiled with Visual C++: 19.00.24215.01
LogInit: Build Configuration: Development
LogInit: Branch Name: ++UE4+Release-4.17
LogInit: Command line:  
LogInit: Base directory: D:/UnrealEngine/UE_4.17/Engine/Binaries/Win64/
LogInit: Installed Engine Build: 1
LogInit: Presizing for max 8388607 objects, including 0 objects not considered by GC, pre-allocating 0 bytes for permanent pool.
LogInit: Object subsystem initialized
[2017.09.02-13.25.02:467][  0]LogInit: Selected Device Profile: [Windows]
[2017.09.02-13.25.02:467][  0]LogInit: Applying CVar settings loaded from the selected device profile: [Windows]
[2017.09.02-13.25.02:529][  0]LogInit: Computer: DESKTOP-6JOGDQL
[2017.09.02-13.25.02:529][  0]LogInit: User: JWOH
[2017.09.02-13.25.02:529][  0]LogInit: CPU Page size=4096, Cores=4
[2017.09.02-13.25.02:529][  0]LogInit: High frequency timer resolution =2.531249 MHz
[2017.09.02-13.25.02:530][  0]LogMemory: Memory total: Physical=7.9GB (8GB approx)
[2017.09.02-13.25.02:530][  0]LogMemory: Platform Memory Stats for Windows
[2017.09.02-13.25.02:530][  0]LogMemory: Process Physical Memory: 279.65 MB used, 279.65 MB peak
[2017.09.02-13.25.02:530][  0]LogMemory: Process Virtual Memory: 274.43 MB used, 274.43 MB peak
[2017.09.02-13.25.02:530][  0]LogMemory: Physical Memory: 5359.67 MB used,  2695.98 MB free, 8055.66 MB total
[2017.09.02-13.25.02:530][  0]LogMemory: Virtual Memory: 669.23 MB used,  2695.98 MB free, 134217728.00 MB total
[2017.09.02-13.25.03:335][  0]LogInit: Using OS detected language (ko-KR).
[2017.09.02-13.25.03:335][  0]LogInit: Using OS detected locale (ko-KR).
[2017.09.02-13.25.03:653][  0]LogTextLocalizationManager: No specific localization for 'ko-KR' exists, so the 'ko' localization will be used.
[2017.09.02-13.25.08:992][  0]LogD3D11RHI: D3D11 adapters:
[2017.09.02-13.25.09:030][  0]LogD3D11RHI:    0. 'NVIDIA GeForce GTX 960M' (Feature Level 11_0)
[2017.09.02-13.25.09:030][  0]LogD3D11RHI:       2019/0/4027 MB DedicatedVideo/DedicatedSystem/SharedSystem, Outputs:1, VendorId:0x10de
[2017.09.02-13.25.09:042][  0]LogD3D11RHI:    1. 'Intel(R) HD Graphics 530' (Feature Level 11_0)
[2017.09.02-13.25.09:042][  0]LogD3D11RHI:       128/0/4027 MB DedicatedVideo/DedicatedSystem/SharedSystem, Outputs:0, VendorId:0x8086
[2017.09.02-13.25.09:045][  0]LogD3D11RHI:    2. 'Microsoft Basic Render Driver' (Feature Level 11_0)
[2017.09.02-13.25.09:045][  0]LogD3D11RHI:       0/0/4027 MB DedicatedVideo/DedicatedSystem/SharedSystem, Outputs:0, VendorId:0x1414
[2017.09.02-13.25.09:045][  0]LogD3D11RHI: Chosen D3D11 Adapter: 0
[2017.09.02-13.25.09:075][  0]LogD3D11RHI: Creating new Direct3DDevice
[2017.09.02-13.25.09:075][  0]LogD3D11RHI:     GPU DeviceId: 0x139b (for the marketing name, search the web for "GPU Device Id")
[2017.09.02-13.25.09:075][  0]LogWindows: EnumDisplayDevices:
[2017.09.02-13.25.09:076][  0]LogWindows:    0. 'Intel(R) HD Graphics 530' (P:1 D:1)
[2017.09.02-13.25.09:078][  0]LogWindows:    1. 'Intel(R) HD Graphics 530' (P:0 D:0)
[2017.09.02-13.25.09:079][  0]LogWindows:    2. 'Intel(R) HD Graphics 530' (P:0 D:0)
[2017.09.02-13.25.09:080][  0]LogWindows: DebugString: PrimaryIsNotTheChoosenAdapter PrimaryIsNotTheChoosenAdapter PrimaryIsNotTheChoosenAdapter FoundDriverCount:0 
[2017.09.02-13.25.09:080][  0]LogD3D11RHI:     Adapter Name: NVIDIA GeForce GTX 960M
[2017.09.02-13.25.09:080][  0]LogD3D11RHI:   Driver Version: Unknown (internal:Unknown, unified:Unknown)
[2017.09.02-13.25.09:080][  0]LogD3D11RHI:      Driver Date: Unknown
[2017.09.02-13.25.09:080][  0]LogRHI: Texture pool is 1361 MB (70% of 1945 MB)
[2017.09.02-13.25.09:162][  0]LogD3D11RHI: Async texture creation enabled
[2017.09.02-13.25.09:238][  0]LogD3D11RHI: GPU Timing Frequency: 1000.000000 (Debug: 2 1)
[2017.09.02-13.25.09:251][  0]LogShaderCompilers: Guid format shader working directory is -16 characters bigger than the processId version (../../../../../NewGarden/GardenProject/DaeguCasualGame/Running/Intermediate/Shaders/WorkingDirectory/14012/).
[2017.09.02-13.25.09:251][  0]LogShaderCompilers: Cleaned the shader compiler working directory 'C:/Users/J.W OH/AppData/Local/Temp/UnrealShaderWorkingDir/3582FFA548D91EA58EF57987F6AC8E5A/'.
[2017.09.02-13.25.09:251][  0]LogShaderCompilers: Display: Using Local Shader Compiler.
[2017.09.02-13.25.12:161][  0]LogTemp: Display: Loaded TP AllDesktopTargetPlatform
[2017.09.02-13.25.12:274][  0]LogTemp: Display: Loaded TP MacClientTargetPlatform
[2017.09.02-13.25.12:379][  0]LogTemp: Display: Loaded TP MacNoEditorTargetPlatform
[2017.09.02-13.25.12:490][  0]LogTemp: Display: Loaded TP MacServerTargetPlatform
[2017.09.02-13.25.12:656][  0]LogTemp: Display: Loaded TP MacTargetPlatform
[2017.09.02-13.25.12:764][  0]LogTemp: Display: Loaded TP WindowsClientTargetPlatform
[2017.09.02-13.25.12:870][  0]LogTemp: Display: Loaded TP WindowsNoEditorTargetPlatform
[2017.09.02-13.25.12:977][  0]LogTemp: Display: Loaded TP WindowsServerTargetPlatform
[2017.09.02-13.25.13:100][  0]LogTemp: Display: Loaded TP WindowsTargetPlatform
[2017.09.02-13.25.13:245][  0]LogTemp: Display: Loaded TP AndroidTargetPlatform
[2017.09.02-13.25.13:352][  0]LogTemp: Display: Loaded TP Android_ASTCTargetPlatform
[2017.09.02-13.25.13:462][  0]LogTemp: Display: Loaded TP Android_ATCTargetPlatform
[2017.09.02-13.25.13:582][  0]LogTemp: Display: Loaded TP Android_DXTTargetPlatform
[2017.09.02-13.25.13:702][  0]LogTemp: Display: Loaded TP Android_ETC1TargetPlatform
[2017.09.02-13.25.13:823][  0]LogTemp: Display: Loaded TP Android_ETC2TargetPlatform
[2017.09.02-13.25.14:048][  0]LogTemp: Display: Loaded TP Android_MultiTargetPlatform
[2017.09.02-13.25.14:049][  0]LogTemp: Display: Loaded TP Android_PVRTCTargetPlatform
[2017.09.02-13.25.14:135][  0]LogTemp: Display: Loaded TP HTML5TargetPlatform
[2017.09.02-13.25.14:362][  0]LogTemp: Display: Loaded TP IOSTargetPlatform
[2017.09.02-13.25.14:408][  0]LogTemp: Display: Loaded TP TVOSTargetPlatform
[2017.09.02-13.25.14:528][  0]LogTemp: Display: Loaded TP LinuxClientTargetPlatform
[2017.09.02-13.25.14:628][  0]LogTemp: Display: Loaded TP LinuxNoEditorTargetPlatform
[2017.09.02-13.25.14:748][  0]LogTemp: Display: Loaded TP LinuxServerTargetPlatform
[2017.09.02-13.25.14:915][  0]LogTemp: Display: Loaded TP LinuxTargetPlatform
[2017.09.02-13.25.14:915][  0]LogTargetPlatformManager: Display: Building Assets For Windows
[2017.09.02-13.25.16:326][  0]LogDerivedDataCache: Display: Max Cache Size: 512 MB
[2017.09.02-13.25.16:817][  0]LogDerivedDataCache: Loaded boot cache 0.49s 93MB C:/Users/J.W OH/AppData/Local/UnrealEngine/4.17/DerivedDataCache/Boot.ddc.
[2017.09.02-13.25.16:817][  0]LogDerivedDataCache: Display: Loaded Boot cache: C:/Users/J.W OH/AppData/Local/UnrealEngine/4.17/DerivedDataCache/Boot.ddc
[2017.09.02-13.25.16:817][  0]LogDerivedDataCache: FDerivedDataBackendGraph:  Pak pak cache file ../../../../../NewGarden/GardenProject/DaeguCasualGame/Running/DerivedDataCache/DDC.ddp not found, will not use a pak cache.
[2017.09.02-13.25.16:817][  0]LogDerivedDataCache: Unable to find inner node Pak for hierarchical cache Hierarchy.
[2017.09.02-13.25.16:818][  0]LogDerivedDataCache: FDerivedDataBackendGraph:  CompressedPak pak cache file ../../../../../NewGarden/GardenProject/DaeguCasualGame/Running/DerivedDataCache/Compressed.ddp not found, will not use a pak cache.
[2017.09.02-13.25.16:818][  0]LogDerivedDataCache: Unable to find inner node CompressedPak for hierarchical cache Hierarchy.
[2017.09.02-13.25.16:847][  0]LogDerivedDataCache: Display: Pak cache opened for reading ../../../Engine/DerivedDataCache/Compressed.ddp.
[2017.09.02-13.25.16:860][  0]LogDerivedDataCache: Using Local data cache path C:/Users/J.W OH/AppData/Local/UnrealEngine/Common/DerivedDataCache: Writable
[2017.09.02-13.25.16:874][  0]LogMaterial: Verifying Global Shaders for PCD3D_SM5
[2017.09.02-13.25.16:874][  0]LogSlate: Using Freetype 2.6.0
[2017.09.02-13.25.16:952][  0]LogSlate: SlateFontCache - WITH_FREETYPE: 1, WITH_HARFBUZZ: 1
[2017.09.02-13.25.16:953][  0]LogSlate: SlateFontCache - WITH_FREETYPE: 1, WITH_HARFBUZZ: 1
[2017.09.02-13.25.24:994][  0]LogAssetRegistry: FAssetRegistry took 0.0860 seconds to start up
[2017.09.02-13.25.25:491][  0]LogInit: Selected Device Profile: [Windows]
[2017.09.02-13.25.26:112][  0]LogContentStreaming: Texture pool size is 0.00 MB
[2017.09.02-13.25.27:305][  0]LogSimplygon: Simplygon DLL not present - disabling.
[2017.09.02-13.25.27:511][  0]LogMeshReduction: Using SimplygonSwarm for distributed automatic mesh merging
[2017.09.02-13.25.27:511][  0]LogMeshReduction: Using QuadricMeshReduction for automatic static mesh reduction
[2017.09.02-13.25.27:511][  0]LogMeshReduction: No automatic skeletal mesh reduction module available
[2017.09.02-13.25.27:511][  0]LogMeshReduction: No automatic mesh merging module available
[2017.09.02-13.25.27:511][  0]LogMeshMerging: No automatic mesh merging module available
[2017.09.02-13.25.28:415][  0]LogNetVersion: Running , NetCL: 3573198, EngineNetVer: 2, GameNetVer: 0 (Checksum: 2171864424)
[2017.09.02-13.25.29:027][  0]LogPackageLocalizationCache: Processed 5 localized package path(s) for 2 prioritized culture(s) in 0.063639 seconds
[2017.09.02-13.25.29:037][  0]LogUObjectArray: 35825 objects as part of root set at end of initial load.
[2017.09.02-13.25.29:037][  0]LogUObjectAllocator: 7529104 out of 0 bytes used by permanent object pool.
[2017.09.02-13.25.29:037][  0]LogUObjectArray: CloseDisregardForGC: 0/0 objects in disregard for GC pool
[2017.09.02-13.25.29:091][  0]LogInit: WinSock: version 1.1 (2.2), MaxSocks=32767, MaxUdp=65467
[2017.09.02-13.25.46:368][  0]LogTcpMessaging: Initializing TcpMessaging bridge
[2017.09.02-13.25.46:432][  0]LogUdpMessaging: Initializing bridge on interface 0.0.0.0:0 to multicast group 230.0.0.1:6666.
[2017.09.02-13.25.48:389][  0]LogMaterial: Uniform references updated for custom material expression Custom.
[2017.09.02-13.25.49:317][  0]SourceControl: 소스 콘트롤이 꺼졌습니다.
[2017.09.02-13.25.49:317][  0]SourceControl: 소스 콘트롤이 꺼졌습니다.
[2017.09.02-13.25.49:493][  0]SourceControl: 소스 콘트롤이 꺼졌습니다.
[2017.09.02-13.25.49:598][  0]SourceControl: 소스 콘트롤이 꺼졌습니다.
[2017.09.02-13.25.51:326][  0]LogAndroidPermission: UAndroidPermissionCallbackProxy::GetInstance
[2017.09.02-13.25.51:785][  0]LogOcInput: OculusInput pre-init called
[2017.09.02-13.25.52:632][  0]LogEngine: Initializing Engine...
[2017.09.02-13.25.52:649][  0]LogHMD: Failed to initialize OpenVR with code 110
[2017.09.02-13.25.53:209][  0]LogStats: UGameplayTagsManager::ConstructGameplayTagTree: Construct from data asset -  0.000 s
[2017.09.02-13.25.53:209][  0]LogStats: UGameplayTagsManager::ConstructGameplayTagTree: GameplayTagTreeChangedEvent.Broadcast -  0.000 s
[2017.09.02-13.25.53:672][  0]LogAIModule: Creating AISystem for world Untitled
[2017.09.02-13.25.53:708][  0]LogInit: XAudio2 using '스피커(Realtek High Definition Audio(SST))' : 2 channels at 48 kHz using 32 bits per sample (channel mask 0x3)
[2017.09.02-13.25.53:737][  0]LogInit: FAudioDevice initialized.
[2017.09.02-13.25.53:891][  0]LogDerivedDataCache: Saved boot cache 0.15s 93MB C:/Users/J.W OH/AppData/Local/UnrealEngine/4.17/DerivedDataCache/Boot.ddc.
[2017.09.02-13.25.53:922][  0]LogInit: Texture streaming: Enabled
[2017.09.02-13.25.54:126][  0]LogEngineSessionManager: EngineSessionManager initialized
[2017.09.02-13.25.55:019][  0]LogInit: Transaction tracking system initialized
[2017.09.02-13.25.55:710][  0]BlueprintLog: New page: 에디터 로드
[2017.09.02-13.25.57:539][  0]LocalizationService: 현지화 서비스가 비활성화되었습니다.
[2017.09.02-13.25.59:030][  0]LogConsoleResponse: Display: 
[2017.09.02-13.26.00:571][  0]LogFileCache: Scanning file cache for directory 'D:/NewGarden/GardenProject/DaeguCasualGame/Running/Content/' took 0.07s
[2017.09.02-13.26.00:571][  0]LogCook: Display: Max memory allowance for cook 16384mb min free memory 0mb
[2017.09.02-13.26.00:571][  0]LogCook: Display: Mobile HDR setting 1
[2017.09.02-13.26.00:571][  0]LogGameplayTags: Display: UGameplayTagsManager::DoneAddingNativeTags. DelegateIsBound: 0
[2017.09.02-13.26.04:036][  0]SourceControl: 소스 콘트롤이 꺼졌습니다.
[2017.09.02-13.26.04:046][  0]Cmd: MAP LOAD FILE="../../../../../NewGarden/GardenProject/DaeguCasualGame/Running/Content/ThirdPersonBP/Maps/ThirdPersonExampleMap.umap" TEMPLATE=0 SHOWPROGRESS=1 FEATURELEVEL=3
[2017.09.02-13.26.04:077][  0]LightingResults: New page: 라이팅 빌드
[2017.09.02-13.26.04:218][  0]MapCheck: New page: 맵 체크
[2017.09.02-13.26.04:218][  0]LightingResults: New page: 라이팅 빌드
[2017.09.02-13.26.04:646][  0]LogAIModule: Creating AISystem for world ThirdPersonExampleMap
[2017.09.02-13.26.04:686][  0]LogEditorServer: Finished looking for orphan Actors (0.000 secs)
[2017.09.02-13.26.04:760][  0]Cmd: MAP CHECKDEP NOCLEARLOG
[2017.09.02-13.26.04:896][  0]MapCheck: 맵 체크 완료: 오류 0 회, 경고 0 회, 소요 시간 136.469ms.
[2017.09.02-13.26.04:896][  0]LogFileHelpers: Loading map 'ThirdPersonExampleMap' took 0.850
[2017.09.02-13.26.04:974][  0]LogWindowsTextInputMethodSystem: Display: IME system now activated using TSF (Microsoft 입력기).
[2017.09.02-13.26.05:389][  0]LogCollectionManager: Loaded 0 collections in 0.001353 seconds
[2017.09.02-13.26.05:540][  0]LogFileCache: Scanning file cache for directory 'D:/NewGarden/GardenProject/DaeguCasualGame/Running/Saved/Collections/' took 0.01s
[2017.09.02-13.26.05:540][  0]LogFileCache: Scanning file cache for directory 'D:/NewGarden/GardenProject/DaeguCasualGame/Running/Content/Developers/JWOH/Collections/' took 0.01s
[2017.09.02-13.26.05:540][  0]LogFileCache: Scanning file cache for directory 'D:/NewGarden/GardenProject/DaeguCasualGame/Running/Content/Collections/' took 0.01s
[2017.09.02-13.26.05:540][  0]LogCollectionManager: Rebuilt the GUID cache for 0 collections in 0.000001 seconds
[2017.09.02-13.26.05:553][  0]LogContentBrowser: Native class hierarchy populated in 0.0114 seconds. Added 2386 classes and 500 folders.
[2017.09.02-13.26.05:729][  0]LogContentBrowser: Native class hierarchy updated for 'WidgetCarousel' in 0.0013 seconds. Added 0 classes and 0 folders.
[2017.09.02-13.26.06:992][  0]LogContentBrowser: Native class hierarchy updated for 'AddContentDialog' in 0.0008 seconds. Added 0 classes and 0 folders.
[2017.09.02-13.26.07:116][  0]LogContentBrowser: Native class hierarchy updated for 'SceneOutliner' in 0.0008 seconds. Added 1 classes and 2 folders.
[2017.09.02-13.26.07:294][  0]LogSlate: Took 0.026815 seconds to synchronously load lazily loaded font '../../../Engine/Content/Slate/Fonts/Roboto-Regular.ttf' (155K)
[2017.09.02-13.26.07:379][  0]LogSlate: Took 0.083234 seconds to synchronously load lazily loaded font '../../../Engine/Content/Slate/Fonts/NanumGothic.ttf' (4243K)
[2017.09.02-13.26.07:396][  0]LogSlate: Took 0.015764 seconds to synchronously load lazily loaded font '../../../Engine/Content/Slate/Fonts/Roboto-Bold.ttf' (160K)
[2017.09.02-13.26.07:427][  0]LogSlate: Took 0.025570 seconds to synchronously load lazily loaded font '../../../Engine/Content/Editor/Slate/Fonts/FontAwesome.ttf' (139K)
[2017.09.02-13.26.07:816][  0]LogRenderer: Reallocating scene render targets to support 1208x576 Format 10 NumSamples 1 (Frame:1).
[2017.09.02-13.26.08:803][  0]LogContentBrowser: Native class hierarchy updated for 'HierarchicalLODOutliner' in 0.0008 seconds. Added 1 classes and 2 folders.
[2017.09.02-13.26.08:804][  0]LogLoad: (Engine Initialization) Total time: 72.78 seconds
[2017.09.02-13.26.08:804][  0]LogLoad: (Engine Initialization) Total Blueprint compile time: 0.00 seconds
[2017.09.02-13.26.08:813][  0]LogExternalProfiler: Found external profiler: VSPerf
[2017.09.02-13.26.08:813][  0]LogExternalProfiler: Using external profiler: VSPerf
[2017.09.02-13.26.08:864][  0]LogContentStreaming: Texture pool size now 1000 MB
[2017.09.02-13.26.09:039][  2]LogAssetRegistry: Asset discovery search completed in 44.0667 seconds
[2017.09.02-13.26.09:041][  2]LogCollectionManager: Rebuilt the object cache for 0 collections in 0.000000 seconds (found 0 objects)
[2017.09.02-13.26.09:041][  2]LogCollectionManager: Fixed up redirectors for 0 collections in 0.000056 seconds (updated 0 objects)
[2017.09.02-13.26.09:956][ 44]LogSlate: Took 0.028158 seconds to synchronously load lazily loaded font '../../../Engine/Content/Slate/Fonts/Roboto-Light.ttf' (159K)
[2017.09.02-13.26.13:003][ 73]LogSlate: Took 0.000333 seconds to synchronously load lazily loaded font '../../../Engine/Content/Slate/Fonts/Roboto-Light.ttf' (159K)
[2017.09.02-13.28.16:951][602]LogTemp: Repeating last play command: 선택된 뷰포트
[2017.09.02-13.28.17:900][602]LogBlueprintUserMessages: Early PlayInEditor Detection: Level '/Game/ThirdPersonBP/Maps/ThirdPersonExampleMap.ThirdPersonExampleMap:PersistentLevel' has LevelScriptBlueprint '/Game/ThirdPersonBP/Maps/ThirdPersonExampleMap.ThirdPersonExampleMap:PersistentLevel.ThirdPersonExampleMap' with GeneratedClass '/Game/ThirdPersonBP/Maps/ThirdPersonExampleMap.ThirdPersonExampleMap_C' with ClassGeneratedBy '/Game/ThirdPersonBP/Maps/ThirdPersonExampleMap.ThirdPersonExampleMap:PersistentLevel.ThirdPersonExampleMap'
[2017.09.02-13.28.17:900][602]LogPlayLevel: PlayLevel: No blueprints needed recompiling
[2017.09.02-13.28.17:940][602]PIE: New page: PIE 세션: ThirdPersonExampleMap (2017. 9. 3. 오전 7:28:17)
[2017.09.02-13.28.17:940][602]LogPlayLevel: Creating play world package: /Game/ThirdPersonBP/Maps/UEDPIE_0_ThirdPersonExampleMap
[2017.09.02-13.28.17:965][602]LogPlayLevel: PIE: StaticDuplicateObject took: (0.024711s)
[2017.09.02-13.28.17:966][602]LogAIModule: Creating AISystem for world ThirdPersonExampleMap
[2017.09.02-13.28.17:966][602]LogPlayLevel: PIE: World Init took: (0.001409s)
[2017.09.02-13.28.17:966][602]LogPlayLevel: PIE: Created PIE world by copying editor world from /Game/ThirdPersonBP/Maps/ThirdPersonExampleMap.ThirdPersonExampleMap to /Game/ThirdPersonBP/Maps/UEDPIE_0_ThirdPersonExampleMap.ThirdPersonExampleMap (0.026685s)
[2017.09.02-13.28.17:986][602]LogInit: XAudio2 using '스피커(Realtek High Definition Audio(SST))' : 2 channels at 48 kHz using 32 bits per sample (channel mask 0x3)
[2017.09.02-13.28.18:010][602]LogInit: FAudioDevice initialized.
[2017.09.02-13.28.18:664][602]LogLoad: Game class is 'ThirdPersonGameMode_C'
[2017.09.02-13.28.18:690][602]LogWorld: Bringing World /Game/ThirdPersonBP/Maps/UEDPIE_0_ThirdPersonExampleMap.ThirdPersonExampleMap up for play (max tick rate 0) at 2017.09.02-22.28.18
[2017.09.02-13.28.18:691][602]LogWorld: Bringing up level for play took: 0.001291
[2017.09.02-13.28.18:788][602]LogContentBrowser: Native class hierarchy updated for 'MovieSceneCapture' in 0.0008 seconds. Added 11 classes and 0 folders.
[2017.09.02-13.28.18:806][602]PIE: /Game/ThirdPersonBP/Maps/UEDPIE_0_ThirdPersonExampleMap 에 대한 에디터에서 플레이 시작 시간: -0.03
[2017.09.02-13.28.18:806][602]LogBlueprintUserMessages: Late PlayInEditor Detection: Level '/Game/ThirdPersonBP/Maps/ThirdPersonExampleMap.ThirdPersonExampleMap:PersistentLevel' has LevelScriptBlueprint '/Game/ThirdPersonBP/Maps/ThirdPersonExampleMap.ThirdPersonExampleMap:PersistentLevel.ThirdPersonExampleMap' with GeneratedClass '/Game/ThirdPersonBP/Maps/ThirdPersonExampleMap.ThirdPersonExampleMap_C' with ClassGeneratedBy '/Game/ThirdPersonBP/Maps/ThirdPersonExampleMap.ThirdPersonExampleMap:PersistentLevel.ThirdPersonExampleMap'
[2017.09.02-13.28.21:255][753]LogBlueprintUserMessages: Early EndPlayMap Detection: Level '/Game/ThirdPersonBP/Maps/ThirdPersonExampleMap.ThirdPersonExampleMap:PersistentLevel' has LevelScriptBlueprint '/Game/ThirdPersonBP/Maps/ThirdPersonExampleMap.ThirdPersonExampleMap:PersistentLevel.ThirdPersonExampleMap' with GeneratedClass '/Game/ThirdPersonBP/Maps/ThirdPersonExampleMap.ThirdPersonExampleMap_C' with ClassGeneratedBy '/Game/ThirdPersonBP/Maps/ThirdPersonExampleMap.ThirdPersonExampleMap:PersistentLevel.ThirdPersonExampleMap'
[2017.09.02-13.28.21:297][753]LogBlueprintUserMessages: Late EndPlayMap Detection: Level '/Game/ThirdPersonBP/Maps/ThirdPersonExampleMap.ThirdPersonExampleMap:PersistentLevel' has LevelScriptBlueprint '/Game/ThirdPersonBP/Maps/ThirdPersonExampleMap.ThirdPersonExampleMap:PersistentLevel.ThirdPersonExampleMap' with GeneratedClass '/Game/ThirdPersonBP/Maps/ThirdPersonExampleMap.ThirdPersonExampleMap_C' with ClassGeneratedBy '/Game/ThirdPersonBP/Maps/ThirdPersonExampleMap.ThirdPersonExampleMap:PersistentLevel.ThirdPersonExampleMap'
[2017.09.02-13.28.29:509][203]LogSlate: Took 0.000385 seconds to synchronously load lazily loaded font '../../../Engine/Content/Slate/Fonts/Roboto-Light.ttf' (159K)
[2017.09.02-13.28.29:976][203]LogContentBrowser: Native class hierarchy updated for 'BlueprintGraph' in 0.0011 seconds. Added 113 classes and 0 folders.
[2017.09.02-13.28.30:906][203]LogSlate: Took 0.000284 seconds to synchronously load lazily loaded font '../../../Engine/Content/Slate/Fonts/Roboto-Regular.ttf' (155K)
[2017.09.02-13.28.31:097][203]LogSlate: Took 0.013819 seconds to synchronously load lazily loaded font '../../../Engine/Content/Editor/Slate/Fonts/Roboto-BoldCondensed.ttf' (158K)
[2017.09.02-13.28.31:423][204]LogSlate: Took 0.015812 seconds to synchronously load lazily loaded font '../../../Engine/Content/Editor/Slate/Fonts/Roboto-Italic.ttf' (157K)
[2017.09.02-13.28.34:820][358]LogRenderer: Reallocating scene render targets to support 1208x696 Format 10 NumSamples 1 (Frame:1).
[2017.09.02-13.28.45:959][921]BlueprintLog: New page: FloorTile 컴파일
[2017.09.02-13.28.49:840][107]BlueprintLog: New page: FloorTile 컴파일
[2017.09.02-13.28.51:548][199]LogTemp: Repeating last play command: 선택된 뷰포트
[2017.09.02-13.28.51:586][199]LogBlueprintUserMessages: Early PlayInEditor Detection: Level '/Game/ThirdPersonBP/Maps/ThirdPersonExampleMap.ThirdPersonExampleMap:PersistentLevel' has LevelScriptBlueprint '/Game/ThirdPersonBP/Maps/ThirdPersonExampleMap.ThirdPersonExampleMap:PersistentLevel.ThirdPersonExampleMap' with GeneratedClass '/Game/ThirdPersonBP/Maps/ThirdPersonExampleMap.ThirdPersonExampleMap_C' with ClassGeneratedBy '/Game/ThirdPersonBP/Maps/ThirdPersonExampleMap.ThirdPersonExampleMap:PersistentLevel.ThirdPersonExampleMap'
[2017.09.02-13.28.51:586][199]LogPlayLevel: PlayLevel: No blueprints needed recompiling
[2017.09.02-13.28.51:586][199]PIE: New page: PIE 세션: ThirdPersonExampleMap (2017. 9. 3. 오전 7:28:51)
[2017.09.02-13.28.51:586][199]LogPlayLevel: Creating play world package: /Game/ThirdPersonBP/Maps/UEDPIE_0_ThirdPersonExampleMap
[2017.09.02-13.28.51:612][199]LogPlayLevel: PIE: StaticDuplicateObject took: (0.026342s)
[2017.09.02-13.28.51:613][199]LogAIModule: Creating AISystem for world ThirdPersonExampleMap
[2017.09.02-13.28.51:614][199]LogPlayLevel: PIE: World Init took: (0.001242s)
[2017.09.02-13.28.51:614][199]LogPlayLevel: PIE: Created PIE world by copying editor world from /Game/ThirdPersonBP/Maps/ThirdPersonExampleMap.ThirdPersonExampleMap to /Game/ThirdPersonBP/Maps/UEDPIE_0_ThirdPersonExampleMap.ThirdPersonExampleMap (0.028078s)
[2017.09.02-13.28.51:642][199]LogInit: XAudio2 using '스피커(Realtek High Definition Audio(SST))' : 2 channels at 48 kHz using 32 bits per sample (channel mask 0x3)
[2017.09.02-13.28.51:659][199]LogInit: FAudioDevice initialized.
[2017.09.02-13.28.51:692][199]LogLoad: Game class is 'ThirdPersonGameMode_C'
[2017.09.02-13.28.51:694][199]LogWorld: Bringing World /Game/ThirdPersonBP/Maps/UEDPIE_0_ThirdPersonExampleMap.ThirdPersonExampleMap up for play (max tick rate 0) at 2017.09.02-22.28.51
[2017.09.02-13.28.51:694][199]LogWorld: Bringing up level for play took: 0.001424
[2017.09.02-13.28.51:707][199]PIE: /Game/ThirdPersonBP/Maps/UEDPIE_0_ThirdPersonExampleMap 에 대한 에디터에서 플레이 시작 시간: 0.871
[2017.09.02-13.28.51:707][199]LogBlueprintUserMessages: Late PlayInEditor Detection: Level '/Game/ThirdPersonBP/Maps/ThirdPersonExampleMap.ThirdPersonExampleMap:PersistentLevel' has LevelScriptBlueprint '/Game/ThirdPersonBP/Maps/ThirdPersonExampleMap.ThirdPersonExampleMap:PersistentLevel.ThirdPersonExampleMap' with GeneratedClass '/Game/ThirdPersonBP/Maps/ThirdPersonExampleMap.ThirdPersonExampleMap_C' with ClassGeneratedBy '/Game/ThirdPersonBP/Maps/ThirdPersonExampleMap.ThirdPersonExampleMap:PersistentLevel.ThirdPersonExampleMap'
[2017.09.02-13.28.55:177][427]LogBlueprintUserMessages: Early EndPlayMap Detection: Level '/Game/ThirdPersonBP/Maps/ThirdPersonExampleMap.ThirdPersonExampleMap:PersistentLevel' has LevelScriptBlueprint '/Game/ThirdPersonBP/Maps/ThirdPersonExampleMap.ThirdPersonExampleMap:PersistentLevel.ThirdPersonExampleMap' with GeneratedClass '/Game/ThirdPersonBP/Maps/ThirdPersonExampleMap.ThirdPersonExampleMap_C' with ClassGeneratedBy '/Game/ThirdPersonBP/Maps/ThirdPersonExampleMap.ThirdPersonExampleMap:PersistentLevel.ThirdPersonExampleMap'
[2017.09.02-13.28.55:222][427]LogBlueprintUserMessages: Late EndPlayMap Detection: Level '/Game/ThirdPersonBP/Maps/ThirdPersonExampleMap.ThirdPersonExampleMap:PersistentLevel' has LevelScriptBlueprint '/Game/ThirdPersonBP/Maps/ThirdPersonExampleMap.ThirdPersonExampleMap:PersistentLevel.ThirdPersonExampleMap' with GeneratedClass '/Game/ThirdPersonBP/Maps/ThirdPersonExampleMap.ThirdPersonExampleMap_C' with ClassGeneratedBy '/Game/ThirdPersonBP/Maps/ThirdPersonExampleMap.ThirdPersonExampleMap:PersistentLevel.ThirdPersonExampleMap'
[2017.09.02-13.28.56:228][492]LogTemp: Repeating last play command: 선택된 뷰포트
[2017.09.02-13.28.56:264][492]LogBlueprintUserMessages: Early PlayInEditor Detection: Level '/Game/ThirdPersonBP/Maps/ThirdPersonExampleMap.ThirdPersonExampleMap:PersistentLevel' has LevelScriptBlueprint '/Game/ThirdPersonBP/Maps/ThirdPersonExampleMap.ThirdPersonExampleMap:PersistentLevel.ThirdPersonExampleMap' with GeneratedClass '/Game/ThirdPersonBP/Maps/ThirdPersonExampleMap.ThirdPersonExampleMap_C' with ClassGeneratedBy '/Game/ThirdPersonBP/Maps/ThirdPersonExampleMap.ThirdPersonExampleMap:PersistentLevel.ThirdPersonExampleMap'
[2017.09.02-13.28.56:264][492]LogPlayLevel: PlayLevel: No blueprints needed recompiling
[2017.09.02-13.28.56:264][492]PIE: New page: PIE 세션: ThirdPersonExampleMap (2017. 9. 3. 오전 7:28:56)
[2017.09.02-13.28.56:264][492]LogPlayLevel: Creating play world package: /Game/ThirdPersonBP/Maps/UEDPIE_0_ThirdPersonExampleMap
[2017.09.02-13.28.56:289][492]LogPlayLevel: PIE: StaticDuplicateObject took: (0.024789s)
[2017.09.02-13.28.56:290][492]LogAIModule: Creating AISystem for world ThirdPersonExampleMap
[2017.09.02-13.28.56:290][492]LogPlayLevel: PIE: World Init took: (0.001638s)
[2017.09.02-13.28.56:290][492]LogPlayLevel: PIE: Created PIE world by copying editor world from /Game/ThirdPersonBP/Maps/ThirdPersonExampleMap.ThirdPersonExampleMap to /Game/ThirdPersonBP/Maps/UEDPIE_0_ThirdPersonExampleMap.ThirdPersonExampleMap (0.026889s)
[2017.09.02-13.28.56:319][492]LogInit: XAudio2 using '스피커(Realtek High Definition Audio(SST))' : 2 channels at 48 kHz using 32 bits per sample (channel mask 0x3)
[2017.09.02-13.28.56:334][492]LogInit: FAudioDevice initialized.
[2017.09.02-13.28.56:370][492]LogLoad: Game class is 'ThirdPersonGameMode_C'
[2017.09.02-13.28.56:372][492]LogWorld: Bringing World /Game/ThirdPersonBP/Maps/UEDPIE_0_ThirdPersonExampleMap.ThirdPersonExampleMap up for play (max tick rate 0) at 2017.09.02-22.28.56
[2017.09.02-13.28.56:372][492]LogWorld: Bringing up level for play took: 0.001442
[2017.09.02-13.28.56:384][492]PIE: /Game/ThirdPersonBP/Maps/UEDPIE_0_ThirdPersonExampleMap 에 대한 에디터에서 플레이 시작 시간: -0.451
[2017.09.02-13.28.56:385][492]LogBlueprintUserMessages: Late PlayInEditor Detection: Level '/Game/ThirdPersonBP/Maps/ThirdPersonExampleMap.ThirdPersonExampleMap:PersistentLevel' has LevelScriptBlueprint '/Game/ThirdPersonBP/Maps/ThirdPersonExampleMap.ThirdPersonExampleMap:PersistentLevel.ThirdPersonExampleMap' with GeneratedClass '/Game/ThirdPersonBP/Maps/ThirdPersonExampleMap.ThirdPersonExampleMap_C' with ClassGeneratedBy '/Game/ThirdPersonBP/Maps/ThirdPersonExampleMap.ThirdPersonExampleMap:PersistentLevel.ThirdPersonExampleMap'
[2017.09.02-13.29.00:844][836]LogBlueprintUserMessages: Early EndPlayMap Detection: Level '/Game/ThirdPersonBP/Maps/ThirdPersonExampleMap.ThirdPersonExampleMap:PersistentLevel' has LevelScriptBlueprint '/Game/ThirdPersonBP/Maps/ThirdPersonExampleMap.ThirdPersonExampleMap:PersistentLevel.ThirdPersonExampleMap' with GeneratedClass '/Game/ThirdPersonBP/Maps/ThirdPersonExampleMap.ThirdPersonExampleMap_C' with ClassGeneratedBy '/Game/ThirdPersonBP/Maps/ThirdPersonExampleMap.ThirdPersonExampleMap:PersistentLevel.ThirdPersonExampleMap'
[2017.09.02-13.29.00:893][836]LogBlueprintUserMessages: Late EndPlayMap Detection: Level '/Game/ThirdPersonBP/Maps/ThirdPersonExampleMap.ThirdPersonExampleMap:PersistentLevel' has LevelScriptBlueprint '/Game/ThirdPersonBP/Maps/ThirdPersonExampleMap.ThirdPersonExampleMap:PersistentLevel.ThirdPersonExampleMap' with GeneratedClass '/Game/ThirdPersonBP/Maps/ThirdPersonExampleMap.ThirdPersonExampleMap_C' with ClassGeneratedBy '/Game/ThirdPersonBP/Maps/ThirdPersonExampleMap.ThirdPersonExampleMap:PersistentLevel.ThirdPersonExampleMap'
[2017.09.02-13.29.01:652][889]LogTemp: Repeating last play command: 선택된 뷰포트
[2017.09.02-13.29.01:691][889]LogBlueprintUserMessages: Early PlayInEditor Detection: Level '/Game/ThirdPersonBP/Maps/ThirdPersonExampleMap.ThirdPersonExampleMap:PersistentLevel' has LevelScriptBlueprint '/Game/ThirdPersonBP/Maps/ThirdPersonExampleMap.ThirdPersonExampleMap:PersistentLevel.ThirdPersonExampleMap' with GeneratedClass '/Game/ThirdPersonBP/Maps/ThirdPersonExampleMap.ThirdPersonExampleMap_C' with ClassGeneratedBy '/Game/ThirdPersonBP/Maps/ThirdPersonExampleMap.ThirdPersonExampleMap:PersistentLevel.ThirdPersonExampleMap'
[2017.09.02-13.29.01:691][889]LogPlayLevel: PlayLevel: No blueprints needed recompiling
[2017.09.02-13.29.01:692][889]PIE: New page: PIE 세션: ThirdPersonExampleMap (2017. 9. 3. 오전 7:29:01)
[2017.09.02-13.29.01:692][889]LogPlayLevel: Creating play world package: /Game/ThirdPersonBP/Maps/UEDPIE_0_ThirdPersonExampleMap
[2017.09.02-13.29.01:715][889]LogPlayLevel: PIE: StaticDuplicateObject took: (0.023149s)
[2017.09.02-13.29.01:716][889]LogAIModule: Creating AISystem for world ThirdPersonExampleMap
[2017.09.02-13.29.01:716][889]LogPlayLevel: PIE: World Init took: (0.001233s)
[2017.09.02-13.29.01:717][889]LogPlayLevel: PIE: Created PIE world by copying editor world from /Game/ThirdPersonBP/Maps/ThirdPersonExampleMap.ThirdPersonExampleMap to /Game/ThirdPersonBP/Maps/UEDPIE_0_ThirdPersonExampleMap.ThirdPersonExampleMap (0.024870s)
[2017.09.02-13.29.01:739][889]LogInit: XAudio2 using '스피커(Realtek High Definition Audio(SST))' : 2 channels at 48 kHz using 32 bits per sample (channel mask 0x3)
[2017.09.02-13.29.01:756][889]LogInit: FAudioDevice initialized.
[2017.09.02-13.29.01:790][889]LogLoad: Game class is 'ThirdPersonGameMode_C'
[2017.09.02-13.29.01:792][889]LogWorld: Bringing World /Game/ThirdPersonBP/Maps/UEDPIE_0_ThirdPersonExampleMap.ThirdPersonExampleMap up for play (max tick rate 0) at 2017.09.02-22.29.01
[2017.09.02-13.29.01:793][889]LogWorld: Bringing up level for play took: 0.001367
[2017.09.02-13.29.01:807][889]PIE: /Game/ThirdPersonBP/Maps/UEDPIE_0_ThirdPersonExampleMap 에 대한 에디터에서 플레이 시작 시간: 0.971
[2017.09.02-13.29.01:807][889]LogBlueprintUserMessages: Late PlayInEditor Detection: Level '/Game/ThirdPersonBP/Maps/ThirdPersonExampleMap.ThirdPersonExampleMap:PersistentLevel' has LevelScriptBlueprint '/Game/ThirdPersonBP/Maps/ThirdPersonExampleMap.ThirdPersonExampleMap:PersistentLevel.ThirdPersonExampleMap' with GeneratedClass '/Game/ThirdPersonBP/Maps/ThirdPersonExampleMap.ThirdPersonExampleMap_C' with ClassGeneratedBy '/Game/ThirdPersonBP/Maps/ThirdPersonExampleMap.ThirdPersonExampleMap:PersistentLevel.ThirdPersonExampleMap'
[2017.09.02-13.29.11:842][619]LogBlueprintUserMessages: Early EndPlayMap Detection: Level '/Game/ThirdPersonBP/Maps/ThirdPersonExampleMap.ThirdPersonExampleMap:PersistentLevel' has LevelScriptBlueprint '/Game/ThirdPersonBP/Maps/ThirdPersonExampleMap.ThirdPersonExampleMap:PersistentLevel.ThirdPersonExampleMap' with GeneratedClass '/Game/ThirdPersonBP/Maps/ThirdPersonExampleMap.ThirdPersonExampleMap_C' with ClassGeneratedBy '/Game/ThirdPersonBP/Maps/ThirdPersonExampleMap.ThirdPersonExampleMap:PersistentLevel.ThirdPersonExampleMap'
[2017.09.02-13.29.11:891][619]LogBlueprintUserMessages: Late EndPlayMap Detection: Level '/Game/ThirdPersonBP/Maps/ThirdPersonExampleMap.ThirdPersonExampleMap:PersistentLevel' has LevelScriptBlueprint '/Game/ThirdPersonBP/Maps/ThirdPersonExampleMap.ThirdPersonExampleMap:PersistentLevel.ThirdPersonExampleMap' with GeneratedClass '/Game/ThirdPersonBP/Maps/ThirdPersonExampleMap.ThirdPersonExampleMap_C' with ClassGeneratedBy '/Game/ThirdPersonBP/Maps/ThirdPersonExampleMap.ThirdPersonExampleMap:PersistentLevel.ThirdPersonExampleMap'
[2017.09.02-13.31.21:933][ 33]BlueprintLog: New page: FloorTile 컴파일
[2017.09.02-13.31.27:778][310]LogTemp: Repeating last play command: 선택된 뷰포트
[2017.09.02-13.31.27:816][310]LogBlueprintUserMessages: Early PlayInEditor Detection: Level '/Game/ThirdPersonBP/Maps/ThirdPersonExampleMap.ThirdPersonExampleMap:PersistentLevel' has LevelScriptBlueprint '/Game/ThirdPersonBP/Maps/ThirdPersonExampleMap.ThirdPersonExampleMap:PersistentLevel.ThirdPersonExampleMap' with GeneratedClass '/Game/ThirdPersonBP/Maps/ThirdPersonExampleMap.ThirdPersonExampleMap_C' with ClassGeneratedBy '/Game/ThirdPersonBP/Maps/ThirdPersonExampleMap.ThirdPersonExampleMap:PersistentLevel.ThirdPersonExampleMap'
[2017.09.02-13.31.27:816][310]LogPlayLevel: PlayLevel: No blueprints needed recompiling
[2017.09.02-13.31.27:816][310]PIE: New page: PIE 세션: ThirdPersonExampleMap (2017. 9. 3. 오전 7:31:27)
[2017.09.02-13.31.27:816][310]LogPlayLevel: Creating play world package: /Game/ThirdPersonBP/Maps/UEDPIE_0_ThirdPersonExampleMap
[2017.09.02-13.31.27:840][310]LogPlayLevel: PIE: StaticDuplicateObject took: (0.023942s)
[2017.09.02-13.31.27:841][310]LogAIModule: Creating AISystem for world ThirdPersonExampleMap
[2017.09.02-13.31.27:841][310]LogPlayLevel: PIE: World Init took: (0.001402s)
[2017.09.02-13.31.27:842][310]LogPlayLevel: PIE: Created PIE world by copying editor world from /Game/ThirdPersonBP/Maps/ThirdPersonExampleMap.ThirdPersonExampleMap to /Game/ThirdPersonBP/Maps/UEDPIE_0_ThirdPersonExampleMap.ThirdPersonExampleMap (0.025743s)
[2017.09.02-13.31.27:868][310]LogInit: XAudio2 using '스피커(Realtek High Definition Audio(SST))' : 2 channels at 48 kHz using 32 bits per sample (channel mask 0x3)
[2017.09.02-13.31.27:885][310]LogInit: FAudioDevice initialized.
[2017.09.02-13.31.27:914][310]LogLoad: Game class is 'ThirdPersonGameMode_C'
[2017.09.02-13.31.27:916][310]LogWorld: Bringing World /Game/ThirdPersonBP/Maps/UEDPIE_0_ThirdPersonExampleMap.ThirdPersonExampleMap up for play (max tick rate 0) at 2017.09.02-22.31.27
[2017.09.02-13.31.27:916][310]LogWorld: Bringing up level for play took: 0.001188
[2017.09.02-13.31.27:927][310]PIE: /Game/ThirdPersonBP/Maps/UEDPIE_0_ThirdPersonExampleMap 에 대한 에디터에서 플레이 시작 시간: 1.091
[2017.09.02-13.31.27:927][310]LogBlueprintUserMessages: Late PlayInEditor Detection: Level '/Game/ThirdPersonBP/Maps/ThirdPersonExampleMap.ThirdPersonExampleMap:PersistentLevel' has LevelScriptBlueprint '/Game/ThirdPersonBP/Maps/ThirdPersonExampleMap.ThirdPersonExampleMap:PersistentLevel.ThirdPersonExampleMap' with GeneratedClass '/Game/ThirdPersonBP/Maps/ThirdPersonExampleMap.ThirdPersonExampleMap_C' with ClassGeneratedBy '/Game/ThirdPersonBP/Maps/ThirdPersonExampleMap.ThirdPersonExampleMap:PersistentLevel.ThirdPersonExampleMap'
[2017.09.02-13.31.29:560][437]LogBlueprintUserMessages: Early EndPlayMap Detection: Level '/Game/ThirdPersonBP/Maps/ThirdPersonExampleMap.ThirdPersonExampleMap:PersistentLevel' has LevelScriptBlueprint '/Game/ThirdPersonBP/Maps/ThirdPersonExampleMap.ThirdPersonExampleMap:PersistentLevel.ThirdPersonExampleMap' with GeneratedClass '/Game/ThirdPersonBP/Maps/ThirdPersonExampleMap.ThirdPersonExampleMap_C' with ClassGeneratedBy '/Game/ThirdPersonBP/Maps/ThirdPersonExampleMap.ThirdPersonExampleMap:PersistentLevel.ThirdPersonExampleMap'
[2017.09.02-13.31.29:606][437]LogBlueprintUserMessages: Late EndPlayMap Detection: Level '/Game/ThirdPersonBP/Maps/ThirdPersonExampleMap.ThirdPersonExampleMap:PersistentLevel' has LevelScriptBlueprint '/Game/ThirdPersonBP/Maps/ThirdPersonExampleMap.ThirdPersonExampleMap:PersistentLevel.ThirdPersonExampleMap' with GeneratedClass '/Game/ThirdPersonBP/Maps/ThirdPersonExampleMap.ThirdPersonExampleMap_C' with ClassGeneratedBy '/Game/ThirdPersonBP/Maps/ThirdPersonExampleMap.ThirdPersonExampleMap:PersistentLevel.ThirdPersonExampleMap'
[2017.09.02-13.31.30:164][478]LogTemp: Repeating last play command: 선택된 뷰포트
[2017.09.02-13.31.30:199][478]LogBlueprintUserMessages: Early PlayInEditor Detection: Level '/Game/ThirdPersonBP/Maps/ThirdPersonExampleMap.ThirdPersonExampleMap:PersistentLevel' has LevelScriptBlueprint '/Game/ThirdPersonBP/Maps/ThirdPersonExampleMap.ThirdPersonExampleMap:PersistentLevel.ThirdPersonExampleMap' with GeneratedClass '/Game/ThirdPersonBP/Maps/ThirdPersonExampleMap.ThirdPersonExampleMap_C' with ClassGeneratedBy '/Game/ThirdPersonBP/Maps/ThirdPersonExampleMap.ThirdPersonExampleMap:PersistentLevel.ThirdPersonExampleMap'
[2017.09.02-13.31.30:199][478]LogPlayLevel: PlayLevel: No blueprints needed recompiling
[2017.09.02-13.31.30:199][478]PIE: New page: PIE 세션: ThirdPersonExampleMap (2017. 9. 3. 오전 7:31:30)
[2017.09.02-13.31.30:200][478]LogPlayLevel: Creating play world package: /Game/ThirdPersonBP/Maps/UEDPIE_0_ThirdPersonExampleMap
[2017.09.02-13.31.30:226][478]LogPlayLevel: PIE: StaticDuplicateObject took: (0.025985s)
[2017.09.02-13.31.30:227][478]LogAIModule: Creating AISystem for world ThirdPersonExampleMap
[2017.09.02-13.31.30:227][478]LogPlayLevel: PIE: World Init took: (0.001152s)
[2017.09.02-13.31.30:227][478]LogPlayLevel: PIE: Created PIE world by copying editor world from /Game/ThirdPersonBP/Maps/ThirdPersonExampleMap.ThirdPersonExampleMap to /Game/ThirdPersonBP/Maps/UEDPIE_0_ThirdPersonExampleMap.ThirdPersonExampleMap (0.027708s)
[2017.09.02-13.31.30:250][478]LogInit: XAudio2 using '스피커(Realtek High Definition Audio(SST))' : 2 channels at 48 kHz using 32 bits per sample (channel mask 0x3)
[2017.09.02-13.31.30:265][478]LogInit: FAudioDevice initialized.
[2017.09.02-13.31.30:300][478]LogLoad: Game class is 'ThirdPersonGameMode_C'
[2017.09.02-13.31.30:302][478]LogWorld: Bringing World /Game/ThirdPersonBP/Maps/UEDPIE_0_ThirdPersonExampleMap.ThirdPersonExampleMap up for play (max tick rate 0) at 2017.09.02-22.31.30
[2017.09.02-13.31.30:302][478]LogWorld: Bringing up level for play took: 0.001097
[2017.09.02-13.31.30:313][478]PIE: /Game/ThirdPersonBP/Maps/UEDPIE_0_ThirdPersonExampleMap 에 대한 에디터에서 플레이 시작 시간: -0.523
[2017.09.02-13.31.30:313][478]LogBlueprintUserMessages: Late PlayInEditor Detection: Level '/Game/ThirdPersonBP/Maps/ThirdPersonExampleMap.ThirdPersonExampleMap:PersistentLevel' has LevelScriptBlueprint '/Game/ThirdPersonBP/Maps/ThirdPersonExampleMap.ThirdPersonExampleMap:PersistentLevel.ThirdPersonExampleMap' with GeneratedClass '/Game/ThirdPersonBP/Maps/ThirdPersonExampleMap.ThirdPersonExampleMap_C' with ClassGeneratedBy '/Game/ThirdPersonBP/Maps/ThirdPersonExampleMap.ThirdPersonExampleMap:PersistentLevel.ThirdPersonExampleMap'
[2017.09.02-13.31.43:326][458]LogBlueprintUserMessages: Early EndPlayMap Detection: Level '/Game/ThirdPersonBP/Maps/ThirdPersonExampleMap.ThirdPersonExampleMap:PersistentLevel' has LevelScriptBlueprint '/Game/ThirdPersonBP/Maps/ThirdPersonExampleMap.ThirdPersonExampleMap:PersistentLevel.ThirdPersonExampleMap' with GeneratedClass '/Game/ThirdPersonBP/Maps/ThirdPersonExampleMap.ThirdPersonExampleMap_C' with ClassGeneratedBy '/Game/ThirdPersonBP/Maps/ThirdPersonExampleMap.ThirdPersonExampleMap:PersistentLevel.ThirdPersonExampleMap'
[2017.09.02-13.31.43:371][458]LogBlueprintUserMessages: Late EndPlayMap Detection: Level '/Game/ThirdPersonBP/Maps/ThirdPersonExampleMap.ThirdPersonExampleMap:PersistentLevel' has LevelScriptBlueprint '/Game/ThirdPersonBP/Maps/ThirdPersonExampleMap.ThirdPersonExampleMap:PersistentLevel.ThirdPersonExampleMap' with GeneratedClass '/Game/ThirdPersonBP/Maps/ThirdPersonExampleMap.ThirdPersonExampleMap_C' with ClassGeneratedBy '/Game/ThirdPersonBP/Maps/ThirdPersonExampleMap.ThirdPersonExampleMap:PersistentLevel.ThirdPersonExampleMap'
[2017.09.02-13.31.49:125][765]Cmd: OBJ SAVEPACKAGE PACKAGE="/Game/Tile/FloorTile" FILE="../../../../../NewGarden/GardenProject/DaeguCasualGame/Running/Content/Tile/FloorTile.uasset" SILENT=true
[2017.09.02-13.31.49:253][765]LogSavePackage: Save=116.48ms
[2017.09.02-13.31.49:253][765]LogSavePackage: Moving '../../../../../NewGarden/GardenProject/DaeguCasualGame/Running/Saved/FloorTile9E4445504741EB09B78783BB8831AEE5.tmp' to '../../../../../NewGarden/GardenProject/DaeguCasualGame/Running/Content/Tile/FloorTile.uasset'
[2017.09.02-13.31.49:257][765]LogSavePackage: Display: Finished SavePackage ../../../../../NewGarden/GardenProject/DaeguCasualGame/Running/Content/Tile/FloorTile.uasset
[2017.09.02-13.31.59:662][437]LogContentBrowser: Native class hierarchy updated for 'SkeletonEditor' in 0.0008 seconds. Added 1 classes and 2 folders.
[2017.09.02-13.31.59:902][437]LogActorComponent: RegisterComponentWithWorld: (/Engine/Transient.World_8:PersistentLevel.Actor_0.DebugSkelMeshComponent_0) Already registered. Aborting.
[2017.09.02-13.32.00:206][437]LogSkeletalMesh: USkeletalMeshComponent::InitArticulated : Bodies already created (/Engine/Transient.World_8:PersistentLevel.Actor_0.DebugSkelMeshComponent_0) - call TermArticulated first.
[2017.09.02-13.32.00:991][437]LogContentBrowser: Native class hierarchy updated for 'ClothingSystemEditorInterface' in 0.0008 seconds. Added 1 classes and 0 folders.
[2017.09.02-13.32.01:041][437]LogContentBrowser: Verbose: The majority of assets in the view are of type: AnimSequence
[2017.09.02-13.32.34:799][982]LogActorComponent: RegisterComponentWithWorld: (/Engine/Transient.World_11:PersistentLevel.Actor_1.DebugSkelMeshComponent_2) Already registered. Aborting.
[2017.09.02-13.32.35:167][982]LogSkeletalMesh: USkeletalMeshComponent::InitArticulated : Bodies already created (/Engine/Transient.World_11:PersistentLevel.Actor_1.DebugSkelMeshComponent_2) - call TermArticulated first.
[2017.09.02-13.32.36:625][982]LogContentBrowser: Verbose: The majority of assets in the view are of type: AnimSequence
[2017.09.02-13.33.04:154][297]LogActorComponent: RegisterComponentWithWorld: (/Engine/Transient.World_15:PersistentLevel.Actor_2.DebugSkelMeshComponent_4) Already registered. Aborting.
[2017.09.02-13.33.04:197][297]LogSkeletalMesh: USkeletalMeshComponent::InitArticulated : Bodies already created (/Engine/Transient.World_15:PersistentLevel.Actor_2.DebugSkelMeshComponent_4) - call TermArticulated first.
[2017.09.02-13.33.07:035][297]LogContentBrowser: Verbose: The majority of assets in the view are of type: AnimSequence
[2017.09.02-13.36.34:110][558]BlueprintLog: New page: ThirdPerson_AnimBP 컴파일
[2017.09.02-13.37.44:929][312]LogAnimationCompression: Building Anim DDC data for AnimSequence /Game/Mannequin/Animations/ThirdPersonJump_End.ThirdPersonJump_End
[2017.09.02-13.38.54:796][120]BlueprintLog: New page: Player_AnimBP 컴파일
[2017.09.02-13.39.09:241][323]LogTemp: Repeating last play command: 선택된 뷰포트
[2017.09.02-13.39.09:271][323]LogBlueprintUserMessages: Early PlayInEditor Detection: Level '/Game/ThirdPersonBP/Maps/ThirdPersonExampleMap.ThirdPersonExampleMap:PersistentLevel' has LevelScriptBlueprint '/Game/ThirdPersonBP/Maps/ThirdPersonExampleMap.ThirdPersonExampleMap:PersistentLevel.ThirdPersonExampleMap' with GeneratedClass '/Game/ThirdPersonBP/Maps/ThirdPersonExampleMap.ThirdPersonExampleMap_C' with ClassGeneratedBy '/Game/ThirdPersonBP/Maps/ThirdPersonExampleMap.ThirdPersonExampleMap:PersistentLevel.ThirdPersonExampleMap'
[2017.09.02-13.39.09:271][323]LogPlayLevel: PlayLevel: No blueprints needed recompiling
[2017.09.02-13.39.09:271][323]PIE: New page: PIE 세션: ThirdPersonExampleMap (2017. 9. 3. 오전 7:39:09)
[2017.09.02-13.39.09:271][323]LogPlayLevel: Creating play world package: /Game/ThirdPersonBP/Maps/UEDPIE_0_ThirdPersonExampleMap
[2017.09.02-13.39.09:300][323]LogPlayLevel: PIE: StaticDuplicateObject took: (0.028349s)
[2017.09.02-13.39.09:302][323]LogAIModule: Creating AISystem for world ThirdPersonExampleMap
[2017.09.02-13.39.09:302][323]LogPlayLevel: PIE: World Init took: (0.002533s)
[2017.09.02-13.39.09:303][323]LogPlayLevel: PIE: Created PIE world by copying editor world from /Game/ThirdPersonBP/Maps/ThirdPersonExampleMap.ThirdPersonExampleMap to /Game/ThirdPersonBP/Maps/UEDPIE_0_ThirdPersonExampleMap.ThirdPersonExampleMap (0.031747s)
[2017.09.02-13.39.09:342][323]LogInit: XAudio2 using '스피커(Realtek High Definition Audio(SST))' : 2 channels at 48 kHz using 32 bits per sample (channel mask 0x3)
[2017.09.02-13.39.09:361][323]LogInit: FAudioDevice initialized.
[2017.09.02-13.39.09:401][323]LogLoad: Game class is 'ThirdPersonGameMode_C'
[2017.09.02-13.39.09:405][323]LogWorld: Bringing World /Game/ThirdPersonBP/Maps/UEDPIE_0_ThirdPersonExampleMap.ThirdPersonExampleMap up for play (max tick rate 60) at 2017.09.02-22.39.09
[2017.09.02-13.39.09:405][323]LogWorld: Bringing up level for play took: 0.001982
[2017.09.02-13.39.09:416][323]PIE: /Game/ThirdPersonBP/Maps/UEDPIE_0_ThirdPersonExampleMap 에 대한 에디터에서 플레이 시작 시간: 0.58
[2017.09.02-13.39.09:416][323]LogBlueprintUserMessages: Late PlayInEditor Detection: Level '/Game/ThirdPersonBP/Maps/ThirdPersonExampleMap.ThirdPersonExampleMap:PersistentLevel' has LevelScriptBlueprint '/Game/ThirdPersonBP/Maps/ThirdPersonExampleMap.ThirdPersonExampleMap:PersistentLevel.ThirdPersonExampleMap' with GeneratedClass '/Game/ThirdPersonBP/Maps/ThirdPersonExampleMap.ThirdPersonExampleMap_C' with ClassGeneratedBy '/Game/ThirdPersonBP/Maps/ThirdPersonExampleMap.ThirdPersonExampleMap:PersistentLevel.ThirdPersonExampleMap'
[2017.09.02-13.39.15:892][492]LogBlueprintUserMessages: Early EndPlayMap Detection: Level '/Game/ThirdPersonBP/Maps/ThirdPersonExampleMap.ThirdPersonExampleMap:PersistentLevel' has LevelScriptBlueprint '/Game/ThirdPersonBP/Maps/ThirdPersonExampleMap.ThirdPersonExampleMap:PersistentLevel.ThirdPersonExampleMap' with GeneratedClass '/Game/ThirdPersonBP/Maps/ThirdPersonExampleMap.ThirdPersonExampleMap_C' with ClassGeneratedBy '/Game/ThirdPersonBP/Maps/ThirdPersonExampleMap.ThirdPersonExampleMap:PersistentLevel.ThirdPersonExampleMap'
[2017.09.02-13.39.15:955][492]LogBlueprintUserMessages: Late EndPlayMap Detection: Level '/Game/ThirdPersonBP/Maps/ThirdPersonExampleMap.ThirdPersonExampleMap:PersistentLevel' has LevelScriptBlueprint '/Game/ThirdPersonBP/Maps/ThirdPersonExampleMap.ThirdPersonExampleMap:PersistentLevel.ThirdPersonExampleMap' with GeneratedClass '/Game/ThirdPersonBP/Maps/ThirdPersonExampleMap.ThirdPersonExampleMap_C' with ClassGeneratedBy '/Game/ThirdPersonBP/Maps/ThirdPersonExampleMap.ThirdPersonExampleMap:PersistentLevel.ThirdPersonExampleMap'
[2017.09.02-13.39.34:666][763]BlueprintLog: New page: PlayerCharacter 컴파일
[2017.09.02-13.39.34:812][763]LogBlueprint: Error: [Compiler PlayerCharacter] 이름이 "JumpStart" 인 함수를 'PlayerCharacter_C' 에서 찾을 수 없었습니다.
'PlayerCharacter_C' 컴파일이  Jump Start  에 대해 되었는지 확인하세요.
[2017.09.02-13.39.34:814][763]LogBlueprint: Error: [Compiler PlayerCharacter] 이름이 "JumpStart" 인 함수를 'PlayerCharacter_C' 에서 찾을 수 없었습니다.
'PlayerCharacter_C' 컴파일이  Jump Start  에 대해 되었는지 확인하세요.
[2017.09.02-13.39.35:055][763]LogScript: Warning: Accessed None 이 K2Node_DynamicCast_AsPlayer_Character 프로퍼티를 읽으려 합니다.
	Player_AnimBP_C /Engine/Transient.World_17:PersistentLevel.PlayerCharacter_C_0.CharacterMesh0.Player_AnimBP_C_0
	Function /Game/ThirdPersonBP/Player/Player_AnimBP.Player_AnimBP_C:ExecuteUbergraph_Player_AnimBP:02EC
[2017.09.02-13.39.35:055][763]LogScript: Warning: Accessed None 이 K2Node_DynamicCast_AsPlayer_Character 프로퍼티를 읽으려 합니다.
	Player_AnimBP_C /Engine/Transient.World_18:PersistentLevel.PlayerCharacter_C_1.CharacterMesh0.Player_AnimBP_C_2
	Function /Game/ThirdPersonBP/Player/Player_AnimBP.Player_AnimBP_C:ExecuteUbergraph_Player_AnimBP:02EC
[2017.09.02-13.39.35:454][763]LogBlueprint: Warning: [Compiler PlayerCharacter] [0879.43] PlayerCharacter 컴파일에 실패했습니다. 치명적 오류 2 회, 경고 0 회, [소요시간 787 ms] (/Game/ThirdPersonBP/Blueprints/PlayerCharacter.PlayerCharacter)
[2017.09.02-13.40.54:106][682]BlueprintLog: New page: PlayerCharacter 컴파일
[2017.09.02-13.40.54:225][682]LogBlueprint: Error: [Compiler PlayerCharacter] 이름이 "JumpStart" 인 함수를 'PlayerCharacter_C' 에서 찾을 수 없었습니다.
'PlayerCharacter_C' 컴파일이  Jump Start  에 대해 되었는지 확인하세요.
[2017.09.02-13.40.54:261][682]LogScript: Warning: Accessed None 이 K2Node_DynamicCast_AsPlayer_Character 프로퍼티를 읽으려 합니다.
	Player_AnimBP_C /Engine/Transient.World_17:PersistentLevel.PlayerCharacter_C_1.CharacterMesh0.Player_AnimBP_C_0
	Function /Game/ThirdPersonBP/Player/Player_AnimBP.Player_AnimBP_C:ExecuteUbergraph_Player_AnimBP:02EC
[2017.09.02-13.40.54:263][682]LogScript: Warning: Accessed None 이 K2Node_DynamicCast_AsPlayer_Character 프로퍼티를 읽으려 합니다.
	Player_AnimBP_C /Engine/Transient.World_18:PersistentLevel.PlayerCharacter_C_1.CharacterMesh0.Player_AnimBP_C_5
	Function /Game/ThirdPersonBP/Player/Player_AnimBP.Player_AnimBP_C:ExecuteUbergraph_Player_AnimBP:02EC
[2017.09.02-13.40.54:684][682]LogBlueprint: Warning: [Compiler PlayerCharacter] [0958.67] PlayerCharacter 컴파일에 실패했습니다. 치명적 오류 1 회, 경고 0 회, [소요시간 578 ms] (/Game/ThirdPersonBP/Blueprints/PlayerCharacter.PlayerCharacter)
[2017.09.02-13.41.03:153][776]BlueprintLog: New page: PlayerCharacter 컴파일
[2017.09.02-13.41.03:306][776]LogScript: Warning: Accessed None 이 K2Node_DynamicCast_AsPlayer_Character 프로퍼티를 읽으려 합니다.
	Player_AnimBP_C /Engine/Transient.World_17:PersistentLevel.PlayerCharacter_C_2.CharacterMesh0.Player_AnimBP_C_0
	Function /Game/ThirdPersonBP/Player/Player_AnimBP.Player_AnimBP_C:ExecuteUbergraph_Player_AnimBP:02EC
[2017.09.02-13.41.03:307][776]LogScript: Warning: Accessed None 이 K2Node_DynamicCast_AsPlayer_Character 프로퍼티를 읽으려 합니다.
	Player_AnimBP_C /Engine/Transient.World_18:PersistentLevel.PlayerCharacter_C_1.CharacterMesh0.Player_AnimBP_C_3
	Function /Game/ThirdPersonBP/Player/Player_AnimBP.Player_AnimBP_C:ExecuteUbergraph_Player_AnimBP:02EC
[2017.09.02-13.41.04:736][793]LogTemp: Repeating last play command: 선택된 뷰포트
[2017.09.02-13.41.04:769][793]LogBlueprintUserMessages: Early PlayInEditor Detection: Level '/Game/ThirdPersonBP/Maps/ThirdPersonExampleMap.ThirdPersonExampleMap:PersistentLevel' has LevelScriptBlueprint '/Game/ThirdPersonBP/Maps/ThirdPersonExampleMap.ThirdPersonExampleMap:PersistentLevel.ThirdPersonExampleMap' with GeneratedClass '/Game/ThirdPersonBP/Maps/ThirdPersonExampleMap.ThirdPersonExampleMap_C' with ClassGeneratedBy '/Game/ThirdPersonBP/Maps/ThirdPersonExampleMap.ThirdPersonExampleMap:PersistentLevel.ThirdPersonExampleMap'
[2017.09.02-13.41.04:769][793]LogPlayLevel: PlayLevel: No blueprints needed recompiling
[2017.09.02-13.41.04:769][793]PIE: New page: PIE 세션: ThirdPersonExampleMap (2017. 9. 3. 오전 7:41:04)
[2017.09.02-13.41.04:769][793]LogPlayLevel: Creating play world package: /Game/ThirdPersonBP/Maps/UEDPIE_0_ThirdPersonExampleMap
[2017.09.02-13.41.04:799][793]LogPlayLevel: PIE: StaticDuplicateObject took: (0.029414s)
[2017.09.02-13.41.04:799][793]LogAIModule: Creating AISystem for world ThirdPersonExampleMap
[2017.09.02-13.41.04:800][793]LogPlayLevel: PIE: World Init took: (0.000960s)
[2017.09.02-13.41.04:800][793]LogPlayLevel: PIE: Created PIE world by copying editor world from /Game/ThirdPersonBP/Maps/ThirdPersonExampleMap.ThirdPersonExampleMap to /Game/ThirdPersonBP/Maps/UEDPIE_0_ThirdPersonExampleMap.ThirdPersonExampleMap (0.030705s)
[2017.09.02-13.41.04:837][793]LogInit: XAudio2 using '스피커(Realtek High Definition Audio(SST))' : 2 channels at 48 kHz using 32 bits per sample (channel mask 0x3)
[2017.09.02-13.41.04:852][793]LogInit: FAudioDevice initialized.
[2017.09.02-13.41.04:889][793]LogLoad: Game class is 'ThirdPersonGameMode_C'
[2017.09.02-13.41.04:891][793]LogWorld: Bringing World /Game/ThirdPersonBP/Maps/UEDPIE_0_ThirdPersonExampleMap.ThirdPersonExampleMap up for play (max tick rate 60) at 2017.09.02-22.41.04
[2017.09.02-13.41.04:891][793]LogWorld: Bringing up level for play took: 0.001404
[2017.09.02-13.41.04:903][793]PIE: /Game/ThirdPersonBP/Maps/UEDPIE_0_ThirdPersonExampleMap 에 대한 에디터에서 플레이 시작 시간: 0.067
[2017.09.02-13.41.04:904][793]LogBlueprintUserMessages: Late PlayInEditor Detection: Level '/Game/ThirdPersonBP/Maps/ThirdPersonExampleMap.ThirdPersonExampleMap:PersistentLevel' has LevelScriptBlueprint '/Game/ThirdPersonBP/Maps/ThirdPersonExampleMap.ThirdPersonExampleMap:PersistentLevel.ThirdPersonExampleMap' with GeneratedClass '/Game/ThirdPersonBP/Maps/ThirdPersonExampleMap.ThirdPersonExampleMap_C' with ClassGeneratedBy '/Game/ThirdPersonBP/Maps/ThirdPersonExampleMap.ThirdPersonExampleMap:PersistentLevel.ThirdPersonExampleMap'
[2017.09.02-13.41.16:601][143]LogBlueprintUserMessages: Early EndPlayMap Detection: Level '/Game/ThirdPersonBP/Maps/ThirdPersonExampleMap.ThirdPersonExampleMap:PersistentLevel' has LevelScriptBlueprint '/Game/ThirdPersonBP/Maps/ThirdPersonExampleMap.ThirdPersonExampleMap:PersistentLevel.ThirdPersonExampleMap' with GeneratedClass '/Game/ThirdPersonBP/Maps/ThirdPersonExampleMap.ThirdPersonExampleMap_C' with ClassGeneratedBy '/Game/ThirdPersonBP/Maps/ThirdPersonExampleMap.ThirdPersonExampleMap:PersistentLevel.ThirdPersonExampleMap'
[2017.09.02-13.41.16:668][143]LogBlueprintUserMessages: Late EndPlayMap Detection: Level '/Game/ThirdPersonBP/Maps/ThirdPersonExampleMap.ThirdPersonExampleMap:PersistentLevel' has LevelScriptBlueprint '/Game/ThirdPersonBP/Maps/ThirdPersonExampleMap.ThirdPersonExampleMap:PersistentLevel.ThirdPersonExampleMap' with GeneratedClass '/Game/ThirdPersonBP/Maps/ThirdPersonExampleMap.ThirdPersonExampleMap_C' with ClassGeneratedBy '/Game/ThirdPersonBP/Maps/ThirdPersonExampleMap.ThirdPersonExampleMap:PersistentLevel.ThirdPersonExampleMap'
[2017.09.02-13.42.21:166][569]LogActorComponent: RegisterComponentWithWorld: (/Engine/Transient.World_19:PersistentLevel.Actor_3.DebugSkelMeshComponent_6) Already registered. Aborting.
[2017.09.02-13.42.21:214][569]LogSkeletalMesh: USkeletalMeshComponent::InitArticulated : Bodies already created (/Engine/Transient.World_19:PersistentLevel.Actor_3.DebugSkelMeshComponent_6) - call TermArticulated first.
[2017.09.02-13.42.29:586][569]LogContentBrowser: Verbose: The majority of assets in the view are of type: AnimSequence
[2017.09.02-13.44.24:484][534]LogFileHelpers: Editor autosave (incl. sublevels) for '/Game/ThirdPersonBP/Maps/ThirdPersonExampleMap' took 0.033
[2017.09.02-13.44.24:487][534]OBJ SavePackage: Generating thumbnails for [1] asset(s) in package [/Game/ThirdPersonBP/Blueprints/PlayerCharacter] ([1] browsable assets)...
[2017.09.02-13.44.24:527][534]OBJ SavePackage:     Rendered thumbnail for [Blueprint /Game/ThirdPersonBP/Blueprints/PlayerCharacter.PlayerCharacter]
[2017.09.02-13.44.24:527][534]OBJ SavePackage: Finished generating thumbnails for package [/Game/ThirdPersonBP/Blueprints/PlayerCharacter]
[2017.09.02-13.44.24:646][534]LogSavePackage: Save=103.56ms
[2017.09.02-13.44.24:646][534]LogSavePackage: Moving '../../../../../NewGarden/GardenProject/DaeguCasualGame/Running/Saved/PlayerCharacter_Auto1215D4EBA45AF6B5D6C3841A51F661B3A.tmp' to '../../../../../NewGarden/GardenProject/DaeguCasualGame/Running/Saved/Autosaves/Game/ThirdPersonBP/Blueprints/PlayerCharacter_Auto1.uasset'
[2017.09.02-13.44.24:648][534]LogSavePackage: Display: Finished SavePackage ../../../../../NewGarden/GardenProject/DaeguCasualGame/Running/Saved/Autosaves/Game/ThirdPersonBP/Blueprints/PlayerCharacter_Auto1.uasset
[2017.09.02-13.44.24:648][534]OBJ SavePackage: Generating thumbnails for [1] asset(s) in package [/Game/ThirdPersonBP/Player/Player_AnimBP] ([1] browsable assets)...
[2017.09.02-13.44.24:686][534]OBJ SavePackage:     Rendered thumbnail for [AnimBlueprint /Game/ThirdPersonBP/Player/Player_AnimBP.Player_AnimBP]
[2017.09.02-13.44.24:686][534]OBJ SavePackage: Finished generating thumbnails for package [/Game/ThirdPersonBP/Player/Player_AnimBP]
[2017.09.02-13.44.24:833][534]LogSavePackage: Save=127.63ms
[2017.09.02-13.44.24:833][534]LogSavePackage: Moving '../../../../../NewGarden/GardenProject/DaeguCasualGame/Running/Saved/Player_AnimBP_Auto18929CDD0426633A0CF629D9773A52416.tmp' to '../../../../../NewGarden/GardenProject/DaeguCasualGame/Running/Saved/Autosaves/Game/ThirdPersonBP/Player/Player_AnimBP_Auto1.uasset'
[2017.09.02-13.44.25:783][534]LogSavePackage: Display: Finished SavePackage ../../../../../NewGarden/GardenProject/DaeguCasualGame/Running/Saved/Autosaves/Game/ThirdPersonBP/Player/Player_AnimBP_Auto1.uasset
[2017.09.02-13.44.25:784][534]OBJ SavePackage: Generating thumbnails for [1] asset(s) in package [/Game/Mannequin/Animations/ThirdPerson_AnimBP] ([1] browsable assets)...
[2017.09.02-13.44.25:824][534]OBJ SavePackage:     Rendered thumbnail for [AnimBlueprint /Game/Mannequin/Animations/ThirdPerson_AnimBP.ThirdPerson_AnimBP]
[2017.09.02-13.44.25:824][534]OBJ SavePackage: Finished generating thumbnails for package [/Game/Mannequin/Animations/ThirdPerson_AnimBP]
[2017.09.02-13.44.25:952][534]LogSavePackage: Save=113.89ms
[2017.09.02-13.44.25:952][534]LogSavePackage: Moving '../../../../../NewGarden/GardenProject/DaeguCasualGame/Running/Saved/ThirdPerson_AnimBP_Auto1AF196F1847A888A2F54A5FA2231331AB.tmp' to '../../../../../NewGarden/GardenProject/DaeguCasualGame/Running/Saved/Autosaves/Game/Mannequin/Animations/ThirdPerson_AnimBP_Auto1.uasset'
[2017.09.02-13.44.25:952][534]LogSavePackage: Display: Finished SavePackage ../../../../../NewGarden/GardenProject/DaeguCasualGame/Running/Saved/Autosaves/Game/Mannequin/Animations/ThirdPerson_AnimBP_Auto1.uasset
[2017.09.02-13.44.25:953][534]LogFileHelpers: Auto-saving content packages took 1.467
[2017.09.02-13.46.32:729][255]LogActorComponent: UnregisterComponent: (/Engine/Transient.EditorFloorComp) Not registered. Aborting.
[2017.09.02-13.46.35:219][256]Cmd: QUIT_EDITOR
[2017.09.02-13.46.36:227][256]LogWindowsTextInputMethodSystem: Display: IME system now activated using TSF (Microsoft 입력기).
[2017.09.02-13.46.36:255][256]LogExit: Preparing to exit.
[2017.09.02-13.46.37:182][256]LogDirectoryWatcher: A directory notification for 'D:/NewGarden/GardenProject/DaeguCasualGame/Running/Content/' was aborted.
[2017.09.02-13.46.37:346][256]LogExit: Editor shut down
[2017.09.02-13.46.37:381][256]LogExit: Transaction tracking system shut down
[2017.09.02-13.46.37:679][256]LogDirectoryWatcher: A directory notification for '../../../Engine/Content/' was aborted.
[2017.09.02-13.46.37:679][256]LogDirectoryWatcher: A directory notification for '../../../../../NewGarden/GardenProject/DaeguCasualGame/Running/Content/' was aborted.
[2017.09.02-13.46.37:679][256]LogDirectoryWatcher: A directory notification for '../../../Engine/Plugins/2D/Paper2D/Content/' was aborted.
[2017.09.02-13.46.37:680][256]LogDirectoryWatcher: A directory notification for '../../../Engine/Plugins/Runtime/Oculus/OculusVR/Content/' was aborted.
[2017.09.02-13.46.37:680][256]LogDirectoryWatcher: A directory notification for '../../../Engine/Plugins/Runtime/Steam/SteamVR/Content/' was aborted.
[2017.09.02-13.46.37:865][256]LogExit: Object subsystem successfully closed.
[2017.09.02-13.46.37:901][256]LogD3D11RHI: Shutdown
[2017.09.02-13.46.37:901][256]LogD3D11RHI: CleanupD3DDevice
[2017.09.02-13.46.38:130][256]LogD3D11RHI: ~FD3D11DynamicRHI
[2017.09.02-13.46.38:146][256]LogModuleManager: Shutting down and abandoning module AnimationEditor (544)
[2017.09.02-13.46.38:146][256]LogModuleManager: Shutting down and abandoning module ClothingSystemEditorInterface (542)
[2017.09.02-13.46.38:147][256]LogModuleManager: Shutting down and abandoning module SkeletonEditor (540)
[2017.09.02-13.46.38:147][256]LogModuleManager: Shutting down and abandoning module AnimationBlueprintEditor (538)
[2017.09.02-13.46.38:147][256]LogModuleManager: Shutting down and abandoning module BlueprintGraph (536)
[2017.09.02-13.46.38:147][256]LogModuleManager: Shutting down and abandoning module BlueprintProfiler (534)
[2017.09.02-13.46.38:147][256]LogModuleManager: Shutting down and abandoning module MovieSceneCapture (532)
[2017.09.02-13.46.38:147][256]LogModuleManager: Shutting down and abandoning module HierarchicalLODOutliner (530)
[2017.09.02-13.46.38:147][256]LogModuleManager: Shutting down and abandoning module SceneOutliner (528)
[2017.09.02-13.46.38:147][256]LogModuleManager: Shutting down and abandoning module AddContentDialog (526)
[2017.09.02-13.46.38:147][256]LogDirectoryWatcher: A directory notification for 'D:/UnrealEngine/UE_4.17/FeaturePacks/' was aborted.
[2017.09.02-13.46.38:155][256]LogModuleManager: Shutting down and abandoning module WidgetCarousel (525)
[2017.09.02-13.46.38:155][256]LogModuleManager: Shutting down and abandoning module EditorWidgets (522)
[2017.09.02-13.46.38:155][256]LogModuleManager: Shutting down and abandoning module CollectionManager (520)
[2017.09.02-13.46.38:155][256]LogDirectoryWatcher: A directory notification for 'D:/NewGarden/GardenProject/DaeguCasualGame/Running/Content/Collections/' was aborted.
[2017.09.02-13.46.38:155][256]LogDirectoryWatcher: A directory notification for 'D:/NewGarden/GardenProject/DaeguCasualGame/Running/Content/Developers/JWOH/Collections/' was aborted.
[2017.09.02-13.46.38:155][256]LogDirectoryWatcher: A directory notification for 'D:/NewGarden/GardenProject/DaeguCasualGame/Running/Saved/Collections/' was aborted.
[2017.09.02-13.46.38:155][256]LogModuleManager: Shutting down and abandoning module StatsViewer (518)
[2017.09.02-13.46.38:155][256]LogModuleManager: Shutting down and abandoning module FoliageEdit (516)
[2017.09.02-13.46.38:155][256]LogModuleManager: Shutting down and abandoning module LandscapeEditor (514)
[2017.09.02-13.46.38:156][256]LogModuleManager: Shutting down and abandoning module MeshPaintMode (512)
[2017.09.02-13.46.38:156][256]LogModuleManager: Shutting down and abandoning module SceneDepthPickerMode (510)
[2017.09.02-13.46.38:156][256]LogModuleManager: Shutting down and abandoning module ActorPickerMode (508)
[2017.09.02-13.46.38:156][256]LogModuleManager: Shutting down and abandoning module GeometryMode (506)
[2017.09.02-13.46.38:156][256]LogModuleManager: Shutting down and abandoning module TextureAlignMode (504)
[2017.09.02-13.46.38:156][256]LogModuleManager: Shutting down and abandoning module BspMode (502)
[2017.09.02-13.46.38:156][256]LogModuleManager: Shutting down and abandoning module PIEPreviewDeviceProfileSelector (500)
[2017.09.02-13.46.38:156][256]LogModuleManager: Shutting down and abandoning module HardwareSurvey (498)
[2017.09.02-13.46.38:156][256]LogModuleManager: Shutting down and abandoning module SequenceRecorderSections (496)
[2017.09.02-13.46.38:156][256]LogModuleManager: Shutting down and abandoning module AutomationWorker (494)
[2017.09.02-13.46.38:156][256]LogModuleManager: Shutting down and abandoning module MatineeToLevelSequence (492)
[2017.09.02-13.46.38:156][256]LogModuleManager: Shutting down and abandoning module LevelSequenceEditor (490)
[2017.09.02-13.46.38:156][256]LogModuleManager: Shutting down and abandoning module PlacementMode (489)
[2017.09.02-13.46.38:156][256]LogModuleManager: Shutting down and abandoning module WmfMediaFactory (486)
[2017.09.02-13.46.38:156][256]LogModuleManager: Shutting down and abandoning module WmfMediaEditor (484)
[2017.09.02-13.46.38:156][256]LogModuleManager: Shutting down and abandoning module AvfMediaFactory (482)
[2017.09.02-13.46.38:156][256]LogModuleManager: Shutting down and abandoning module AvfMediaEditor (480)
[2017.09.02-13.46.38:156][256]LogModuleManager: Shutting down and abandoning module AndroidMediaFactory (478)
[2017.09.02-13.46.38:156][256]LogModuleManager: Shutting down and abandoning module Media (477)
[2017.09.02-13.46.38:156][256]LogModuleManager: Shutting down and abandoning module AndroidMediaEditor (474)
[2017.09.02-13.46.38:156][256]LogModuleManager: Shutting down and abandoning module CharacterAI (472)
[2017.09.02-13.46.38:156][256]LogModuleManager: Shutting down and abandoning module AudioCapture (470)
[2017.09.02-13.46.38:156][256]LogModuleManager: Shutting down and abandoning module SequenceRecorder (469)
[2017.09.02-13.46.38:156][256]LogModuleManager: Shutting down and abandoning module SmartSnapping (466)
[2017.09.02-13.46.38:156][256]LogModuleManager: Shutting down and abandoning module SessionServices (464)
[2017.09.02-13.46.38:156][256]LogModuleManager: Shutting down and abandoning module ViewportSnapping (462)
[2017.09.02-13.46.38:156][256]LogModuleManager: Shutting down and abandoning module ViewportInteraction (460)
[2017.09.02-13.46.38:156][256]LogModuleManager: Shutting down and abandoning module ClothPainter (458)
[2017.09.02-13.46.38:156][256]LogModuleManager: Shutting down and abandoning module LogVisualizer (456)
[2017.09.02-13.46.38:157][256]LogModuleManager: Shutting down and abandoning module IntroTutorials (454)
[2017.09.02-13.46.38:157][256]LogModuleManager: Shutting down and abandoning module GameProjectGeneration (453)
[2017.09.02-13.46.38:157][256]LogModuleManager: Shutting down and abandoning module IOSPlatformEditor (450)
[2017.09.02-13.46.38:157][256]LogModuleManager: Shutting down and abandoning module HTML5PlatformEditor (448)
[2017.09.02-13.46.38:157][256]LogModuleManager: Shutting down and abandoning module AndroidPlatformEditor (446)
[2017.09.02-13.46.38:157][256]LogModuleManager: Shutting down and abandoning module AndroidDeviceDetection (445)
[2017.09.02-13.46.38:359][256]LogModuleManager: Shutting down and abandoning module WindowsPlatformEditor (442)
[2017.09.02-13.46.38:360][256]LogModuleManager: Shutting down and abandoning module IOSRuntimeSettings (440)
[2017.09.02-13.46.38:360][256]LogModuleManager: Shutting down and abandoning module AndroidRuntimeSettings (438)
[2017.09.02-13.46.38:360][256]LogModuleManager: Shutting down and abandoning module InputBindingEditor (436)
[2017.09.02-13.46.38:360][256]LogModuleManager: Shutting down and abandoning module MergeActors (434)
[2017.09.02-13.46.38:360][256]LogModuleManager: Shutting down and abandoning module SizeMap (432)
[2017.09.02-13.46.38:360][256]LogModuleManager: Shutting down and abandoning module TreeMap (430)
[2017.09.02-13.46.38:360][256]LogModuleManager: Shutting down and abandoning module ReferenceViewer (428)
[2017.09.02-13.46.38:360][256]LogModuleManager: Shutting down and abandoning module LocalizationDashboard (426)
[2017.09.02-13.46.38:360][256]LogModuleManager: Shutting down and abandoning module LocalizationService (425)
[2017.09.02-13.46.38:360][256]LogModuleManager: Shutting down and abandoning module HardwareTargeting (422)
[2017.09.02-13.46.38:360][256]LogModuleManager: Shutting down and abandoning module DeviceProfileEditor (420)
[2017.09.02-13.46.38:360][256]LogModuleManager: Shutting down and abandoning module UndoHistory (418)
[2017.09.02-13.46.38:360][256]LogModuleManager: Shutting down and abandoning module XmlParser (416)
[2017.09.02-13.46.38:360][256]LogModuleManager: Shutting down and abandoning module Blutility (414)
[2017.09.02-13.46.38:360][256]LogModuleManager: Shutting down and abandoning module ProjectSettingsViewer (412)
[2017.09.02-13.46.38:360][256]LogModuleManager: Shutting down and abandoning module ProjectTargetPlatformEditor (411)
[2017.09.02-13.46.38:360][256]LogModuleManager: Shutting down and abandoning module EditorSettingsViewer (408)
[2017.09.02-13.46.38:361][256]LogModuleManager: Shutting down and abandoning module SettingsEditor (406)
[2017.09.02-13.46.38:361][256]LogModuleManager: Shutting down and abandoning module ProjectLauncher (404)
[2017.09.02-13.46.38:361][256]LogModuleManager: Shutting down and abandoning module SessionFrontend (402)
[2017.09.02-13.46.38:361][256]LogModuleManager: Shutting down and abandoning module ProfilerClient (400)
[2017.09.02-13.46.38:361][256]LogModuleManager: Shutting down and abandoning module DeviceManager (398)
[2017.09.02-13.46.38:361][256]LogModuleManager: Shutting down and abandoning module TargetDeviceServices (397)
[2017.09.02-13.46.38:415][256]LogModuleManager: Shutting down and abandoning module AutomationController (394)
[2017.09.02-13.46.38:415][256]LogModuleManager: Shutting down and abandoning module AutomationWindow (392)
[2017.09.02-13.46.38:415][256]LogModuleManager: Shutting down and abandoning module Layers (390)
[2017.09.02-13.46.38:415][256]LogModuleManager: Shutting down and abandoning module ComponentVisualizers (388)
[2017.09.02-13.46.38:415][256]LogModuleManager: Shutting down and abandoning module DetailCustomizations (386)
[2017.09.02-13.46.38:415][256]LogModuleManager: Shutting down and abandoning module PackagesDialog (384)
[2017.09.02-13.46.38:415][256]LogModuleManager: Shutting down and abandoning module Persona (382)
[2017.09.02-13.46.38:415][256]LogModuleManager: Shutting down and abandoning module AdvancedPreviewScene (381)
[2017.09.02-13.46.38:415][256]LogModuleManager: Shutting down and abandoning module AnimGraph (379)
[2017.09.02-13.46.38:416][256]LogModuleManager: Shutting down and abandoning module Kismet (376)
[2017.09.02-13.46.38:428][256]LogModuleManager: Shutting down and abandoning module ClassViewer (374)
[2017.09.02-13.46.38:428][256]LogModuleManager: Shutting down and abandoning module Toolbox (372)
[2017.09.02-13.46.38:428][256]LogModuleManager: Shutting down and abandoning module ModuleUI (370)
[2017.09.02-13.46.38:428][256]LogModuleManager: Shutting down and abandoning module MovieSceneTools (368)
[2017.09.02-13.46.38:428][256]LogModuleManager: Shutting down and abandoning module OutputLog (366)
[2017.09.02-13.46.38:428][256]LogModuleManager: Shutting down and abandoning module GammaUI (364)
[2017.09.02-13.46.38:428][256]LogModuleManager: Shutting down and abandoning module Documentation (362)
[2017.09.02-13.46.38:429][256]LogModuleManager: Shutting down and abandoning module MovieSceneTracks (360)
[2017.09.02-13.46.38:429][256]LogModuleManager: Shutting down and abandoning module MovieScene (358)
[2017.09.02-13.46.38:429][256]LogModuleManager: Shutting down and abandoning module Niagara (356)
[2017.09.02-13.46.38:429][256]LogModuleManager: Shutting down and abandoning module NiagaraEditor (355)
[2017.09.02-13.46.38:429][256]LogModuleManager: Shutting down and abandoning module StreamingPauseRendering (352)
[2017.09.02-13.46.38:429][256]LogModuleManager: Shutting down and abandoning module LauncherPlatform (350)
[2017.09.02-13.46.38:429][256]LogModuleManager: Shutting down and abandoning module AnalyticsET (348)
[2017.09.02-13.46.38:429][256]LogModuleManager: Shutting down and abandoning module PortalServices (346)
[2017.09.02-13.46.38:429][256]LogModuleManager: Shutting down and abandoning module PortalRpc (344)
[2017.09.02-13.46.38:429][256]LogModuleManager: Shutting down and abandoning module MessagingRpc (342)
[2017.09.02-13.46.38:429][256]LogModuleManager: Shutting down and abandoning module AIModule (340)
[2017.09.02-13.46.38:429][256]LogModuleManager: Shutting down and abandoning module GameplayDebugger (339)
[2017.09.02-13.46.38:429][256]LogModuleManager: Shutting down and abandoning module AITestSuite (337)
[2017.09.02-13.46.38:429][256]LogModuleManager: Shutting down and abandoning module ProfilerService (334)
[2017.09.02-13.46.38:656][256]LogModuleManager: Shutting down and abandoning module TaskGraph (332)
[2017.09.02-13.46.38:656][256]LogModuleManager: Shutting down and abandoning module SteamVRController (330)
[2017.09.02-13.46.38:656][256]LogModuleManager: Shutting down and abandoning module ProceduralMeshComponentEditor (328)
[2017.09.02-13.46.38:656][256]LogModuleManager: Shutting down and abandoning module ProceduralMeshComponent (326)
[2017.09.02-13.46.38:657][256]LogModuleManager: Shutting down and abandoning module OculusInput (324)
[2017.09.02-13.46.38:657][256]LogModuleManager: Shutting down and abandoning module MobilePatchingUtils (322)
[2017.09.02-13.46.38:657][256]LogModuleManager: Shutting down and abandoning module CustomMeshComponent (320)
[2017.09.02-13.46.38:657][256]LogModuleManager: Shutting down and abandoning module CableComponent (318)
[2017.09.02-13.46.38:657][256]LogModuleManager: Shutting down and abandoning module ArchVisCharacter (316)
[2017.09.02-13.46.38:657][256]LogModuleManager: Shutting down and abandoning module AndroidPermission (314)
[2017.09.02-13.46.38:657][256]LogModuleManager: Shutting down and abandoning module MediaPlayerEditor (310)
[2017.09.02-13.46.38:657][256]LogModuleManager: Shutting down and abandoning module HTML5Networking (308)
[2017.09.02-13.46.38:657][256]LogModuleManager: Shutting down and abandoning module AlembicImporter (306)
[2017.09.02-13.46.38:657][256]LogModuleManager: Shutting down and abandoning module AlembicLibrary (305)
[2017.09.02-13.46.38:657][256]LogModuleManager: Shutting down and abandoning module GeometryCache (304)
[2017.09.02-13.46.38:657][256]LogModuleManager: Shutting down and abandoning module GeometryCacheEd (303)
[2017.09.02-13.46.38:657][256]LogModuleManager: Shutting down and abandoning module SpeedTreeImporter (298)
[2017.09.02-13.46.38:657][256]LogModuleManager: Shutting down and abandoning module PluginBrowser (296)
[2017.09.02-13.46.38:657][256]LogModuleManager: Shutting down and abandoning module MobileLauncherProfileWizard (294)
[2017.09.02-13.46.38:657][256]LogModuleManager: Shutting down and abandoning module VisualStudioSourceCodeAccess (292)
[2017.09.02-13.46.38:657][256]LogModuleManager: Shutting down and abandoning module DesktopPlatform (291)
[2017.09.02-13.46.38:657][256]LogModuleManager: Shutting down and abandoning module UObjectPlugin (288)
[2017.09.02-13.46.38:657][256]LogModuleManager: Shutting down and abandoning module SubversionSourceControl (286)
[2017.09.02-13.46.38:657][256]LogModuleManager: Shutting down and abandoning module PerforceSourceControl (284)
[2017.09.02-13.46.38:657][256]LogModuleManager: Shutting down and abandoning module GitSourceControl (282)
[2017.09.02-13.46.38:657][256]LogModuleManager: Shutting down and abandoning module SourceControl (281)
[2017.09.02-13.46.38:658][256]LogModuleManager: Shutting down and abandoning module LightPropagationVolumeEditor (278)
[2017.09.02-13.46.38:658][256]LogModuleManager: Shutting down and abandoning module PaperTiledImporter (276)
[2017.09.02-13.46.38:658][256]LogModuleManager: Shutting down and abandoning module PaperSpriteSheetImporter (274)
[2017.09.02-13.46.38:658][256]LogModuleManager: Shutting down and abandoning module Paper2DEditor (272)
[2017.09.02-13.46.38:658][256]LogModuleManager: Shutting down and abandoning module MeshPaint (271)
[2017.09.02-13.46.38:658][256]LogModuleManager: Shutting down and abandoning module LevelEditor (269)
[2017.09.02-13.46.38:660][256]LogModuleManager: Shutting down and abandoning module PixelInspectorModule (268)
[2017.09.02-13.46.38:660][256]LogModuleManager: Shutting down and abandoning module MainFrame (266)
[2017.09.02-13.46.38:660][256]LogModuleManager: Shutting down and abandoning module HotReload (265)
[2017.09.02-13.46.38:679][256]LogModuleManager: Shutting down and abandoning module RuntimePhysXCooking (260)
[2017.09.02-13.46.38:680][256]LogModuleManager: Shutting down and abandoning module PhysXVehiclesEditor (258)
[2017.09.02-13.46.38:680][256]LogModuleManager: Shutting down and abandoning module PhysXVehicles (256)
[2017.09.02-13.46.38:680][256]LogModuleManager: Shutting down and abandoning module OculusEditor (254)
[2017.09.02-13.46.38:680][256]LogModuleManager: Shutting down and abandoning module LocationServicesBPLibrary (252)
[2017.09.02-13.46.38:680][256]LogModuleManager: Shutting down and abandoning module ImmediatePhysicsEditor (250)
[2017.09.02-13.46.38:680][256]LogModuleManager: Shutting down and abandoning module ImmediatePhysics (248)
[2017.09.02-13.46.38:680][256]LogModuleManager: Shutting down and abandoning module UdpMessaging (246)
[2017.09.02-13.46.38:781][256]LogModuleManager: Shutting down and abandoning module TcpMessaging (244)
[2017.09.02-13.46.38:881][256]LogModuleManager: Shutting down and abandoning module GameplayTagsEditor (242)
[2017.09.02-13.46.38:881][256]LogModuleManager: Shutting down and abandoning module FacialAnimationEditor (240)
[2017.09.02-13.46.38:881][256]LogModuleManager: Shutting down and abandoning module FacialAnimation (238)
[2017.09.02-13.46.38:881][256]LogModuleManager: Shutting down and abandoning module AssetManagerEditor (236)
[2017.09.02-13.46.38:881][256]LogModuleManager: Shutting down and abandoning module GraphEditor (235)
[2017.09.02-13.46.38:881][256]LogModuleManager: Shutting down and abandoning module ContentBrowser (233)
[2017.09.02-13.46.38:883][256]LogModuleManager: Shutting down and abandoning module LightPropagationVolumeRuntime (230)
[2017.09.02-13.46.38:884][256]LogModuleManager: Shutting down and abandoning module Paper2D (228)
[2017.09.02-13.46.38:884][256]LogModuleManager: Shutting down and abandoning module WindowsMoviePlayer (226)
[2017.09.02-13.46.38:884][256]LogModuleManager: Shutting down and abandoning module WmfMedia (224)
[2017.09.02-13.46.38:884][256]LogModuleManager: Shutting down and abandoning module PacketHandler (222)
[2017.09.02-13.46.38:884][256]LogModuleManager: Shutting down and abandoning module ClothingSystemEditor (220)
[2017.09.02-13.46.38:884][256]LogModuleManager: Shutting down and abandoning module ClothingSystemRuntime (218)
[2017.09.02-13.46.38:884][256]LogModuleManager: Shutting down and abandoning module Overlay (216)
[2017.09.02-13.46.38:884][256]LogModuleManager: Shutting down and abandoning module OverlayEditor (215)
[2017.09.02-13.46.38:884][256]LogModuleManager: Shutting down and abandoning module MediaAssets (212)
[2017.09.02-13.46.38:884][256]LogModuleManager: Shutting down and abandoning module VREditor (210)
[2017.09.02-13.46.38:884][256]LogModuleManager: Shutting down and abandoning module StringTableEditor (208)
[2017.09.02-13.46.38:884][256]LogModuleManager: Shutting down and abandoning module GameplayTasksEditor (206)
[2017.09.02-13.46.38:884][256]LogModuleManager: Shutting down and abandoning module BehaviorTreeEditor (204)
[2017.09.02-13.46.38:884][256]LogModuleManager: Shutting down and abandoning module FunctionalTesting (202)
[2017.09.02-13.46.38:884][256]LogModuleManager: Shutting down and abandoning module CollisionAnalyzer (200)
[2017.09.02-13.46.38:884][256]LogModuleManager: Shutting down and abandoning module WorkspaceMenuStructure (199)
[2017.09.02-13.46.38:884][256]LogModuleManager: Shutting down and abandoning module UMG (196)
[2017.09.02-13.46.38:884][256]LogModuleManager: Shutting down and abandoning module UMGEditor (195)
[2017.09.02-13.46.38:884][256]LogModuleManager: Shutting down and abandoning module Sequencer (194)
[2017.09.02-13.46.38:885][256]LogModuleManager: Shutting down and abandoning module MessageLog (191)
[2017.09.02-13.46.38:885][256]LogModuleManager: Shutting down and abandoning module SlateReflector (186)
[2017.09.02-13.46.38:885][256]LogModuleManager: Shutting down and abandoning module Slate (184)
[2017.09.02-13.46.38:885][256]LogModuleManager: Shutting down and abandoning module EditorStyle (182)
[2017.09.02-13.46.38:889][256]LogModuleManager: Shutting down and abandoning module MRMesh (180)
[2017.09.02-13.46.38:889][256]LogModuleManager: Shutting down and abandoning module SourceCodeAccess (178)
[2017.09.02-13.46.38:889][256]LogModuleManager: Shutting down and abandoning module HeadMountedDisplay (176)
[2017.09.02-13.46.38:889][256]LogModuleManager: Shutting down and abandoning module XAudio2 (174)
[2017.09.02-13.46.38:889][256]LogModuleManager: Shutting down and abandoning module Networking (172)
[2017.09.02-13.46.38:889][256]LogModuleManager: Shutting down and abandoning module Core (168)
[2017.09.02-13.46.38:889][256]LogModuleManager: Shutting down and abandoning module KismetCompiler (164)
[2017.09.02-13.46.38:889][256]LogModuleManager: Shutting down and abandoning module LevelSequence (162)
[2017.09.02-13.46.38:889][256]LogModuleManager: Shutting down and abandoning module MeshUtilities (160)
[2017.09.02-13.46.38:889][256]LogModuleManager: Shutting down and abandoning module MeshMergeUtilities (159)
[2017.09.02-13.46.38:889][256]LogModuleManager: Shutting down and abandoning module MeshReductionInterface (158)
[2017.09.02-13.46.38:889][256]LogModuleManager: Shutting down and abandoning module SimplygonSwarm (157)
[2017.09.02-13.46.38:889][256]LogModuleManager: Shutting down and abandoning module SimplygonMeshReduction (155)
[2017.09.02-13.46.38:890][256]LogModuleManager: Shutting down and abandoning module QuadricMeshReduction (153)
[2017.09.02-13.46.38:890][256]LogModuleManager: Shutting down and abandoning module MaterialBaking (149)
[2017.09.02-13.46.38:890][256]LogModuleManager: Shutting down and abandoning module DirectoryWatcher (146)
[2017.09.02-13.46.38:898][256]LogModuleManager: Shutting down and abandoning module DerivedDataCache (144)
[2017.09.02-13.46.38:956][256]LogDerivedDataCache: Shutdown
[2017.09.02-13.46.38:956][256]LogModuleManager: Shutting down and abandoning module TargetPlatform (142)
[2017.09.02-13.46.38:957][256]LogModuleManager: Shutting down and abandoning module VulkanShaderFormat (141)
[2017.09.02-13.46.38:957][256]LogModuleManager: Shutting down and abandoning module ShaderFormatVectorVM (139)
[2017.09.02-13.46.38:957][256]LogModuleManager: Shutting down and abandoning module ShaderFormatOpenGL (137)
[2017.09.02-13.46.38:957][256]LogModuleManager: Shutting down and abandoning module ShaderFormatD3D (135)
[2017.09.02-13.46.38:957][256]LogModuleManager: Shutting down and abandoning module MetalShaderFormat (133)
[2017.09.02-13.46.38:957][256]LogModuleManager: Shutting down and abandoning module TextureFormatUncompressed (131)
[2017.09.02-13.46.38:957][256]LogModuleManager: Shutting down and abandoning module TextureFormatPVR (129)
[2017.09.02-13.46.38:957][256]LogModuleManager: Shutting down and abandoning module TextureFormatDXT (127)
[2017.09.02-13.46.38:957][256]LogModuleManager: Shutting down and abandoning module TextureFormatIntelISPCTexComp (125)
[2017.09.02-13.46.38:957][256]LogModuleManager: Shutting down and abandoning module TextureFormatASTC (123)
[2017.09.02-13.46.38:957][256]LogModuleManager: Shutting down and abandoning module ImageWrapper (122)
[2017.09.02-13.46.38:957][256]LogModuleManager: Shutting down and abandoning module TextureFormatAndroid (119)
[2017.09.02-13.46.38:957][256]LogModuleManager: Shutting down and abandoning module AudioFormatOpus (117)
[2017.09.02-13.46.38:957][256]LogModuleManager: Shutting down and abandoning module AudioFormatOgg (115)
[2017.09.02-13.46.38:957][256]LogModuleManager: Shutting down and abandoning module AudioFormatADPCM (113)
[2017.09.02-13.46.38:957][256]LogModuleManager: Shutting down and abandoning module LinuxTargetPlatform (111)
[2017.09.02-13.46.38:957][256]LogModuleManager: Shutting down and abandoning module LinuxServerTargetPlatform (109)
[2017.09.02-13.46.38:957][256]LogModuleManager: Shutting down and abandoning module LinuxNoEditorTargetPlatform (107)
[2017.09.02-13.46.38:958][256]LogModuleManager: Shutting down and abandoning module LinuxClientTargetPlatform (105)
[2017.09.02-13.46.38:958][256]LogModuleManager: Shutting down and abandoning module TVOSTargetPlatform (103)
[2017.09.02-13.46.38:958][256]LogModuleManager: Shutting down and abandoning module Messaging (101)
[2017.09.02-13.46.38:958][256]LogModuleManager: Shutting down and abandoning module IOSTargetPlatform (99)
[2017.09.02-13.46.38:958][256]LogModuleManager: Shutting down and abandoning module HTML5TargetPlatform (97)
[2017.09.02-13.46.38:958][256]LogModuleManager: Shutting down and abandoning module Android_PVRTCTargetPlatform (95)
[2017.09.02-13.46.38:958][256]LogModuleManager: Shutting down and abandoning module Android_MultiTargetPlatform (93)
[2017.09.02-13.46.38:958][256]LogModuleManager: Shutting down and abandoning module Android_ETC2TargetPlatform (91)
[2017.09.02-13.46.38:958][256]LogModuleManager: Shutting down and abandoning module Android_ETC1TargetPlatform (89)
[2017.09.02-13.46.38:958][256]LogModuleManager: Shutting down and abandoning module Android_DXTTargetPlatform (87)
[2017.09.02-13.46.38:958][256]LogModuleManager: Shutting down and abandoning module Android_ATCTargetPlatform (85)
[2017.09.02-13.46.38:958][256]LogModuleManager: Shutting down and abandoning module Android_ASTCTargetPlatform (83)
[2017.09.02-13.46.38:958][256]LogModuleManager: Shutting down and abandoning module AndroidTargetPlatform (81)
[2017.09.02-13.46.38:958][256]LogModuleManager: Shutting down and abandoning module WindowsTargetPlatform (79)
[2017.09.02-13.46.38:958][256]LogModuleManager: Shutting down and abandoning module WindowsServerTargetPlatform (77)
[2017.09.02-13.46.38:958][256]LogModuleManager: Shutting down and abandoning module WindowsNoEditorTargetPlatform (75)
[2017.09.02-13.46.38:958][256]LogModuleManager: Shutting down and abandoning module WindowsClientTargetPlatform (73)
[2017.09.02-13.46.38:958][256]LogModuleManager: Shutting down and abandoning module MacTargetPlatform (71)
[2017.09.02-13.46.38:958][256]LogModuleManager: Shutting down and abandoning module MacServerTargetPlatform (69)
[2017.09.02-13.46.38:958][256]LogModuleManager: Shutting down and abandoning module MacNoEditorTargetPlatform (67)
[2017.09.02-13.46.38:958][256]LogModuleManager: Shutting down and abandoning module MacClientTargetPlatform (65)
[2017.09.02-13.46.38:958][256]LogModuleManager: Shutting down and abandoning module AllDesktopTargetPlatform (63)
[2017.09.02-13.46.38:958][256]LogModuleManager: Shutting down and abandoning module InputCore (60)
[2017.09.02-13.46.38:958][256]LogModuleManager: Shutting down and abandoning module Settings (58)
[2017.09.02-13.46.38:958][256]LogModuleManager: Shutting down and abandoning module PhysXCooking (56)
[2017.09.02-13.46.38:958][256]LogModuleManager: Shutting down and abandoning module SteamVR (54)
[2017.09.02-13.46.38:958][256]LogModuleManager: Shutting down and abandoning module OculusHMD (52)
[2017.09.02-13.46.38:958][256]LogModuleManager: Shutting down and abandoning module ExampleDeviceProfileSelector (50)
[2017.09.02-13.46.38:958][256]LogModuleManager: Shutting down and abandoning module OnlineBlueprintSupport (48)
[2017.09.02-13.46.38:959][256]LogModuleManager: Shutting down and abandoning module OnlineSubsystem (44)
[2017.09.02-13.46.38:959][256]LogOnline: Display: Unloading online subsystem: NULL
[2017.09.02-13.46.38:959][256]LogModuleManager: Shutting down and abandoning module XMPP (43)
[2017.09.02-13.46.38:959][256]LogModuleManager: Shutting down and abandoning module HTTP (41)
[2017.09.02-13.46.38:959][256]LogHttp: Display: Http module shutting down, but needs to wait on 1 outstanding Http requests:
[2017.09.02-13.46.38:959][256]LogHttp: Display: 	verb=[POST] url=[https://datarouter.ol.epicgames.com/datarouter/api/v1/public/data?SessionID=%7B2AA6DFAA-43D3-4FC1-8A68-15ACE1F1187C%7D&AppID=UEEditor.Rocket.Release&AppVersion=4.17.1-3586342%2B%2B%2BUE4%2BRelease-4.17&UserID=2b4b9104449ff9352e6e79a22565f81d%7C7c7d6b3990ad4a62a4d878ae6b0c72dd%7Cdff5993a-bb95-44de-bad5-df2ac76192ca&AppEnvironment=datacollector-binary&UploadType=eteventstream] status=Processing
[2017.09.02-13.46.38:992][256]LogModuleManager: Shutting down and abandoning module SSL (40)
[2017.09.02-13.46.38:995][256]LogModuleManager: Shutting down and abandoning module AnimationModifiers (36)
[2017.09.02-13.46.38:995][256]LogModuleManager: Shutting down and abandoning module PropertyEditor (35)
[2017.09.02-13.46.38:995][256]LogModuleManager: Shutting down and abandoning module AudioEditor (32)
[2017.09.02-13.46.38:995][256]LogModuleManager: Shutting down and abandoning module TextureCompressor (30)
[2017.09.02-13.46.38:995][256]LogModuleManager: Shutting down and abandoning module ShaderCore (28)
[2017.09.02-13.46.38:995][256]LogModuleManager: Shutting down and abandoning module Landscape (26)
[2017.09.02-13.46.38:995][256]LogModuleManager: Shutting down and abandoning module SlateRHIRenderer (24)
[2017.09.02-13.46.39:010][256]LogModuleManager: Shutting down and abandoning module OpenGLDrv (22)
[2017.09.02-13.46.39:010][256]LogModuleManager: Shutting down and abandoning module D3D11RHI (20)
[2017.09.02-13.46.39:010][256]LogModuleManager: Shutting down and abandoning module AnimGraphRuntime (18)
[2017.09.02-13.46.39:010][256]LogModuleManager: Shutting down and abandoning module Renderer (16)
[2017.09.02-13.46.39:010][256]LogModuleManager: Shutting down and abandoning module Engine (14)
[2017.09.02-13.46.39:010][256]LogModuleManager: Shutting down and abandoning module CoreUObject (12)
[2017.09.02-13.46.39:010][256]LogModuleManager: Shutting down and abandoning module NetworkFile (10)
[2017.09.02-13.46.39:010][256]LogModuleManager: Shutting down and abandoning module CookedIterativeFile (8)
[2017.09.02-13.46.39:010][256]LogModuleManager: Shutting down and abandoning module StreamingFile (6)
[2017.09.02-13.46.39:010][256]LogModuleManager: Shutting down and abandoning module SandboxFile (4)
[2017.09.02-13.46.39:010][256]LogModuleManager: Shutting down and abandoning module PakFile (2)
[2017.09.02-13.46.39:014][256]LogExit: Exiting.
[2017.09.02-13.46.39:037][256]Log file closed, 09/02/17 22:46:39
