Log file open, 09/04/17 20:42:57
LogWindows: LoadLibraryWithSearchPaths failed for file aqProf.dll. GetLastError=0
LogWindows: LoadLibraryWithSearchPaths failed for file VtuneApi.dll. GetLastError=0
LogWindows: LoadLibraryWithSearchPaths failed for file VtuneApi32e.dll. GetLastError=0
LogInit: Display: Running engine for game: Running
LogPlatformFile: Not using cached read wrapper
LogInit: Display: RandInit(-873940457) SRandInit(-873940457).
LogTaskGraph: Started task graph with 5 named threads and 14 total threads with 3 sets of task threads.
LogStats: Stats thread started at 4.473177
LogD3D11RHI: Aftermath initialized
LogPluginManager: Mounting plugin Paper2D
LogPluginManager: Mounting plugin LightPropagationVolume
LogPluginManager: Mounting plugin CodeLiteSourceCodeAccess
LogPluginManager: Mounting plugin GitSourceControl
LogPluginManager: Mounting plugin KDevelopSourceCodeAccess
LogPluginManager: Mounting plugin NullSourceCodeAccess
LogPluginManager: Mounting plugin PerforceSourceControl
LogPluginManager: Mounting plugin SubversionSourceControl
LogPluginManager: Mounting plugin UObjectPlugin
LogPluginManager: Mounting plugin VisualStudioSourceCodeAccess
LogPluginManager: Mounting plugin XCodeSourceCodeAccess
LogPluginManager: Mounting plugin AssetManagerEditor
LogPluginManager: Mounting plugin AudioCapture
LogPluginManager: Mounting plugin FacialAnimation
LogPluginManager: Mounting plugin GameplayTagsEditor
LogPluginManager: Mounting plugin MobileLauncherProfileWizard
LogPluginManager: Mounting plugin PluginBrowser
LogPluginManager: Mounting plugin SpeedTreeImporter
LogPluginManager: Mounting plugin AlembicImporter
LogPluginManager: Mounting plugin CharacterAI
LogPluginManager: Mounting plugin HTML5Networking
LogPluginManager: Mounting plugin AndroidMedia
LogPluginManager: Mounting plugin AvfMedia
LogPluginManager: Mounting plugin MediaPlayerEditor
LogPluginManager: Mounting plugin WmfMedia
LogPluginManager: Mounting plugin TcpMessaging
LogPluginManager: Mounting plugin UdpMessaging
LogPluginManager: Mounting plugin LevelSequenceEditor
LogPluginManager: Mounting plugin MatineeToLevelSequence
LogPluginManager: Mounting plugin OnlineSubsystemGooglePlay
LogPluginManager: Mounting plugin OnlineSubsystemIOS
LogPluginManager: Mounting plugin OnlineSubsystem
LogPluginManager: Mounting plugin OnlineSubsystemNull
LogPluginManager: Mounting plugin OnlineSubsystemUtils
LogPluginManager: Mounting plugin AndroidDeviceProfileSelector
LogPluginManager: Mounting plugin AndroidMoviePlayer
LogPluginManager: Mounting plugin AndroidPermission
LogPluginManager: Mounting plugin AppleMoviePlayer
LogPluginManager: Mounting plugin ArchVisCharacter
LogPluginManager: Mounting plugin CableComponent
LogPluginManager: Mounting plugin CustomMeshComponent
LogPluginManager: Mounting plugin ExampleDeviceProfileSelector
LogPluginManager: Mounting plugin GoogleCloudMessaging
LogPluginManager: Mounting plugin ImmediatePhysics
LogPluginManager: Mounting plugin IOSDeviceProfileSelector
LogPluginManager: Mounting plugin LinuxDeviceProfileSelector
LogPluginManager: Mounting plugin LocationServicesBPLibrary
LogPluginManager: Mounting plugin MobilePatchingUtils
LogPluginManager: Mounting plugin OculusVR
LogPluginManager: Mounting plugin PhysXVehicles
LogPluginManager: Mounting plugin ProceduralMeshComponent
LogPluginManager: Mounting plugin RuntimePhysXCooking
LogPluginManager: Mounting plugin SteamVR
LogPluginManager: Mounting plugin WindowsMoviePlayer
LogInit: Using libcurl 7.47.1
LogInit:  - built for x86_64-pc-win32
LogInit:  - supports SSL with OpenSSL/1.0.2g
LogInit:  - supports HTTP deflate (compression) using libz 1.2.8
LogInit:  - other features:
LogInit:      CURL_VERSION_SSL
LogInit:      CURL_VERSION_LIBZ
LogInit:      CURL_VERSION_IPV6
LogInit:      CURL_VERSION_ASYNCHDNS
LogInit:      CURL_VERSION_LARGEFILE
LogInit:      CURL_VERSION_IDN
LogInit:  CurlRequestOptions (configurable via config and command line):
LogInit:  - bVerifyPeer = false  - Libcurl will NOT verify peer certificate
LogInit:  - bUseHttpProxy = false  - Libcurl will NOT use HTTP proxy
LogInit:  - bDontReuseConnections = false  - Libcurl will reuse connections
LogInit:  - CertBundlePath = nullptr  - Libcurl will use whatever was configured at build time.
LogInit: Build: ++UE4+Release-4.17-CL-3586342
LogInit: Engine Version: 4.17.1-3586342+++UE4+Release-4.17
LogInit: Compatible Engine Version: 4.17.0-3573198+++UE4+Release-4.17
LogInit: Net CL: 3573198
LogDevObjectVersion: Number of dev versions registered: 16
LogDevObjectVersion:   Dev-Blueprints (B0D832E4-1F89-4F0D-ACCF-7EB736FD4AA2): 10
LogDevObjectVersion:   Dev-Build (E1C64328-A22C-4D53-A36C-8E866417BD8C): 0
LogDevObjectVersion:   Dev-Core (375EC13C-06E4-48FB-B500-84F0262A717E): 2
LogDevObjectVersion:   Dev-Editor (E4B068ED-F494-42E9-A231-DA0B2E46BB41): 20
LogDevObjectVersion:   Dev-Framework (CFFC743F-43B0-4480-9391-14DF171D2073): 28
LogDevObjectVersion:   Dev-Mobile (B02B49B5-BB20-44E9-A304-32B752E40360): 0
LogDevObjectVersion:   Dev-Networking (A4E4105C-59A1-49B5-A7C5-40C4547EDFEE): 0
LogDevObjectVersion:   Dev-Online (39C831C9-5AE6-47DC-9A44-9C173E1C8E7C): 0
LogDevObjectVersion:   Dev-Physics (78F01B33-EBEA-4F98-B9B4-84EACCB95AA2): 0
LogDevObjectVersion:   Dev-Platform (6631380F-2D4D-43E0-8009-CF276956A95A): 0
LogDevObjectVersion:   Dev-Rendering (12F88B9F-8875-4AFC-A67C-D90C383ABD29): 19
LogDevObjectVersion:   Dev-Sequencer (7B5AE74C-D270-4C10-A958-57980B212A5A): 4
LogDevObjectVersion:   Dev-VR (D7296918-1DD6-4BDD-9DE2-64A83CC13884): 0
LogDevObjectVersion:   Dev-LoadTimes (C2A15278-BFE7-4AFE-6C17-90FF531DF755): 1
LogDevObjectVersion:   Private-Geometry (6EACA3D4-40EC-4CC1-B786-8BED09428FC5): 1
LogDevObjectVersion:   Dev-AnimPhys (29E575DD-E0A3-4627-9D10-D276232CDCEA): 7
LogInit: Compiled (64-bit): Aug 15 2017 02:05:26
LogInit: Compiled with Visual C++: 19.00.24215.01
LogInit: Build Configuration: Development
LogInit: Branch Name: ++UE4+Release-4.17
LogInit: Command line:  
LogInit: Base directory: D:/UnrealEngine/UE_4.17/Engine/Binaries/Win64/
LogInit: Installed Engine Build: 1
LogInit: Presizing for max 8388607 objects, including 0 objects not considered by GC, pre-allocating 0 bytes for permanent pool.
LogInit: Object subsystem initialized
[2017.09.04-11.43.00:664][  0]LogInit: Selected Device Profile: [Windows]
[2017.09.04-11.43.00:664][  0]LogInit: Applying CVar settings loaded from the selected device profile: [Windows]
[2017.09.04-11.43.00:902][  0]LogInit: Computer: DESKTOP-6JOGDQL
[2017.09.04-11.43.00:902][  0]LogInit: User: JWOH
[2017.09.04-11.43.00:902][  0]LogInit: CPU Page size=4096, Cores=4
[2017.09.04-11.43.00:902][  0]LogInit: High frequency timer resolution =2.531249 MHz
[2017.09.04-11.43.00:903][  0]LogMemory: Memory total: Physical=7.9GB (8GB approx)
[2017.09.04-11.43.00:903][  0]LogMemory: Platform Memory Stats for Windows
[2017.09.04-11.43.00:903][  0]LogMemory: Process Physical Memory: 280.65 MB used, 280.65 MB peak
[2017.09.04-11.43.00:903][  0]LogMemory: Process Virtual Memory: 282.30 MB used, 282.30 MB peak
[2017.09.04-11.43.00:903][  0]LogMemory: Physical Memory: 5010.48 MB used,  3045.18 MB free, 8055.66 MB total
[2017.09.04-11.43.00:903][  0]LogMemory: Virtual Memory: 677.23 MB used,  3045.18 MB free, 134217728.00 MB total
[2017.09.04-11.43.02:745][  0]LogInit: Using OS detected language (ko-KR).
[2017.09.04-11.43.02:745][  0]LogInit: Using OS detected locale (ko-KR).
[2017.09.04-11.43.03:132][  0]LogTextLocalizationManager: No specific localization for 'ko-KR' exists, so the 'ko' localization will be used.
[2017.09.04-11.43.07:927][  0]LogD3D11RHI: D3D11 adapters:
[2017.09.04-11.43.07:965][  0]LogD3D11RHI:    0. 'NVIDIA GeForce GTX 960M' (Feature Level 11_0)
[2017.09.04-11.43.07:965][  0]LogD3D11RHI:       2019/0/4027 MB DedicatedVideo/DedicatedSystem/SharedSystem, Outputs:1, VendorId:0x10de
[2017.09.04-11.43.07:976][  0]LogD3D11RHI:    1. 'Intel(R) HD Graphics 530' (Feature Level 11_0)
[2017.09.04-11.43.07:976][  0]LogD3D11RHI:       128/0/4027 MB DedicatedVideo/DedicatedSystem/SharedSystem, Outputs:0, VendorId:0x8086
[2017.09.04-11.43.07:980][  0]LogD3D11RHI:    2. 'Microsoft Basic Render Driver' (Feature Level 11_0)
[2017.09.04-11.43.07:980][  0]LogD3D11RHI:       0/0/4027 MB DedicatedVideo/DedicatedSystem/SharedSystem, Outputs:0, VendorId:0x1414
[2017.09.04-11.43.07:980][  0]LogD3D11RHI: Chosen D3D11 Adapter: 0
[2017.09.04-11.43.07:986][  0]LogD3D11RHI: Creating new Direct3DDevice
[2017.09.04-11.43.07:986][  0]LogD3D11RHI:     GPU DeviceId: 0x139b (for the marketing name, search the web for "GPU Device Id")
[2017.09.04-11.43.07:986][  0]LogWindows: EnumDisplayDevices:
[2017.09.04-11.43.07:987][  0]LogWindows:    0. 'Intel(R) HD Graphics 530' (P:1 D:1)
[2017.09.04-11.43.07:987][  0]LogWindows:    1. 'Intel(R) HD Graphics 530' (P:0 D:0)
[2017.09.04-11.43.07:988][  0]LogWindows:    2. 'Intel(R) HD Graphics 530' (P:0 D:0)
[2017.09.04-11.43.07:988][  0]LogWindows: DebugString: PrimaryIsNotTheChoosenAdapter PrimaryIsNotTheChoosenAdapter PrimaryIsNotTheChoosenAdapter FoundDriverCount:0 
[2017.09.04-11.43.07:988][  0]LogD3D11RHI:     Adapter Name: NVIDIA GeForce GTX 960M
[2017.09.04-11.43.07:988][  0]LogD3D11RHI:   Driver Version: Unknown (internal:Unknown, unified:Unknown)
[2017.09.04-11.43.07:988][  0]LogD3D11RHI:      Driver Date: Unknown
[2017.09.04-11.43.07:988][  0]LogRHI: Texture pool is 1361 MB (70% of 1945 MB)
[2017.09.04-11.43.08:006][  0]LogD3D11RHI: Async texture creation enabled
[2017.09.04-11.43.08:367][  0]LogD3D11RHI: GPU Timing Frequency: 1000.000000 (Debug: 2 1)
[2017.09.04-11.43.08:456][  0]LogShaderCompilers: Guid format shader working directory is -16 characters bigger than the processId version (../../../../../NewGarden/GardenProject/DaeguCasualGame/Running/Intermediate/Shaders/WorkingDirectory/11740/).
[2017.09.04-11.43.08:456][  0]LogShaderCompilers: Cleaned the shader compiler working directory 'C:/Users/J.W OH/AppData/Local/Temp/UnrealShaderWorkingDir/05C6D5CA49958D23D1721297AAC8FD1F/'.
[2017.09.04-11.43.08:468][  0]LogShaderCompilers: Display: Using Local Shader Compiler.
[2017.09.04-11.43.13:373][  0]LogTemp: Display: Loaded TP AllDesktopTargetPlatform
[2017.09.04-11.43.13:440][  0]LogTemp: Display: Loaded TP MacClientTargetPlatform
[2017.09.04-11.43.13:504][  0]LogTemp: Display: Loaded TP MacNoEditorTargetPlatform
[2017.09.04-11.43.13:569][  0]LogTemp: Display: Loaded TP MacServerTargetPlatform
[2017.09.04-11.43.13:675][  0]LogTemp: Display: Loaded TP MacTargetPlatform
[2017.09.04-11.43.13:740][  0]LogTemp: Display: Loaded TP WindowsClientTargetPlatform
[2017.09.04-11.43.13:816][  0]LogTemp: Display: Loaded TP WindowsNoEditorTargetPlatform
[2017.09.04-11.43.13:883][  0]LogTemp: Display: Loaded TP WindowsServerTargetPlatform
[2017.09.04-11.43.13:945][  0]LogTemp: Display: Loaded TP WindowsTargetPlatform
[2017.09.04-11.43.14:055][  0]LogTemp: Display: Loaded TP AndroidTargetPlatform
[2017.09.04-11.43.14:121][  0]LogTemp: Display: Loaded TP Android_ASTCTargetPlatform
[2017.09.04-11.43.14:198][  0]LogTemp: Display: Loaded TP Android_ATCTargetPlatform
[2017.09.04-11.43.14:264][  0]LogTemp: Display: Loaded TP Android_DXTTargetPlatform
[2017.09.04-11.43.14:339][  0]LogTemp: Display: Loaded TP Android_ETC1TargetPlatform
[2017.09.04-11.43.14:404][  0]LogTemp: Display: Loaded TP Android_ETC2TargetPlatform
[2017.09.04-11.43.14:539][  0]LogTemp: Display: Loaded TP Android_MultiTargetPlatform
[2017.09.04-11.43.14:539][  0]LogTemp: Display: Loaded TP Android_PVRTCTargetPlatform
[2017.09.04-11.43.14:597][  0]LogTemp: Display: Loaded TP HTML5TargetPlatform
[2017.09.04-11.43.14:854][  0]LogTemp: Display: Loaded TP IOSTargetPlatform
[2017.09.04-11.43.14:881][  0]LogTemp: Display: Loaded TP TVOSTargetPlatform
[2017.09.04-11.43.14:953][  0]LogTemp: Display: Loaded TP LinuxClientTargetPlatform
[2017.09.04-11.43.15:023][  0]LogTemp: Display: Loaded TP LinuxNoEditorTargetPlatform
[2017.09.04-11.43.15:089][  0]LogTemp: Display: Loaded TP LinuxServerTargetPlatform
[2017.09.04-11.43.15:209][  0]LogTemp: Display: Loaded TP LinuxTargetPlatform
[2017.09.04-11.43.15:209][  0]LogTargetPlatformManager: Display: Building Assets For Windows
[2017.09.04-11.43.17:120][  0]LogDerivedDataCache: Display: Max Cache Size: 512 MB
[2017.09.04-11.43.17:529][  0]LogDerivedDataCache: Loaded boot cache 0.41s 93MB C:/Users/J.W OH/AppData/Local/UnrealEngine/4.17/DerivedDataCache/Boot.ddc.
[2017.09.04-11.43.17:529][  0]LogDerivedDataCache: Display: Loaded Boot cache: C:/Users/J.W OH/AppData/Local/UnrealEngine/4.17/DerivedDataCache/Boot.ddc
[2017.09.04-11.43.17:529][  0]LogDerivedDataCache: FDerivedDataBackendGraph:  Pak pak cache file ../../../../../NewGarden/GardenProject/DaeguCasualGame/Running/DerivedDataCache/DDC.ddp not found, will not use a pak cache.
[2017.09.04-11.43.17:529][  0]LogDerivedDataCache: Unable to find inner node Pak for hierarchical cache Hierarchy.
[2017.09.04-11.43.17:529][  0]LogDerivedDataCache: FDerivedDataBackendGraph:  CompressedPak pak cache file ../../../../../NewGarden/GardenProject/DaeguCasualGame/Running/DerivedDataCache/Compressed.ddp not found, will not use a pak cache.
[2017.09.04-11.43.17:529][  0]LogDerivedDataCache: Unable to find inner node CompressedPak for hierarchical cache Hierarchy.
[2017.09.04-11.43.17:665][  0]LogDerivedDataCache: Display: Pak cache opened for reading ../../../Engine/DerivedDataCache/Compressed.ddp.
[2017.09.04-11.43.17:679][  0]LogDerivedDataCache: Using Local data cache path C:/Users/J.W OH/AppData/Local/UnrealEngine/Common/DerivedDataCache: Writable
[2017.09.04-11.43.17:735][  0]LogMaterial: Verifying Global Shaders for PCD3D_SM5
[2017.09.04-11.43.17:806][  0]LogSlate: Using Freetype 2.6.0
[2017.09.04-11.43.17:899][  0]LogSlate: SlateFontCache - WITH_FREETYPE: 1, WITH_HARFBUZZ: 1
[2017.09.04-11.43.17:918][  0]LogSlate: SlateFontCache - WITH_FREETYPE: 1, WITH_HARFBUZZ: 1
[2017.09.04-11.43.27:077][  0]LogAssetRegistry: FAssetRegistry took 0.0306 seconds to start up
[2017.09.04-11.43.30:299][  0]LogInit: Selected Device Profile: [Windows]
[2017.09.04-11.43.34:911][  0]LogContentStreaming: Texture pool size is 0.00 MB
[2017.09.04-11.43.36:084][  0]LogSimplygon: Simplygon DLL not present - disabling.
[2017.09.04-11.43.36:172][  0]LogMeshReduction: Using SimplygonSwarm for distributed automatic mesh merging
[2017.09.04-11.43.36:175][  0]LogMeshReduction: Using QuadricMeshReduction for automatic static mesh reduction
[2017.09.04-11.43.36:186][  0]LogMeshReduction: No automatic skeletal mesh reduction module available
[2017.09.04-11.43.36:186][  0]LogMeshReduction: No automatic mesh merging module available
[2017.09.04-11.43.36:186][  0]LogMeshMerging: No automatic mesh merging module available
[2017.09.04-11.43.39:582][  0]LogNetVersion: Running , NetCL: 3573198, EngineNetVer: 2, GameNetVer: 0 (Checksum: 2171864424)
[2017.09.04-11.43.41:481][  0]LogPackageLocalizationCache: Processed 5 localized package path(s) for 2 prioritized culture(s) in 0.201903 seconds
[2017.09.04-11.43.41:508][  0]LogUObjectArray: 35825 objects as part of root set at end of initial load.
[2017.09.04-11.43.41:508][  0]LogUObjectAllocator: 7529104 out of 0 bytes used by permanent object pool.
[2017.09.04-11.43.41:508][  0]LogUObjectArray: CloseDisregardForGC: 0/0 objects in disregard for GC pool
[2017.09.04-11.43.41:567][  0]LogInit: WinSock: version 1.1 (2.2), MaxSocks=32767, MaxUdp=65467
[2017.09.04-11.44.00:512][  0]LogTcpMessaging: Initializing TcpMessaging bridge
[2017.09.04-11.44.00:583][  0]LogUdpMessaging: Initializing bridge on interface 0.0.0.0:0 to multicast group 230.0.0.1:6666.
[2017.09.04-11.44.02:870][  0]LogMaterial: Uniform references updated for custom material expression Custom.
[2017.09.04-11.44.03:958][  0]SourceControl: 소스 콘트롤이 꺼졌습니다.
[2017.09.04-11.44.03:958][  0]SourceControl: 소스 콘트롤이 꺼졌습니다.
[2017.09.04-11.44.04:094][  0]SourceControl: 소스 콘트롤이 꺼졌습니다.
[2017.09.04-11.44.04:193][  0]SourceControl: 소스 콘트롤이 꺼졌습니다.
[2017.09.04-11.44.05:590][  0]LogAndroidPermission: UAndroidPermissionCallbackProxy::GetInstance
[2017.09.04-11.44.06:037][  0]LogOcInput: OculusInput pre-init called
[2017.09.04-11.44.07:027][  0]LogEngine: Initializing Engine...
[2017.09.04-11.44.07:072][  0]LogHMD: Failed to initialize OpenVR with code 110
[2017.09.04-11.44.08:076][  0]LogStats: UGameplayTagsManager::ConstructGameplayTagTree: Construct from data asset -  0.000 s
[2017.09.04-11.44.08:077][  0]LogStats: UGameplayTagsManager::ConstructGameplayTagTree: GameplayTagTreeChangedEvent.Broadcast -  0.000 s
[2017.09.04-11.44.08:747][  0]LogAIModule: Creating AISystem for world Untitled
[2017.09.04-11.44.08:876][  0]LogInit: XAudio2 using '스피커(Realtek High Definition Audio(SST))' : 2 channels at 48 kHz using 32 bits per sample (channel mask 0x3)
[2017.09.04-11.44.08:903][  0]LogInit: FAudioDevice initialized.
[2017.09.04-11.44.09:064][  0]LogDerivedDataCache: Saved boot cache 0.16s 93MB C:/Users/J.W OH/AppData/Local/UnrealEngine/4.17/DerivedDataCache/Boot.ddc.
[2017.09.04-11.44.09:094][  0]LogInit: Texture streaming: Enabled
[2017.09.04-11.44.09:322][  0]LogEngineSessionManager: EngineSessionManager initialized
[2017.09.04-11.44.10:218][  0]LogInit: Transaction tracking system initialized
[2017.09.04-11.44.11:031][  0]BlueprintLog: New page: 에디터 로드
[2017.09.04-11.44.13:498][  0]LocalizationService: 현지화 서비스가 비활성화되었습니다.
[2017.09.04-11.44.15:617][  0]LogConsoleResponse: Display: 
[2017.09.04-11.44.19:664][  0]LogFileCache: Scanning file cache for directory 'D:/NewGarden/GardenProject/DaeguCasualGame/Running/Content/' took 0.14s
[2017.09.04-11.44.19:664][  0]LogCook: Display: Max memory allowance for cook 16384mb min free memory 0mb
[2017.09.04-11.44.19:664][  0]LogCook: Display: Mobile HDR setting 1
[2017.09.04-11.44.19:691][  0]LogGameplayTags: Display: UGameplayTagsManager::DoneAddingNativeTags. DelegateIsBound: 0
[2017.09.04-11.44.23:493][  0]SourceControl: 소스 콘트롤이 꺼졌습니다.
[2017.09.04-11.44.23:553][  0]Cmd: MAP LOAD FILE="../../../../../NewGarden/GardenProject/DaeguCasualGame/Running/Content/ThirdPersonBP/Maps/ThirdPersonExampleMap.umap" TEMPLATE=0 SHOWPROGRESS=1 FEATURELEVEL=3
[2017.09.04-11.44.23:710][  0]LightingResults: New page: 라이팅 빌드
[2017.09.04-11.44.23:943][  0]MapCheck: New page: 맵 체크
[2017.09.04-11.44.23:943][  0]LightingResults: New page: 라이팅 빌드
[2017.09.04-11.44.25:862][  0]LogAIModule: Creating AISystem for world ThirdPersonExampleMap
[2017.09.04-11.44.26:412][  0]LogEditorServer: Finished looking for orphan Actors (0.000 secs)
[2017.09.04-11.44.26:549][  0]Cmd: MAP CHECKDEP NOCLEARLOG
[2017.09.04-11.44.26:621][  0]MapCheck: 맵 체크 완료: 오류 0 회, 경고 0 회, 소요 시간 71.453ms.
[2017.09.04-11.44.26:621][  0]LogFileHelpers: Loading map 'ThirdPersonExampleMap' took 3.080
[2017.09.04-11.44.28:297][  0]LogCollectionManager: Loaded 0 collections in 0.024521 seconds
[2017.09.04-11.44.28:555][  0]LogFileCache: Scanning file cache for directory 'D:/NewGarden/GardenProject/DaeguCasualGame/Running/Saved/Collections/' took 0.01s
[2017.09.04-11.44.28:555][  0]LogFileCache: Scanning file cache for directory 'D:/NewGarden/GardenProject/DaeguCasualGame/Running/Content/Developers/JWOH/Collections/' took 0.01s
[2017.09.04-11.44.28:555][  0]LogFileCache: Scanning file cache for directory 'D:/NewGarden/GardenProject/DaeguCasualGame/Running/Content/Collections/' took 0.01s
[2017.09.04-11.44.28:555][  0]LogCollectionManager: Rebuilt the GUID cache for 0 collections in 0.000002 seconds
[2017.09.04-11.44.28:582][  0]LogContentBrowser: Native class hierarchy populated in 0.0147 seconds. Added 2386 classes and 500 folders.
[2017.09.04-11.44.28:785][  0]LogContentBrowser: Native class hierarchy updated for 'WidgetCarousel' in 0.0012 seconds. Added 0 classes and 0 folders.
[2017.09.04-11.44.30:113][  0]LogContentBrowser: Native class hierarchy updated for 'AddContentDialog' in 0.0008 seconds. Added 0 classes and 0 folders.
[2017.09.04-11.44.30:324][  0]LogContentBrowser: Native class hierarchy updated for 'SceneOutliner' in 0.0009 seconds. Added 1 classes and 2 folders.
[2017.09.04-11.44.31:776][  0]LogSlate: Took 0.050789 seconds to synchronously load lazily loaded font '../../../Engine/Content/Slate/Fonts/Roboto-Regular.ttf' (155K)
[2017.09.04-11.44.31:887][  0]LogSlate: Took 0.091998 seconds to synchronously load lazily loaded font '../../../Engine/Content/Slate/Fonts/NanumGothic.ttf' (4243K)
[2017.09.04-11.44.31:931][  0]LogSlate: Took 0.023309 seconds to synchronously load lazily loaded font '../../../Engine/Content/Slate/Fonts/Roboto-Bold.ttf' (160K)
[2017.09.04-11.44.32:064][  0]LogSlate: Took 0.017838 seconds to synchronously load lazily loaded font '../../../Engine/Content/Editor/Slate/Fonts/FontAwesome.ttf' (139K)
[2017.09.04-11.44.33:180][  0]LogRenderer: Reallocating scene render targets to support 1208x576 Format 10 NumSamples 1 (Frame:1).
[2017.09.04-11.44.35:609][  0]LogContentBrowser: Native class hierarchy updated for 'HierarchicalLODOutliner' in 0.0011 seconds. Added 1 classes and 2 folders.
[2017.09.04-11.44.35:609][  0]LogLoad: (Engine Initialization) Total time: 113.96 seconds
[2017.09.04-11.44.35:609][  0]LogLoad: (Engine Initialization) Total Blueprint compile time: 0.00 seconds
[2017.09.04-11.44.35:628][  0]LogExternalProfiler: Found external profiler: VSPerf
[2017.09.04-11.44.35:628][  0]LogExternalProfiler: Using external profiler: VSPerf
[2017.09.04-11.44.36:557][  0]LogContentStreaming: Texture pool size now 1000 MB
[2017.09.04-11.44.37:192][  1]LogSlate: Took 0.020536 seconds to synchronously load lazily loaded font '../../../Engine/Content/Slate/Fonts/Roboto-Light.ttf' (159K)
[2017.09.04-11.44.37:962][  4]LogAssetRegistry: Asset discovery search completed in 70.9075 seconds
[2017.09.04-11.44.37:973][  4]LogCollectionManager: Rebuilt the object cache for 0 collections in 0.000001 seconds (found 0 objects)
[2017.09.04-11.44.37:974][  4]LogCollectionManager: Fixed up redirectors for 0 collections in 0.000365 seconds (updated 0 objects)
[2017.09.04-11.47.01:016][918]LogSlate: Took 0.014741 seconds to synchronously load lazily loaded font '../../../Engine/Content/Slate/Fonts/Roboto-Light.ttf' (159K)
[2017.09.04-11.47.01:811][918]LogSlate: Took 0.000288 seconds to synchronously load lazily loaded font '../../../Engine/Content/Slate/Fonts/Roboto-Regular.ttf' (155K)
[2017.09.04-11.47.02:652][918]LogContentBrowser: Native class hierarchy updated for 'BlueprintGraph' in 0.0011 seconds. Added 113 classes and 0 folders.
[2017.09.04-11.47.06:005][918]LogSlate: Took 0.022338 seconds to synchronously load lazily loaded font '../../../Engine/Content/Editor/Slate/Fonts/Roboto-BoldCondensed.ttf' (158K)
[2017.09.04-11.47.19:159][323]LogSlate: Took 0.032837 seconds to synchronously load lazily loaded font '../../../Engine/Content/Editor/Slate/Fonts/Roboto-Italic.ttf' (157K)
[2017.09.04-11.47.37:783][237]LogActorFactory: Actor Factory created Cube
[2017.09.04-11.47.38:526][268]LogActorFactory: Actor Factory created Cube
[2017.09.04-11.47.49:394][850]LogTemp: Repeating last play command: 선택된 뷰포트
[2017.09.04-11.47.49:756][850]LogBlueprintUserMessages: Early PlayInEditor Detection: Level '/Game/ThirdPersonBP/Maps/ThirdPersonExampleMap.ThirdPersonExampleMap:PersistentLevel' has LevelScriptBlueprint '/Game/ThirdPersonBP/Maps/ThirdPersonExampleMap.ThirdPersonExampleMap:PersistentLevel.ThirdPersonExampleMap' with GeneratedClass '/Game/ThirdPersonBP/Maps/ThirdPersonExampleMap.ThirdPersonExampleMap_C' with ClassGeneratedBy '/Game/ThirdPersonBP/Maps/ThirdPersonExampleMap.ThirdPersonExampleMap:PersistentLevel.ThirdPersonExampleMap'
[2017.09.04-11.47.49:766][850]LogPlayLevel: PlayLevel: No blueprints needed recompiling
[2017.09.04-11.47.49:940][850]PIE: New page: PIE 세션: ThirdPersonExampleMap (2017. 9. 5. 오전 5:47:49)
[2017.09.04-11.47.49:964][850]LogPlayLevel: Creating play world package: /Game/ThirdPersonBP/Maps/UEDPIE_0_ThirdPersonExampleMap
[2017.09.04-11.47.50:032][850]LogPlayLevel: PIE: StaticDuplicateObject took: (0.068956s)
[2017.09.04-11.47.50:034][850]LogAIModule: Creating AISystem for world ThirdPersonExampleMap
[2017.09.04-11.47.50:034][850]LogPlayLevel: PIE: World Init took: (0.001280s)
[2017.09.04-11.47.50:047][850]LogPlayLevel: PIE: Created PIE world by copying editor world from /Game/ThirdPersonBP/Maps/ThirdPersonExampleMap.ThirdPersonExampleMap to /Game/ThirdPersonBP/Maps/UEDPIE_0_ThirdPersonExampleMap.ThirdPersonExampleMap (0.082741s)
[2017.09.04-11.47.50:161][850]LogInit: XAudio2 using '스피커(Realtek High Definition Audio(SST))' : 2 channels at 48 kHz using 32 bits per sample (channel mask 0x3)
[2017.09.04-11.47.50:175][850]LogInit: FAudioDevice initialized.
[2017.09.04-11.47.51:336][850]LogLoad: Game class is 'ThirdPersonGameMode_C'
[2017.09.04-11.47.51:693][850]LogWorld: Bringing World /Game/ThirdPersonBP/Maps/UEDPIE_0_ThirdPersonExampleMap.ThirdPersonExampleMap up for play (max tick rate 60) at 2017.09.04-20.47.51
[2017.09.04-11.47.51:725][850]LogWorld: Bringing up level for play took: 0.032440
[2017.09.04-11.47.52:117][850]LogContentBrowser: Native class hierarchy updated for 'MovieSceneCapture' in 0.0008 seconds. Added 11 classes and 0 folders.
[2017.09.04-11.47.52:343][850]PIE: /Game/ThirdPersonBP/Maps/UEDPIE_0_ThirdPersonExampleMap 에 대한 에디터에서 플레이 시작 시간: 2.726
[2017.09.04-11.47.52:344][850]LogBlueprintUserMessages: Late PlayInEditor Detection: Level '/Game/ThirdPersonBP/Maps/ThirdPersonExampleMap.ThirdPersonExampleMap:PersistentLevel' has LevelScriptBlueprint '/Game/ThirdPersonBP/Maps/ThirdPersonExampleMap.ThirdPersonExampleMap:PersistentLevel.ThirdPersonExampleMap' with GeneratedClass '/Game/ThirdPersonBP/Maps/ThirdPersonExampleMap.ThirdPersonExampleMap_C' with ClassGeneratedBy '/Game/ThirdPersonBP/Maps/ThirdPersonExampleMap.ThirdPersonExampleMap:PersistentLevel.ThirdPersonExampleMap'
[2017.09.04-11.48.01:385][271]LogWindowsTextInputMethodSystem: Display: IME system now activated using TSF (Microsoft 입력기).
[2017.09.04-11.48.01:768][271]LogBlueprintUserMessages: Early EndPlayMap Detection: Level '/Game/ThirdPersonBP/Maps/ThirdPersonExampleMap.ThirdPersonExampleMap:PersistentLevel' has LevelScriptBlueprint '/Game/ThirdPersonBP/Maps/ThirdPersonExampleMap.ThirdPersonExampleMap:PersistentLevel.ThirdPersonExampleMap' with GeneratedClass '/Game/ThirdPersonBP/Maps/ThirdPersonExampleMap.ThirdPersonExampleMap_C' with ClassGeneratedBy '/Game/ThirdPersonBP/Maps/ThirdPersonExampleMap.ThirdPersonExampleMap:PersistentLevel.ThirdPersonExampleMap'
[2017.09.04-11.48.01:859][271]LogBlueprintUserMessages: Late EndPlayMap Detection: Level '/Game/ThirdPersonBP/Maps/ThirdPersonExampleMap.ThirdPersonExampleMap:PersistentLevel' has LevelScriptBlueprint '/Game/ThirdPersonBP/Maps/ThirdPersonExampleMap.ThirdPersonExampleMap:PersistentLevel.ThirdPersonExampleMap' with GeneratedClass '/Game/ThirdPersonBP/Maps/ThirdPersonExampleMap.ThirdPersonExampleMap_C' with ClassGeneratedBy '/Game/ThirdPersonBP/Maps/ThirdPersonExampleMap.ThirdPersonExampleMap:PersistentLevel.ThirdPersonExampleMap'
[2017.09.04-11.48.02:162][272]Cmd: QUIT_EDITOR
[2017.09.04-11.48.03:053][272]LogExit: Preparing to exit.
[2017.09.04-11.48.04:098][272]LogDirectoryWatcher: A directory notification for 'D:/NewGarden/GardenProject/DaeguCasualGame/Running/Content/' was aborted.
[2017.09.04-11.48.04:274][272]LogExit: Editor shut down
[2017.09.04-11.48.04:286][272]LogExit: Transaction tracking system shut down
[2017.09.04-11.48.04:565][272]LogDirectoryWatcher: A directory notification for '../../../Engine/Content/' was aborted.
[2017.09.04-11.48.04:565][272]LogDirectoryWatcher: A directory notification for '../../../../../NewGarden/GardenProject/DaeguCasualGame/Running/Content/' was aborted.
[2017.09.04-11.48.04:565][272]LogDirectoryWatcher: A directory notification for '../../../Engine/Plugins/2D/Paper2D/Content/' was aborted.
[2017.09.04-11.48.04:565][272]LogDirectoryWatcher: A directory notification for '../../../Engine/Plugins/Runtime/Oculus/OculusVR/Content/' was aborted.
[2017.09.04-11.48.04:565][272]LogDirectoryWatcher: A directory notification for '../../../Engine/Plugins/Runtime/Steam/SteamVR/Content/' was aborted.
[2017.09.04-11.48.05:773][272]LogExit: Object subsystem successfully closed.
[2017.09.04-11.48.05:950][272]LogD3D11RHI: Shutdown
[2017.09.04-11.48.05:971][272]LogD3D11RHI: CleanupD3DDevice
[2017.09.04-11.48.06:106][272]LogD3D11RHI: ~FD3D11DynamicRHI
[2017.09.04-11.48.07:000][272]LogModuleManager: Shutting down and abandoning module MovieSceneCapture (536)
[2017.09.04-11.48.07:000][272]LogModuleManager: Shutting down and abandoning module BlueprintGraph (534)
[2017.09.04-11.48.07:000][272]LogModuleManager: Shutting down and abandoning module BlueprintProfiler (532)
[2017.09.04-11.48.07:058][272]LogModuleManager: Shutting down and abandoning module HierarchicalLODOutliner (530)
[2017.09.04-11.48.07:058][272]LogModuleManager: Shutting down and abandoning module SceneOutliner (528)
[2017.09.04-11.48.07:058][272]LogModuleManager: Shutting down and abandoning module AddContentDialog (526)
[2017.09.04-11.48.07:059][272]LogDirectoryWatcher: A directory notification for 'D:/UnrealEngine/UE_4.17/FeaturePacks/' was aborted.
[2017.09.04-11.48.07:060][272]LogModuleManager: Shutting down and abandoning module WidgetCarousel (525)
[2017.09.04-11.48.07:060][272]LogModuleManager: Shutting down and abandoning module EditorWidgets (522)
[2017.09.04-11.48.07:060][272]LogModuleManager: Shutting down and abandoning module CollectionManager (520)
[2017.09.04-11.48.07:060][272]LogDirectoryWatcher: A directory notification for 'D:/NewGarden/GardenProject/DaeguCasualGame/Running/Content/Collections/' was aborted.
[2017.09.04-11.48.07:060][272]LogDirectoryWatcher: A directory notification for 'D:/NewGarden/GardenProject/DaeguCasualGame/Running/Content/Developers/JWOH/Collections/' was aborted.
[2017.09.04-11.48.07:060][272]LogDirectoryWatcher: A directory notification for 'D:/NewGarden/GardenProject/DaeguCasualGame/Running/Saved/Collections/' was aborted.
[2017.09.04-11.48.07:060][272]LogModuleManager: Shutting down and abandoning module StatsViewer (518)
[2017.09.04-11.48.07:090][272]LogModuleManager: Shutting down and abandoning module FoliageEdit (516)
[2017.09.04-11.48.07:090][272]LogModuleManager: Shutting down and abandoning module LandscapeEditor (514)
[2017.09.04-11.48.07:104][272]LogModuleManager: Shutting down and abandoning module MeshPaintMode (512)
[2017.09.04-11.48.07:104][272]LogModuleManager: Shutting down and abandoning module SceneDepthPickerMode (510)
[2017.09.04-11.48.07:104][272]LogModuleManager: Shutting down and abandoning module ActorPickerMode (508)
[2017.09.04-11.48.07:104][272]LogModuleManager: Shutting down and abandoning module GeometryMode (506)
[2017.09.04-11.48.07:104][272]LogModuleManager: Shutting down and abandoning module TextureAlignMode (504)
[2017.09.04-11.48.07:104][272]LogModuleManager: Shutting down and abandoning module BspMode (502)
[2017.09.04-11.48.07:127][272]LogModuleManager: Shutting down and abandoning module PIEPreviewDeviceProfileSelector (500)
[2017.09.04-11.48.07:127][272]LogModuleManager: Shutting down and abandoning module HardwareSurvey (498)
[2017.09.04-11.48.07:127][272]LogModuleManager: Shutting down and abandoning module SequenceRecorderSections (496)
[2017.09.04-11.48.07:127][272]LogModuleManager: Shutting down and abandoning module AutomationWorker (494)
[2017.09.04-11.48.07:157][272]LogModuleManager: Shutting down and abandoning module MatineeToLevelSequence (492)
[2017.09.04-11.48.07:187][272]LogModuleManager: Shutting down and abandoning module LevelSequenceEditor (490)
[2017.09.04-11.48.07:330][272]LogModuleManager: Shutting down and abandoning module PlacementMode (489)
[2017.09.04-11.48.07:330][272]LogModuleManager: Shutting down and abandoning module WmfMediaFactory (486)
[2017.09.04-11.48.07:330][272]LogModuleManager: Shutting down and abandoning module WmfMediaEditor (484)
[2017.09.04-11.48.07:330][272]LogModuleManager: Shutting down and abandoning module AvfMediaFactory (482)
[2017.09.04-11.48.07:330][272]LogModuleManager: Shutting down and abandoning module AvfMediaEditor (480)
[2017.09.04-11.48.07:330][272]LogModuleManager: Shutting down and abandoning module AndroidMediaFactory (478)
[2017.09.04-11.48.07:330][272]LogModuleManager: Shutting down and abandoning module Media (477)
[2017.09.04-11.48.07:330][272]LogModuleManager: Shutting down and abandoning module AndroidMediaEditor (474)
[2017.09.04-11.48.07:330][272]LogModuleManager: Shutting down and abandoning module CharacterAI (472)
[2017.09.04-11.48.07:330][272]LogModuleManager: Shutting down and abandoning module AudioCapture (470)
[2017.09.04-11.48.07:330][272]LogModuleManager: Shutting down and abandoning module SequenceRecorder (469)
[2017.09.04-11.48.07:342][272]LogModuleManager: Shutting down and abandoning module SmartSnapping (466)
[2017.09.04-11.48.07:342][272]LogModuleManager: Shutting down and abandoning module SessionServices (464)
[2017.09.04-11.48.07:342][272]LogModuleManager: Shutting down and abandoning module ViewportSnapping (462)
[2017.09.04-11.48.07:342][272]LogModuleManager: Shutting down and abandoning module ViewportInteraction (460)
[2017.09.04-11.48.07:342][272]LogModuleManager: Shutting down and abandoning module ClothPainter (458)
[2017.09.04-11.48.07:362][272]LogModuleManager: Shutting down and abandoning module LogVisualizer (456)
[2017.09.04-11.48.07:386][272]LogModuleManager: Shutting down and abandoning module IntroTutorials (454)
[2017.09.04-11.48.07:395][272]LogModuleManager: Shutting down and abandoning module GameProjectGeneration (453)
[2017.09.04-11.48.07:613][272]LogModuleManager: Shutting down and abandoning module IOSPlatformEditor (450)
[2017.09.04-11.48.07:614][272]LogModuleManager: Shutting down and abandoning module HTML5PlatformEditor (448)
[2017.09.04-11.48.07:614][272]LogModuleManager: Shutting down and abandoning module AndroidPlatformEditor (446)
[2017.09.04-11.48.07:614][272]LogModuleManager: Shutting down and abandoning module AndroidDeviceDetection (445)
[2017.09.04-11.48.07:625][272]LogModuleManager: Shutting down and abandoning module WindowsPlatformEditor (442)
[2017.09.04-11.48.07:625][272]LogModuleManager: Shutting down and abandoning module IOSRuntimeSettings (440)
[2017.09.04-11.48.07:625][272]LogModuleManager: Shutting down and abandoning module AndroidRuntimeSettings (438)
[2017.09.04-11.48.07:625][272]LogModuleManager: Shutting down and abandoning module InputBindingEditor (436)
[2017.09.04-11.48.07:659][272]LogModuleManager: Shutting down and abandoning module MergeActors (434)
[2017.09.04-11.48.07:713][272]LogModuleManager: Shutting down and abandoning module SizeMap (432)
[2017.09.04-11.48.07:713][272]LogModuleManager: Shutting down and abandoning module TreeMap (430)
[2017.09.04-11.48.07:745][272]LogModuleManager: Shutting down and abandoning module ReferenceViewer (428)
[2017.09.04-11.48.07:745][272]LogModuleManager: Shutting down and abandoning module LocalizationDashboard (426)
[2017.09.04-11.48.07:823][272]LogModuleManager: Shutting down and abandoning module LocalizationService (425)
[2017.09.04-11.48.07:884][272]LogModuleManager: Shutting down and abandoning module HardwareTargeting (422)
[2017.09.04-11.48.07:884][272]LogModuleManager: Shutting down and abandoning module DeviceProfileEditor (420)
[2017.09.04-11.48.07:895][272]LogModuleManager: Shutting down and abandoning module UndoHistory (418)
[2017.09.04-11.48.07:895][272]LogModuleManager: Shutting down and abandoning module XmlParser (416)
[2017.09.04-11.48.07:895][272]LogModuleManager: Shutting down and abandoning module Blutility (414)
[2017.09.04-11.48.07:895][272]LogModuleManager: Shutting down and abandoning module ProjectSettingsViewer (412)
[2017.09.04-11.48.07:895][272]LogModuleManager: Shutting down and abandoning module ProjectTargetPlatformEditor (411)
[2017.09.04-11.48.07:896][272]LogModuleManager: Shutting down and abandoning module EditorSettingsViewer (408)
[2017.09.04-11.48.07:896][272]LogModuleManager: Shutting down and abandoning module SettingsEditor (406)
[2017.09.04-11.48.07:995][272]LogModuleManager: Shutting down and abandoning module ProjectLauncher (404)
[2017.09.04-11.48.08:019][272]LogModuleManager: Shutting down and abandoning module SessionFrontend (402)
[2017.09.04-11.48.08:045][272]LogModuleManager: Shutting down and abandoning module ProfilerClient (400)
[2017.09.04-11.48.08:080][272]LogModuleManager: Shutting down and abandoning module DeviceManager (398)
[2017.09.04-11.48.08:130][272]LogModuleManager: Shutting down and abandoning module TargetDeviceServices (397)
[2017.09.04-11.48.08:185][272]LogModuleManager: Shutting down and abandoning module AutomationController (394)
[2017.09.04-11.48.08:243][272]LogModuleManager: Shutting down and abandoning module AutomationWindow (392)
[2017.09.04-11.48.08:361][272]LogModuleManager: Shutting down and abandoning module Layers (390)
[2017.09.04-11.48.08:584][272]LogModuleManager: Shutting down and abandoning module ComponentVisualizers (388)
[2017.09.04-11.48.08:584][272]LogModuleManager: Shutting down and abandoning module DetailCustomizations (386)
[2017.09.04-11.48.08:584][272]LogModuleManager: Shutting down and abandoning module PackagesDialog (384)
[2017.09.04-11.48.08:584][272]LogModuleManager: Shutting down and abandoning module Persona (382)
[2017.09.04-11.48.08:817][272]LogModuleManager: Shutting down and abandoning module AdvancedPreviewScene (381)
[2017.09.04-11.48.08:817][272]LogModuleManager: Shutting down and abandoning module AnimGraph (379)
[2017.09.04-11.48.08:817][272]LogModuleManager: Shutting down and abandoning module Kismet (376)
[2017.09.04-11.48.08:863][272]LogModuleManager: Shutting down and abandoning module ClassViewer (374)
[2017.09.04-11.48.08:863][272]LogModuleManager: Shutting down and abandoning module Toolbox (372)
[2017.09.04-11.48.08:863][272]LogModuleManager: Shutting down and abandoning module ModuleUI (370)
[2017.09.04-11.48.08:878][272]LogModuleManager: Shutting down and abandoning module MovieSceneTools (368)
[2017.09.04-11.48.08:976][272]LogModuleManager: Shutting down and abandoning module OutputLog (366)
[2017.09.04-11.48.09:010][272]LogModuleManager: Shutting down and abandoning module GammaUI (364)
[2017.09.04-11.48.09:038][272]LogModuleManager: Shutting down and abandoning module Documentation (362)
[2017.09.04-11.48.09:038][272]LogModuleManager: Shutting down and abandoning module MovieSceneTracks (360)
[2017.09.04-11.48.09:038][272]LogModuleManager: Shutting down and abandoning module MovieScene (358)
[2017.09.04-11.48.09:092][272]LogModuleManager: Shutting down and abandoning module Niagara (356)
[2017.09.04-11.48.09:092][272]LogModuleManager: Shutting down and abandoning module NiagaraEditor (355)
[2017.09.04-11.48.09:467][272]LogModuleManager: Shutting down and abandoning module StreamingPauseRendering (352)
[2017.09.04-11.48.09:467][272]LogModuleManager: Shutting down and abandoning module LauncherPlatform (350)
[2017.09.04-11.48.09:467][272]LogModuleManager: Shutting down and abandoning module AnalyticsET (348)
[2017.09.04-11.48.09:467][272]LogModuleManager: Shutting down and abandoning module PortalServices (346)
[2017.09.04-11.48.09:467][272]LogModuleManager: Shutting down and abandoning module PortalRpc (344)
[2017.09.04-11.48.09:467][272]LogModuleManager: Shutting down and abandoning module MessagingRpc (342)
[2017.09.04-11.48.09:467][272]LogModuleManager: Shutting down and abandoning module AIModule (340)
[2017.09.04-11.48.09:467][272]LogModuleManager: Shutting down and abandoning module GameplayDebugger (339)
[2017.09.04-11.48.09:467][272]LogModuleManager: Shutting down and abandoning module AITestSuite (337)
[2017.09.04-11.48.09:543][272]LogModuleManager: Shutting down and abandoning module ProfilerService (334)
[2017.09.04-11.48.09:668][272]LogModuleManager: Shutting down and abandoning module TaskGraph (332)
[2017.09.04-11.48.09:753][272]LogModuleManager: Shutting down and abandoning module SteamVRController (330)
[2017.09.04-11.48.09:753][272]LogModuleManager: Shutting down and abandoning module ProceduralMeshComponentEditor (328)
[2017.09.04-11.48.09:753][272]LogModuleManager: Shutting down and abandoning module ProceduralMeshComponent (326)
[2017.09.04-11.48.09:753][272]LogModuleManager: Shutting down and abandoning module OculusInput (324)
[2017.09.04-11.48.09:753][272]LogModuleManager: Shutting down and abandoning module MobilePatchingUtils (322)
[2017.09.04-11.48.09:753][272]LogModuleManager: Shutting down and abandoning module CustomMeshComponent (320)
[2017.09.04-11.48.09:753][272]LogModuleManager: Shutting down and abandoning module CableComponent (318)
[2017.09.04-11.48.09:753][272]LogModuleManager: Shutting down and abandoning module ArchVisCharacter (316)
[2017.09.04-11.48.09:753][272]LogModuleManager: Shutting down and abandoning module AndroidPermission (314)
[2017.09.04-11.48.09:753][272]LogModuleManager: Shutting down and abandoning module MediaPlayerEditor (310)
[2017.09.04-11.48.10:040][272]LogModuleManager: Shutting down and abandoning module HTML5Networking (308)
[2017.09.04-11.48.10:040][272]LogModuleManager: Shutting down and abandoning module AlembicImporter (306)
[2017.09.04-11.48.10:085][272]LogModuleManager: Shutting down and abandoning module AlembicLibrary (305)
[2017.09.04-11.48.10:085][272]LogModuleManager: Shutting down and abandoning module GeometryCache (304)
[2017.09.04-11.48.10:085][272]LogModuleManager: Shutting down and abandoning module GeometryCacheEd (303)
[2017.09.04-11.48.10:085][272]LogModuleManager: Shutting down and abandoning module SpeedTreeImporter (298)
[2017.09.04-11.48.10:085][272]LogModuleManager: Shutting down and abandoning module PluginBrowser (296)
[2017.09.04-11.48.10:155][272]LogModuleManager: Shutting down and abandoning module MobileLauncherProfileWizard (294)
[2017.09.04-11.48.10:236][272]LogModuleManager: Shutting down and abandoning module VisualStudioSourceCodeAccess (292)
[2017.09.04-11.48.10:236][272]LogModuleManager: Shutting down and abandoning module DesktopPlatform (291)
[2017.09.04-11.48.10:268][272]LogModuleManager: Shutting down and abandoning module UObjectPlugin (288)
[2017.09.04-11.48.10:268][272]LogModuleManager: Shutting down and abandoning module SubversionSourceControl (286)
[2017.09.04-11.48.10:328][272]LogModuleManager: Shutting down and abandoning module PerforceSourceControl (284)
[2017.09.04-11.48.10:458][272]LogModuleManager: Shutting down and abandoning module GitSourceControl (282)
[2017.09.04-11.48.10:606][272]LogModuleManager: Shutting down and abandoning module SourceControl (281)
[2017.09.04-11.48.10:711][272]LogModuleManager: Shutting down and abandoning module LightPropagationVolumeEditor (278)
[2017.09.04-11.48.10:711][272]LogModuleManager: Shutting down and abandoning module PaperTiledImporter (276)
[2017.09.04-11.48.10:711][272]LogModuleManager: Shutting down and abandoning module PaperSpriteSheetImporter (274)
[2017.09.04-11.48.10:711][272]LogModuleManager: Shutting down and abandoning module Paper2DEditor (272)
[2017.09.04-11.48.10:842][272]LogModuleManager: Shutting down and abandoning module MeshPaint (271)
[2017.09.04-11.48.10:873][272]LogModuleManager: Shutting down and abandoning module LevelEditor (269)
[2017.09.04-11.48.10:906][272]LogModuleManager: Shutting down and abandoning module PixelInspectorModule (268)
[2017.09.04-11.48.10:976][272]LogModuleManager: Shutting down and abandoning module MainFrame (266)
[2017.09.04-11.48.10:976][272]LogModuleManager: Shutting down and abandoning module HotReload (265)
[2017.09.04-11.48.11:077][272]LogModuleManager: Shutting down and abandoning module RuntimePhysXCooking (260)
[2017.09.04-11.48.11:077][272]LogModuleManager: Shutting down and abandoning module PhysXVehiclesEditor (258)
[2017.09.04-11.48.11:077][272]LogModuleManager: Shutting down and abandoning module PhysXVehicles (256)
[2017.09.04-11.48.11:077][272]LogModuleManager: Shutting down and abandoning module OculusEditor (254)
[2017.09.04-11.48.11:077][272]LogModuleManager: Shutting down and abandoning module LocationServicesBPLibrary (252)
[2017.09.04-11.48.11:077][272]LogModuleManager: Shutting down and abandoning module ImmediatePhysicsEditor (250)
[2017.09.04-11.48.11:077][272]LogModuleManager: Shutting down and abandoning module ImmediatePhysics (248)
[2017.09.04-11.48.11:115][272]LogModuleManager: Shutting down and abandoning module UdpMessaging (246)
[2017.09.04-11.48.11:216][272]LogModuleManager: Shutting down and abandoning module TcpMessaging (244)
[2017.09.04-11.48.11:337][272]LogModuleManager: Shutting down and abandoning module GameplayTagsEditor (242)
[2017.09.04-11.48.11:612][272]LogModuleManager: Shutting down and abandoning module FacialAnimationEditor (240)
[2017.09.04-11.48.11:612][272]LogModuleManager: Shutting down and abandoning module FacialAnimation (238)
[2017.09.04-11.48.11:612][272]LogModuleManager: Shutting down and abandoning module AssetManagerEditor (236)
[2017.09.04-11.48.11:686][272]LogModuleManager: Shutting down and abandoning module GraphEditor (235)
[2017.09.04-11.48.11:686][272]LogModuleManager: Shutting down and abandoning module ContentBrowser (233)
[2017.09.04-11.48.11:688][272]LogModuleManager: Shutting down and abandoning module LightPropagationVolumeRuntime (230)
[2017.09.04-11.48.11:688][272]LogModuleManager: Shutting down and abandoning module Paper2D (228)
[2017.09.04-11.48.11:720][272]LogModuleManager: Shutting down and abandoning module WindowsMoviePlayer (226)
[2017.09.04-11.48.11:720][272]LogModuleManager: Shutting down and abandoning module WmfMedia (224)
[2017.09.04-11.48.11:720][272]LogModuleManager: Shutting down and abandoning module PacketHandler (222)
[2017.09.04-11.48.11:720][272]LogModuleManager: Shutting down and abandoning module ClothingSystemEditor (220)
[2017.09.04-11.48.11:720][272]LogModuleManager: Shutting down and abandoning module ClothingSystemRuntime (218)
[2017.09.04-11.48.11:838][272]LogModuleManager: Shutting down and abandoning module Overlay (216)
[2017.09.04-11.48.11:838][272]LogModuleManager: Shutting down and abandoning module OverlayEditor (215)
[2017.09.04-11.48.11:839][272]LogModuleManager: Shutting down and abandoning module MediaAssets (212)
[2017.09.04-11.48.11:839][272]LogModuleManager: Shutting down and abandoning module VREditor (210)
[2017.09.04-11.48.12:128][272]LogModuleManager: Shutting down and abandoning module StringTableEditor (208)
[2017.09.04-11.48.12:171][272]LogModuleManager: Shutting down and abandoning module GameplayTasksEditor (206)
[2017.09.04-11.48.12:172][272]LogModuleManager: Shutting down and abandoning module BehaviorTreeEditor (204)
[2017.09.04-11.48.12:282][272]LogModuleManager: Shutting down and abandoning module FunctionalTesting (202)
[2017.09.04-11.48.12:282][272]LogModuleManager: Shutting down and abandoning module CollisionAnalyzer (200)
[2017.09.04-11.48.12:350][272]LogModuleManager: Shutting down and abandoning module WorkspaceMenuStructure (199)
[2017.09.04-11.48.12:350][272]LogModuleManager: Shutting down and abandoning module UMG (196)
[2017.09.04-11.48.12:472][272]LogModuleManager: Shutting down and abandoning module UMGEditor (195)
[2017.09.04-11.48.12:632][272]LogModuleManager: Shutting down and abandoning module Sequencer (194)
[2017.09.04-11.48.12:674][272]LogModuleManager: Shutting down and abandoning module MessageLog (191)
[2017.09.04-11.48.12:674][272]LogModuleManager: Shutting down and abandoning module SlateReflector (186)
[2017.09.04-11.48.12:892][272]LogModuleManager: Shutting down and abandoning module Slate (184)
[2017.09.04-11.48.12:892][272]LogModuleManager: Shutting down and abandoning module EditorStyle (182)
[2017.09.04-11.48.12:894][272]LogModuleManager: Shutting down and abandoning module MRMesh (180)
[2017.09.04-11.48.12:894][272]LogModuleManager: Shutting down and abandoning module SourceCodeAccess (178)
[2017.09.04-11.48.12:894][272]LogModuleManager: Shutting down and abandoning module HeadMountedDisplay (176)
[2017.09.04-11.48.12:894][272]LogModuleManager: Shutting down and abandoning module XAudio2 (174)
[2017.09.04-11.48.12:894][272]LogModuleManager: Shutting down and abandoning module Networking (172)
[2017.09.04-11.48.12:894][272]LogModuleManager: Shutting down and abandoning module Core (168)
[2017.09.04-11.48.12:894][272]LogModuleManager: Shutting down and abandoning module KismetCompiler (164)
[2017.09.04-11.48.12:894][272]LogModuleManager: Shutting down and abandoning module LevelSequence (162)
[2017.09.04-11.48.12:894][272]LogModuleManager: Shutting down and abandoning module MeshUtilities (160)
[2017.09.04-11.48.12:995][272]LogModuleManager: Shutting down and abandoning module MeshMergeUtilities (159)
[2017.09.04-11.48.13:086][272]LogModuleManager: Shutting down and abandoning module MeshReductionInterface (158)
[2017.09.04-11.48.13:087][272]LogModuleManager: Shutting down and abandoning module SimplygonSwarm (157)
[2017.09.04-11.48.13:202][272]LogModuleManager: Shutting down and abandoning module SimplygonMeshReduction (155)
[2017.09.04-11.48.13:202][272]LogModuleManager: Shutting down and abandoning module QuadricMeshReduction (153)
[2017.09.04-11.48.13:202][272]LogModuleManager: Shutting down and abandoning module MaterialBaking (149)
[2017.09.04-11.48.13:266][272]LogModuleManager: Shutting down and abandoning module DirectoryWatcher (146)
[2017.09.04-11.48.13:269][272]LogModuleManager: Shutting down and abandoning module DerivedDataCache (144)
[2017.09.04-11.48.13:326][272]LogDerivedDataCache: Shutdown
[2017.09.04-11.48.13:341][272]LogModuleManager: Shutting down and abandoning module TargetPlatform (142)
[2017.09.04-11.48.13:341][272]LogModuleManager: Shutting down and abandoning module VulkanShaderFormat (141)
[2017.09.04-11.48.13:449][272]LogModuleManager: Shutting down and abandoning module ShaderFormatVectorVM (139)
[2017.09.04-11.48.13:461][272]LogModuleManager: Shutting down and abandoning module ShaderFormatOpenGL (137)
[2017.09.04-11.48.13:577][272]LogModuleManager: Shutting down and abandoning module ShaderFormatD3D (135)
[2017.09.04-11.48.13:577][272]LogModuleManager: Shutting down and abandoning module MetalShaderFormat (133)
[2017.09.04-11.48.13:591][272]LogModuleManager: Shutting down and abandoning module TextureFormatUncompressed (131)
[2017.09.04-11.48.13:591][272]LogModuleManager: Shutting down and abandoning module TextureFormatPVR (129)
[2017.09.04-11.48.13:591][272]LogModuleManager: Shutting down and abandoning module TextureFormatDXT (127)
[2017.09.04-11.48.13:591][272]LogModuleManager: Shutting down and abandoning module TextureFormatIntelISPCTexComp (125)
[2017.09.04-11.48.13:591][272]LogModuleManager: Shutting down and abandoning module TextureFormatASTC (123)
[2017.09.04-11.48.13:591][272]LogModuleManager: Shutting down and abandoning module ImageWrapper (122)
[2017.09.04-11.48.13:591][272]LogModuleManager: Shutting down and abandoning module TextureFormatAndroid (119)
[2017.09.04-11.48.13:591][272]LogModuleManager: Shutting down and abandoning module AudioFormatOpus (117)
[2017.09.04-11.48.13:591][272]LogModuleManager: Shutting down and abandoning module AudioFormatOgg (115)
[2017.09.04-11.48.13:591][272]LogModuleManager: Shutting down and abandoning module AudioFormatADPCM (113)
[2017.09.04-11.48.13:591][272]LogModuleManager: Shutting down and abandoning module LinuxTargetPlatform (111)
[2017.09.04-11.48.13:591][272]LogModuleManager: Shutting down and abandoning module LinuxServerTargetPlatform (109)
[2017.09.04-11.48.13:591][272]LogModuleManager: Shutting down and abandoning module LinuxNoEditorTargetPlatform (107)
[2017.09.04-11.48.13:591][272]LogModuleManager: Shutting down and abandoning module LinuxClientTargetPlatform (105)
[2017.09.04-11.48.13:591][272]LogModuleManager: Shutting down and abandoning module TVOSTargetPlatform (103)
[2017.09.04-11.48.13:591][272]LogModuleManager: Shutting down and abandoning module Messaging (101)
[2017.09.04-11.48.13:591][272]LogModuleManager: Shutting down and abandoning module IOSTargetPlatform (99)
[2017.09.04-11.48.13:592][272]LogModuleManager: Shutting down and abandoning module HTML5TargetPlatform (97)
[2017.09.04-11.48.13:592][272]LogModuleManager: Shutting down and abandoning module Android_PVRTCTargetPlatform (95)
[2017.09.04-11.48.13:592][272]LogModuleManager: Shutting down and abandoning module Android_MultiTargetPlatform (93)
[2017.09.04-11.48.13:592][272]LogModuleManager: Shutting down and abandoning module Android_ETC2TargetPlatform (91)
[2017.09.04-11.48.13:592][272]LogModuleManager: Shutting down and abandoning module Android_ETC1TargetPlatform (89)
[2017.09.04-11.48.13:592][272]LogModuleManager: Shutting down and abandoning module Android_DXTTargetPlatform (87)
[2017.09.04-11.48.13:592][272]LogModuleManager: Shutting down and abandoning module Android_ATCTargetPlatform (85)
[2017.09.04-11.48.13:592][272]LogModuleManager: Shutting down and abandoning module Android_ASTCTargetPlatform (83)
[2017.09.04-11.48.13:592][272]LogModuleManager: Shutting down and abandoning module AndroidTargetPlatform (81)
[2017.09.04-11.48.13:592][272]LogModuleManager: Shutting down and abandoning module WindowsTargetPlatform (79)
[2017.09.04-11.48.13:592][272]LogModuleManager: Shutting down and abandoning module WindowsServerTargetPlatform (77)
[2017.09.04-11.48.13:592][272]LogModuleManager: Shutting down and abandoning module WindowsNoEditorTargetPlatform (75)
[2017.09.04-11.48.13:592][272]LogModuleManager: Shutting down and abandoning module WindowsClientTargetPlatform (73)
[2017.09.04-11.48.13:592][272]LogModuleManager: Shutting down and abandoning module MacTargetPlatform (71)
[2017.09.04-11.48.13:592][272]LogModuleManager: Shutting down and abandoning module MacServerTargetPlatform (69)
[2017.09.04-11.48.13:592][272]LogModuleManager: Shutting down and abandoning module MacNoEditorTargetPlatform (67)
[2017.09.04-11.48.13:592][272]LogModuleManager: Shutting down and abandoning module MacClientTargetPlatform (65)
[2017.09.04-11.48.13:592][272]LogModuleManager: Shutting down and abandoning module AllDesktopTargetPlatform (63)
[2017.09.04-11.48.13:592][272]LogModuleManager: Shutting down and abandoning module InputCore (60)
[2017.09.04-11.48.13:592][272]LogModuleManager: Shutting down and abandoning module Settings (58)
[2017.09.04-11.48.13:592][272]LogModuleManager: Shutting down and abandoning module PhysXCooking (56)
[2017.09.04-11.48.13:592][272]LogModuleManager: Shutting down and abandoning module SteamVR (54)
[2017.09.04-11.48.13:592][272]LogModuleManager: Shutting down and abandoning module OculusHMD (52)
[2017.09.04-11.48.13:664][272]LogModuleManager: Shutting down and abandoning module ExampleDeviceProfileSelector (50)
[2017.09.04-11.48.13:664][272]LogModuleManager: Shutting down and abandoning module OnlineBlueprintSupport (48)
[2017.09.04-11.48.13:664][272]LogModuleManager: Shutting down and abandoning module OnlineSubsystem (44)
[2017.09.04-11.48.13:664][272]LogOnline: Display: Unloading online subsystem: NULL
[2017.09.04-11.48.13:694][272]LogModuleManager: Shutting down and abandoning module XMPP (43)
[2017.09.04-11.48.13:786][272]LogModuleManager: Shutting down and abandoning module HTTP (41)
[2017.09.04-11.48.13:786][272]LogHttp: Display: Http module shutting down, but needs to wait on 1 outstanding Http requests:
[2017.09.04-11.48.13:786][272]LogHttp: Display: 	verb=[POST] url=[https://datarouter.ol.epicgames.com/datarouter/api/v1/public/data?SessionID=%7B2C457A82-4157-F3B0-7213-30BDE8154E64%7D&AppID=UEEditor.Rocket.Release&AppVersion=4.17.1-3586342%2B%2B%2BUE4%2BRelease-4.17&UserID=2b4b9104449ff9352e6e79a22565f81d%7C7c7d6b3990ad4a62a4d878ae6b0c72dd%7Cdff5993a-bb95-44de-bad5-df2ac76192ca&AppEnvironment=datacollector-binary&UploadType=eteventstream] status=Processing
[2017.09.04-11.48.13:797][272]LogModuleManager: Shutting down and abandoning module SSL (40)
[2017.09.04-11.48.13:824][272]LogModuleManager: Shutting down and abandoning module AnimationModifiers (36)
[2017.09.04-11.48.13:913][272]LogModuleManager: Shutting down and abandoning module PropertyEditor (35)
[2017.09.04-11.48.13:913][272]LogModuleManager: Shutting down and abandoning module AudioEditor (32)
[2017.09.04-11.48.14:024][272]LogModuleManager: Shutting down and abandoning module TextureCompressor (30)
[2017.09.04-11.48.14:024][272]LogModuleManager: Shutting down and abandoning module ShaderCore (28)
[2017.09.04-11.48.14:024][272]LogModuleManager: Shutting down and abandoning module Landscape (26)
[2017.09.04-11.48.14:024][272]LogModuleManager: Shutting down and abandoning module SlateRHIRenderer (24)
[2017.09.04-11.48.14:127][272]LogModuleManager: Shutting down and abandoning module OpenGLDrv (22)
[2017.09.04-11.48.14:196][272]LogModuleManager: Shutting down and abandoning module D3D11RHI (20)
[2017.09.04-11.48.14:196][272]LogModuleManager: Shutting down and abandoning module AnimGraphRuntime (18)
[2017.09.04-11.48.14:197][272]LogModuleManager: Shutting down and abandoning module Renderer (16)
[2017.09.04-11.48.14:197][272]LogModuleManager: Shutting down and abandoning module Engine (14)
[2017.09.04-11.48.14:197][272]LogModuleManager: Shutting down and abandoning module CoreUObject (12)
[2017.09.04-11.48.14:197][272]LogModuleManager: Shutting down and abandoning module NetworkFile (10)
[2017.09.04-11.48.14:197][272]LogModuleManager: Shutting down and abandoning module CookedIterativeFile (8)
[2017.09.04-11.48.14:197][272]LogModuleManager: Shutting down and abandoning module StreamingFile (6)
[2017.09.04-11.48.14:197][272]LogModuleManager: Shutting down and abandoning module SandboxFile (4)
[2017.09.04-11.48.14:197][272]LogModuleManager: Shutting down and abandoning module PakFile (2)
[2017.09.04-11.48.14:287][272]LogExit: Exiting.
[2017.09.04-11.48.14:306][272]Log file closed, 09/04/17 20:48:14
